[GIN-debug] [WARNING] Creating an Engine instance with the Logger and Recovery middleware already attached.

[GIN-debug] [WARNING] Running in "debug" mode. Switch to "release" mode in production.
 - using env:	export GIN_MODE=release
 - using code:	gin.SetMode(gin.ReleaseMode)

[GIN-debug] GET    /static/*filepath         --> github.com/gin-gonic/gin.(*RouterGroup).createStaticHandler.func1 (3 handlers)
[GIN-debug] HEAD   /static/*filepath         --> github.com/gin-gonic/gin.(*RouterGroup).createStaticHandler.func1 (3 handlers)
[GIN-debug] GET    /file/download            --> filestore-server-study/service/download/api.DownLoadFile (4 handlers)
[GIN-debug] GET    /file/download/range      --> filestore-server-study/service/download/api.RangeDownload (4 handlers)
[GIN-debug] POST   /file/downloadurl         --> filestore-server-study/service/download/api.DownloadURL (4 handlers)
[GIN-debug] Listening and serving HTTP on 0.0.0.0:38080
2020-07-30 17:12:57.801220 I | Transport [http] Listening on [::]:45151
2020-07-30 17:12:57.801291 I | Broker [http] Connected to [::]:32811
2020-07-30 17:12:57.802702 I | Registry [consul] Registering node: go.micro.service.download-3b94c6b8-b37e-4cf6-8f98-999e88326dd3
2020-07-30 17:16:53.267501 I | Registry [consul] Deregistering node: go.micro.service.download-3b94c6b8-b37e-4cf6-8f98-999e88326dd3
[GIN-debug] [WARNING] Creating an Engine instance with the Logger and Recovery middleware already attached.

[GIN-debug] [WARNING] Running in "debug" mode. Switch to "release" mode in production.
 - using env:	export GIN_MODE=release
 - using code:	gin.SetMode(gin.ReleaseMode)

[GIN-debug] GET    /static/*filepath         --> github.com/gin-gonic/gin.(*RouterGroup).createStaticHandler.func1 (3 handlers)
[GIN-debug] HEAD   /static/*filepath         --> github.com/gin-gonic/gin.(*RouterGroup).createStaticHandler.func1 (3 handlers)
[GIN-debug] GET    /file/download            --> filestore-server-study/service/download/api.DownLoadFile (4 handlers)
[GIN-debug] GET    /file/download/range      --> filestore-server-study/service/download/api.RangeDownload (4 handlers)
[GIN-debug] POST   /file/downloadurl         --> filestore-server-study/service/download/api.DownloadURL (4 handlers)
[GIN-debug] Listening and serving HTTP on 0.0.0.0:38080
2020-07-30 17:17:01.381874 I | Transport [http] Listening on [::]:44407
2020-07-30 17:17:01.382135 I | Broker [http] Connected to [::]:39377
2020-07-30 17:17:01.384014 I | Registry [consul] Registering node: go.micro.service.download-eb3169cd-53bd-464b-85d9-b466a7c521f6
2020-07-30 17:20:05.484809 I | Registry [consul] Deregistering node: go.micro.service.download-eb3169cd-53bd-464b-85d9-b466a7c521f6
[GIN-debug] [WARNING] Creating an Engine instance with the Logger and Recovery middleware already attached.

[GIN-debug] [WARNING] Running in "debug" mode. Switch to "release" mode in production.
 - using env:	export GIN_MODE=release
 - using code:	gin.SetMode(gin.ReleaseMode)

[GIN-debug] GET    /static/*filepath         --> github.com/gin-gonic/gin.(*RouterGroup).createStaticHandler.func1 (3 handlers)
[GIN-debug] HEAD   /static/*filepath         --> github.com/gin-gonic/gin.(*RouterGroup).createStaticHandler.func1 (3 handlers)
[GIN-debug] GET    /file/download            --> filestore-server-study/service/download/api.DownLoadFile (4 handlers)
[GIN-debug] GET    /file/download/range      --> filestore-server-study/service/download/api.RangeDownload (4 handlers)
[GIN-debug] POST   /file/downloadurl         --> filestore-server-study/service/download/api.DownloadURL (4 handlers)
[GIN-debug] Listening and serving HTTP on 0.0.0.0:38080
2020-07-30 17:20:14.335601 I | Transport [http] Listening on [::]:45603
2020-07-30 17:20:14.335809 I | Broker [http] Connected to [::]:40213
2020-07-30 17:20:14.338584 I | Registry [consul] Registering node: go.micro.service.download-307ea8a9-0f05-477c-ab4e-470be4fa9f2f
2020-07-30 17:29:55.729692 I | Registry [consul] Deregistering node: go.micro.service.download-307ea8a9-0f05-477c-ab4e-470be4fa9f2f
[GIN-debug] [WARNING] Creating an Engine instance with the Logger and Recovery middleware already attached.

[GIN-debug] [WARNING] Running in "debug" mode. Switch to "release" mode in production.
 - using env:	export GIN_MODE=release
 - using code:	gin.SetMode(gin.ReleaseMode)

[GIN-debug] GET    /static/*filepath         --> github.com/gin-gonic/gin.(*RouterGroup).createStaticHandler.func1 (3 handlers)
[GIN-debug] HEAD   /static/*filepath         --> github.com/gin-gonic/gin.(*RouterGroup).createStaticHandler.func1 (3 handlers)
[GIN-debug] GET    /file/download            --> filestore-server-study/service/download/api.DownLoadFile (4 handlers)
[GIN-debug] GET    /file/download/range      --> filestore-server-study/service/download/api.RangeDownload (4 handlers)
[GIN-debug] POST   /file/downloadurl         --> filestore-server-study/service/download/api.DownloadURL (4 handlers)
[GIN-debug] Listening and serving HTTP on 0.0.0.0:38080
2020-07-30 17:30:25.915316 I | Transport [http] Listening on [::]:35617
2020-07-30 17:30:25.924871 I | Broker [http] Connected to [::]:43979
2020-07-30 17:30:25.927570 I | Registry [consul] Registering node: go.micro.service.download-caf301c1-9c38-4479-83fe-96763d42f838
2020-07-30 17:38:14.513962 I | Registry [consul] Deregistering node: go.micro.service.download-caf301c1-9c38-4479-83fe-96763d42f838
[GIN-debug] [WARNING] Creating an Engine instance with the Logger and Recovery middleware already attached.

[GIN-debug] [WARNING] Running in "debug" mode. Switch to "release" mode in production.
 - using env:	export GIN_MODE=release
 - using code:	gin.SetMode(gin.ReleaseMode)

[GIN-debug] GET    /static/*filepath         --> github.com/gin-gonic/gin.(*RouterGroup).createStaticHandler.func1 (3 handlers)
[GIN-debug] HEAD   /static/*filepath         --> github.com/gin-gonic/gin.(*RouterGroup).createStaticHandler.func1 (3 handlers)
[GIN-debug] GET    /file/download            --> filestore-server-study/service/download/api.DownLoadFile (4 handlers)
[GIN-debug] GET    /file/download/range      --> filestore-server-study/service/download/api.RangeDownload (4 handlers)
[GIN-debug] POST   /file/downloadurl         --> filestore-server-study/service/download/api.DownloadURL (4 handlers)
[GIN-debug] Listening and serving HTTP on 0.0.0.0:38080
2020-07-30 17:38:39.780965 I | Transport [http] Listening on [::]:39165
2020-07-30 17:38:39.781169 I | Broker [http] Connected to [::]:36289
2020-07-30 17:38:39.786431 I | Registry [consul] Registering node: go.micro.service.download-fe214550-2445-496a-be18-e329261456a1
2020-07-30 17:41:20.769799 I | Registry [consul] Deregistering node: go.micro.service.download-fe214550-2445-496a-be18-e329261456a1
[GIN-debug] [WARNING] Creating an Engine instance with the Logger and Recovery middleware already attached.

[GIN-debug] [WARNING] Running in "debug" mode. Switch to "release" mode in production.
 - using env:	export GIN_MODE=release
 - using code:	gin.SetMode(gin.ReleaseMode)

[GIN-debug] GET    /static/*filepath         --> github.com/gin-gonic/gin.(*RouterGroup).createStaticHandler.func1 (3 handlers)
[GIN-debug] HEAD   /static/*filepath         --> github.com/gin-gonic/gin.(*RouterGroup).createStaticHandler.func1 (3 handlers)
[GIN-debug] GET    /file/download            --> filestore-server-study/service/download/api.DownLoadFile (4 handlers)
[GIN-debug] GET    /file/download/range      --> filestore-server-study/service/download/api.RangeDownload (4 handlers)
[GIN-debug] POST   /file/downloadurl         --> filestore-server-study/service/download/api.DownloadURL (4 handlers)
[GIN-debug] Listening and serving HTTP on 0.0.0.0:38080
2020-07-30 17:42:09.281663 I | Transport [http] Listening on [::]:43357
2020-07-30 17:42:09.382991 I | Broker [http] Connected to [::]:40557
2020-07-30 17:42:09.386491 I | Registry [consul] Registering node: go.micro.service.download-c7c93323-e85a-4d5f-adb7-4d4c1c0b7424
2020-07-30 17:48:35.745952 I | Registry [consul] Deregistering node: go.micro.service.download-c7c93323-e85a-4d5f-adb7-4d4c1c0b7424
[GIN-debug] [WARNING] Creating an Engine instance with the Logger and Recovery middleware already attached.

[GIN-debug] [WARNING] Running in "debug" mode. Switch to "release" mode in production.
 - using env:	export GIN_MODE=release
 - using code:	gin.SetMode(gin.ReleaseMode)

[GIN-debug] GET    /static/*filepath         --> github.com/gin-gonic/gin.(*RouterGroup).createStaticHandler.func1 (3 handlers)
[GIN-debug] HEAD   /static/*filepath         --> github.com/gin-gonic/gin.(*RouterGroup).createStaticHandler.func1 (3 handlers)
[GIN-debug] GET    /file/download            --> filestore-server-study/service/download/api.DownLoadFile (4 handlers)
[GIN-debug] GET    /file/download/range      --> filestore-server-study/service/download/api.RangeDownload (4 handlers)
[GIN-debug] POST   /file/downloadurl         --> filestore-server-study/service/download/api.DownloadURL (4 handlers)
[GIN-debug] Listening and serving HTTP on 0.0.0.0:38080
2020-07-30 17:49:18.665593 I | Transport [http] Listening on [::]:35701
2020-07-30 17:49:18.666874 I | Broker [http] Connected to [::]:35871
2020-07-30 17:49:18.669976 I | Registry [consul] Registering node: go.micro.service.download-8ea93312-1dc1-4584-b390-a67f6e9e1e83
2020-07-30 18:22:22.393724 I | Registry [consul] Deregistering node: go.micro.service.download-8ea93312-1dc1-4584-b390-a67f6e9e1e83
[GIN-debug] [WARNING] Creating an Engine instance with the Logger and Recovery middleware already attached.

[GIN-debug] [WARNING] Running in "debug" mode. Switch to "release" mode in production.
 - using env:	export GIN_MODE=release
 - using code:	gin.SetMode(gin.ReleaseMode)

[GIN-debug] GET    /static/*filepath         --> github.com/gin-gonic/gin.(*RouterGroup).createStaticHandler.func1 (3 handlers)
[GIN-debug] HEAD   /static/*filepath         --> github.com/gin-gonic/gin.(*RouterGroup).createStaticHandler.func1 (3 handlers)
[GIN-debug] GET    /file/download            --> filestore-server-study/service/download/api.DownLoadFile (4 handlers)
[GIN-debug] GET    /file/download/range      --> filestore-server-study/service/download/api.RangeDownload (4 handlers)
[GIN-debug] POST   /file/downloadurl         --> filestore-server-study/service/download/api.DownloadURL (4 handlers)
[GIN-debug] Listening and serving HTTP on 0.0.0.0:38080
2020-07-30 18:22:55.113313 I | Transport [http] Listening on [::]:41201
2020-07-30 18:22:55.114618 I | Broker [http] Connected to [::]:38173
2020-07-30 18:22:55.116489 I | Registry [consul] Registering node: go.micro.service.download-36c6e3fe-70c5-46de-9866-bcc8485850dc
2020-07-30 18:54:22.540287 I | Registry [consul] Deregistering node: go.micro.service.download-36c6e3fe-70c5-46de-9866-bcc8485850dc
[GIN-debug] [WARNING] Creating an Engine instance with the Logger and Recovery middleware already attached.

[GIN-debug] [WARNING] Running in "debug" mode. Switch to "release" mode in production.
 - using env:	export GIN_MODE=release
 - using code:	gin.SetMode(gin.ReleaseMode)

[GIN-debug] GET    /static/*filepath         --> github.com/gin-gonic/gin.(*RouterGroup).createStaticHandler.func1 (3 handlers)
[GIN-debug] HEAD   /static/*filepath         --> github.com/gin-gonic/gin.(*RouterGroup).createStaticHandler.func1 (3 handlers)
[GIN-debug] GET    /file/download            --> filestore-server-study/service/download/api.DownLoadFile (4 handlers)
[GIN-debug] GET    /file/download/range      --> filestore-server-study/service/download/api.RangeDownload (4 handlers)
[GIN-debug] POST   /file/downloadurl         --> filestore-server-study/service/download/api.DownloadURL (4 handlers)
[GIN-debug] Listening and serving HTTP on 0.0.0.0:38080
2020-07-30 18:54:36.331438 I | Transport [http] Listening on [::]:33467
2020-07-30 18:54:36.331509 I | Broker [http] Connected to [::]:46557
2020-07-30 18:54:36.332721 I | Registry [consul] Registering node: go.micro.service.download-a2595bea-ff46-450f-bd8e-d4ef17c726f3
2020-07-30 19:09:21.966851 I | Registry [consul] Deregistering node: go.micro.service.download-a2595bea-ff46-450f-bd8e-d4ef17c726f3
[GIN-debug] [WARNING] Creating an Engine instance with the Logger and Recovery middleware already attached.

[GIN-debug] [WARNING] Running in "debug" mode. Switch to "release" mode in production.
 - using env:	export GIN_MODE=release
 - using code:	gin.SetMode(gin.ReleaseMode)

[GIN-debug] GET    /static/*filepath         --> github.com/gin-gonic/gin.(*RouterGroup).createStaticHandler.func1 (3 handlers)
[GIN-debug] HEAD   /static/*filepath         --> github.com/gin-gonic/gin.(*RouterGroup).createStaticHandler.func1 (3 handlers)
[GIN-debug] GET    /file/download            --> filestore-server-study/service/download/api.DownLoadFile (4 handlers)
[GIN-debug] GET    /file/download/range      --> filestore-server-study/service/download/api.RangeDownload (4 handlers)
[GIN-debug] POST   /file/downloadurl         --> filestore-server-study/service/download/api.DownloadURL (4 handlers)
[GIN-debug] Listening and serving HTTP on 0.0.0.0:38080
2020-07-30 19:10:17.886745 I | Transport [http] Listening on [::]:33225
2020-07-30 19:10:17.888082 I | Broker [http] Connected to [::]:41929
2020-07-30 19:10:17.890167 I | Registry [consul] Registering node: go.micro.service.download-b032b1b1-4ea7-41d2-a148-b383e66e2d1c
2020-07-30 19:24:21.982355 I | Registry [consul] Deregistering node: go.micro.service.download-b032b1b1-4ea7-41d2-a148-b383e66e2d1c
[GIN-debug] [WARNING] Creating an Engine instance with the Logger and Recovery middleware already attached.

[GIN-debug] [WARNING] Running in "debug" mode. Switch to "release" mode in production.
 - using env:	export GIN_MODE=release
 - using code:	gin.SetMode(gin.ReleaseMode)

[GIN-debug] GET    /static/*filepath         --> github.com/gin-gonic/gin.(*RouterGroup).createStaticHandler.func1 (3 handlers)
[GIN-debug] HEAD   /static/*filepath         --> github.com/gin-gonic/gin.(*RouterGroup).createStaticHandler.func1 (3 handlers)
[GIN-debug] GET    /file/download            --> filestore-server-study/service/download/api.DownLoadFile (4 handlers)
[GIN-debug] GET    /file/download/range      --> filestore-server-study/service/download/api.RangeDownload (4 handlers)
[GIN-debug] POST   /file/downloadurl         --> filestore-server-study/service/download/api.DownloadURL (4 handlers)
[GIN-debug] Listening and serving HTTP on 0.0.0.0:38080
2020-07-30 19:25:12.464533 I | Transport [http] Listening on [::]:40911
2020-07-30 19:25:12.466168 I | Broker [http] Connected to [::]:37473
2020-07-30 19:25:12.473749 I | Registry [consul] Registering node: go.micro.service.download-ade01f0e-1c72-49a3-a43f-be8abbcc131f
2020-07-30 20:22:14.864671 I | Registry [consul] Deregistering node: go.micro.service.download-ade01f0e-1c72-49a3-a43f-be8abbcc131f
[GIN-debug] [WARNING] Creating an Engine instance with the Logger and Recovery middleware already attached.

[GIN-debug] [WARNING] Running in "debug" mode. Switch to "release" mode in production.
 - using env:	export GIN_MODE=release
 - using code:	gin.SetMode(gin.ReleaseMode)

[GIN-debug] GET    /static/*filepath         --> github.com/gin-gonic/gin.(*RouterGroup).createStaticHandler.func1 (3 handlers)
[GIN-debug] HEAD   /static/*filepath         --> github.com/gin-gonic/gin.(*RouterGroup).createStaticHandler.func1 (3 handlers)
[GIN-debug] GET    /file/download            --> filestore-server-study/service/download/api.DownLoadFile (4 handlers)
[GIN-debug] GET    /file/download/range      --> filestore-server-study/service/download/api.RangeDownload (4 handlers)
[GIN-debug] POST   /file/downloadurl         --> filestore-server-study/service/download/api.DownloadURL (4 handlers)
[GIN-debug] Listening and serving HTTP on 0.0.0.0:38080
2020-07-30 20:22:54.038805 I | Transport [http] Listening on [::]:32881
2020-07-30 20:22:54.040090 I | Broker [http] Connected to [::]:34759
2020-07-30 20:22:54.042060 I | Registry [consul] Registering node: go.micro.service.download-67dc81f9-8031-423f-8367-9d600619e990
2020-07-30 20:39:49.251979 I | Registry [consul] Deregistering node: go.micro.service.download-67dc81f9-8031-423f-8367-9d600619e990
[GIN-debug] [WARNING] Creating an Engine instance with the Logger and Recovery middleware already attached.

[GIN-debug] [WARNING] Running in "debug" mode. Switch to "release" mode in production.
 - using env:	export GIN_MODE=release
 - using code:	gin.SetMode(gin.ReleaseMode)

[GIN-debug] GET    /static/*filepath         --> github.com/gin-gonic/gin.(*RouterGroup).createStaticHandler.func1 (3 handlers)
[GIN-debug] HEAD   /static/*filepath         --> github.com/gin-gonic/gin.(*RouterGroup).createStaticHandler.func1 (3 handlers)
[GIN-debug] GET    /file/download            --> filestore-server-study/service/download/api.DownLoadFile (4 handlers)
[GIN-debug] GET    /file/download/range      --> filestore-server-study/service/download/api.RangeDownload (4 handlers)
[GIN-debug] POST   /file/downloadurl         --> filestore-server-study/service/download/api.DownloadURL (4 handlers)
[GIN-debug] Listening and serving HTTP on 0.0.0.0:38080
2020-07-30 20:41:06.812955 I | Transport [http] Listening on [::]:43999
2020-07-30 20:41:06.813130 I | Broker [http] Connected to [::]:33413
2020-07-30 20:41:06.815147 I | Registry [consul] Registering node: go.micro.service.download-cca846c1-175a-4e9d-be77-a6039cbeb54d
2020-07-30 20:48:14.345085 I | Registry [consul] Deregistering node: go.micro.service.download-cca846c1-175a-4e9d-be77-a6039cbeb54d
[GIN-debug] [WARNING] Creating an Engine instance with the Logger and Recovery middleware already attached.

[GIN-debug] [WARNING] Running in "debug" mode. Switch to "release" mode in production.
 - using env:	export GIN_MODE=release
 - using code:	gin.SetMode(gin.ReleaseMode)

2020-07-30 20:48:29.179552 I | Transport [http] Listening on [::]:34441
[GIN-debug] GET    /static/*filepath         --> github.com/gin-gonic/gin.(*RouterGroup).createStaticHandler.func1 (3 handlers)
[GIN-debug] HEAD   /static/*filepath         --> github.com/gin-gonic/gin.(*RouterGroup).createStaticHandler.func1 (3 handlers)
[GIN-debug] GET    /file/download            --> filestore-server-study/service/download/api.DownLoadFile (4 handlers)
[GIN-debug] GET    /file/download/range      --> filestore-server-study/service/download/api.RangeDownload (4 handlers)
[GIN-debug] POST   /file/downloadurl         --> filestore-server-study/service/download/api.DownloadURL (4 handlers)
[GIN-debug] Listening and serving HTTP on 0.0.0.0:38080
2020-07-30 20:48:29.199210 I | Broker [http] Connected to [::]:45033
2020-07-30 20:48:29.202884 I | Registry [consul] Registering node: go.micro.service.download-3d24f4e2-4a91-4e87-aab5-efc2c71f39cd
2020-07-30 20:49:49.840377 I | Registry [consul] Deregistering node: go.micro.service.download-3d24f4e2-4a91-4e87-aab5-efc2c71f39cd
[GIN-debug] [WARNING] Creating an Engine instance with the Logger and Recovery middleware already attached.

[GIN-debug] [WARNING] Running in "debug" mode. Switch to "release" mode in production.
 - using env:	export GIN_MODE=release
 - using code:	gin.SetMode(gin.ReleaseMode)

[GIN-debug] GET    /static/*filepath         --> github.com/gin-gonic/gin.(*RouterGroup).createStaticHandler.func1 (3 handlers)
[GIN-debug] HEAD   /static/*filepath         --> github.com/gin-gonic/gin.(*RouterGroup).createStaticHandler.func1 (3 handlers)
[GIN-debug] GET    /file/download            --> filestore-server-study/service/download/api.DownLoadFile (4 handlers)
[GIN-debug] GET    /file/download/range      --> filestore-server-study/service/download/api.RangeDownload (4 handlers)
[GIN-debug] POST   /file/downloadurl         --> filestore-server-study/service/download/api.DownloadURL (4 handlers)
[GIN-debug] Listening and serving HTTP on 0.0.0.0:38080
2020-07-30 20:50:03.014941 I | Transport [http] Listening on [::]:46741
2020-07-30 20:50:03.016084 I | Broker [http] Connected to [::]:33587
2020-07-30 20:50:03.018002 I | Registry [consul] Registering node: go.micro.service.download-7ec45a3d-3f31-4b86-9a92-849a77ff339e
2020-07-30 20:53:32.207089 I | Registry [consul] Deregistering node: go.micro.service.download-7ec45a3d-3f31-4b86-9a92-849a77ff339e
2020-07-30 20:54:23.597876 I | Transport [http] Listening on [::]:35033
[GIN-debug] [WARNING] Creating an Engine instance with the Logger and Recovery middleware already attached.

[GIN-debug] [WARNING] Running in "debug" mode. Switch to "release" mode in production.
 - using env:	export GIN_MODE=release
 - using code:	gin.SetMode(gin.ReleaseMode)

2020-07-30 20:54:23.609600 I | Broker [http] Connected to [::]:36201
[GIN-debug] GET    /static/*filepath         --> github.com/gin-gonic/gin.(*RouterGroup).createStaticHandler.func1 (3 handlers)
[GIN-debug] HEAD   /static/*filepath         --> github.com/gin-gonic/gin.(*RouterGroup).createStaticHandler.func1 (3 handlers)
[GIN-debug] GET    /file/download            --> filestore-server-study/service/download/api.DownLoadFile (4 handlers)
[GIN-debug] GET    /file/download/range      --> filestore-server-study/service/download/api.RangeDownload (4 handlers)
[GIN-debug] POST   /file/downloadurl         --> filestore-server-study/service/download/api.DownloadURL (4 handlers)
[GIN-debug] Listening and serving HTTP on 0.0.0.0:38080
2020-07-30 20:54:23.611632 I | Registry [consul] Registering node: go.micro.service.download-a234455d-e38b-4069-8141-bf5dfc49c848
2020-07-30 20:56:42.461653 I | Registry [consul] Deregistering node: go.micro.service.download-a234455d-e38b-4069-8141-bf5dfc49c848
[GIN-debug] [WARNING] Creating an Engine instance with the Logger and Recovery middleware already attached.

[GIN-debug] [WARNING] Running in "debug" mode. Switch to "release" mode in production.
 - using env:	export GIN_MODE=release
 - using code:	gin.SetMode(gin.ReleaseMode)

[GIN-debug] GET    /static/*filepath         --> github.com/gin-gonic/gin.(*RouterGroup).createStaticHandler.func1 (3 handlers)
[GIN-debug] HEAD   /static/*filepath         --> github.com/gin-gonic/gin.(*RouterGroup).createStaticHandler.func1 (3 handlers)
[GIN-debug] GET    /file/download            --> filestore-server-study/service/download/api.DownLoadFile (4 handlers)
[GIN-debug] GET    /file/download/range      --> filestore-server-study/service/download/api.RangeDownload (4 handlers)
[GIN-debug] POST   /file/downloadurl         --> filestore-server-study/service/download/api.DownloadURL (4 handlers)
[GIN-debug] Listening and serving HTTP on 0.0.0.0:38080
2020-07-30 20:57:19.941120 I | Transport [http] Listening on [::]:44111
2020-07-30 20:57:19.941303 I | Broker [http] Connected to [::]:40417
2020-07-30 20:57:19.943502 I | Registry [consul] Registering node: go.micro.service.download-f03cb073-8c16-4160-bd2b-18631ccff5a7
2020-07-30 21:00:30.816478 I | Registry [consul] Deregistering node: go.micro.service.download-f03cb073-8c16-4160-bd2b-18631ccff5a7
[GIN-debug] [WARNING] Creating an Engine instance with the Logger and Recovery middleware already attached.

[GIN-debug] [WARNING] Running in "debug" mode. Switch to "release" mode in production.
 - using env:	export GIN_MODE=release
 - using code:	gin.SetMode(gin.ReleaseMode)

[GIN-debug] GET    /static/*filepath         --> github.com/gin-gonic/gin.(*RouterGroup).createStaticHandler.func1 (3 handlers)
[GIN-debug] HEAD   /static/*filepath         --> github.com/gin-gonic/gin.(*RouterGroup).createStaticHandler.func1 (3 handlers)
[GIN-debug] GET    /file/download            --> filestore-server-study/service/download/api.DownLoadFile (4 handlers)
[GIN-debug] GET    /file/download/range      --> filestore-server-study/service/download/api.RangeDownload (4 handlers)
[GIN-debug] POST   /file/downloadurl         --> filestore-server-study/service/download/api.DownloadURL (4 handlers)
[GIN-debug] Listening and serving HTTP on 0.0.0.0:38080
2020-07-30 21:01:22.335176 I | Transport [http] Listening on [::]:36863
2020-07-30 21:01:22.336216 I | Broker [http] Connected to [::]:40311
2020-07-30 21:01:22.338170 I | Registry [consul] Registering node: go.micro.service.download-a6365d47-9093-42b3-8ab3-ae58cd88c475
2020-07-30 21:04:49.187212 I | Registry [consul] Deregistering node: go.micro.service.download-a6365d47-9093-42b3-8ab3-ae58cd88c475
2020-07-30 21:05:42.051889 I | Transport [http] Listening on [::]:42585
[GIN-debug] [WARNING] Creating an Engine instance with the Logger and Recovery middleware already attached.

[GIN-debug] [WARNING] Running in "debug" mode. Switch to "release" mode in production.
 - using env:	export GIN_MODE=release
 - using code:	gin.SetMode(gin.ReleaseMode)

[GIN-debug] GET    /static/*filepath         --> github.com/gin-gonic/gin.(*RouterGroup).createStaticHandler.func1 (3 handlers)
2020-07-30 21:05:42.053785 I | Broker [http] Connected to [::]:40721
[GIN-debug] HEAD   /static/*filepath         --> github.com/gin-gonic/gin.(*RouterGroup).createStaticHandler.func1 (3 handlers)
[GIN-debug] GET    /file/download            --> filestore-server-study/service/download/api.DownLoadFile (4 handlers)
[GIN-debug] GET    /file/download/range      --> filestore-server-study/service/download/api.RangeDownload (4 handlers)
[GIN-debug] POST   /file/downloadurl         --> filestore-server-study/service/download/api.DownloadURL (4 handlers)
[GIN-debug] Listening and serving HTTP on 0.0.0.0:38080
2020-07-30 21:05:42.055949 I | Registry [consul] Registering node: go.micro.service.download-edb587c4-b42a-42fc-88a8-e2bf14d4795a
2020-07-30 21:29:36.804160 I | Registry [consul] Deregistering node: go.micro.service.download-edb587c4-b42a-42fc-88a8-e2bf14d4795a
[GIN-debug] [WARNING] Creating an Engine instance with the Logger and Recovery middleware already attached.

[GIN-debug] [WARNING] Running in "debug" mode. Switch to "release" mode in production.
 - using env:	export GIN_MODE=release
 - using code:	gin.SetMode(gin.ReleaseMode)

[GIN-debug] GET    /static/*filepath         --> github.com/gin-gonic/gin.(*RouterGroup).createStaticHandler.func1 (3 handlers)
[GIN-debug] HEAD   /static/*filepath         --> github.com/gin-gonic/gin.(*RouterGroup).createStaticHandler.func1 (3 handlers)
[GIN-debug] GET    /file/download            --> filestore-server-study/service/download/api.DownLoadFile (4 handlers)
[GIN-debug] GET    /file/download/range      --> filestore-server-study/service/download/api.RangeDownload (4 handlers)
[GIN-debug] POST   /file/downloadurl         --> filestore-server-study/service/download/api.DownloadURL (4 handlers)
[GIN-debug] Listening and serving HTTP on 0.0.0.0:38080
2020-07-30 22:58:48.334202 I | Transport [http] Listening on [::]:32945
2020-07-30 22:58:48.335193 I | Broker [http] Connected to [::]:42179
2020-07-30 22:58:48.336122 I | Registry [consul] Registering node: go.micro.service.download-c6e47638-0ae5-4ae3-9caf-b68ca3fcabe0
2020-07-30 23:04:10.131130 I | Registry [consul] Deregistering node: go.micro.service.download-c6e47638-0ae5-4ae3-9caf-b68ca3fcabe0
[GIN-debug] [WARNING] Creating an Engine instance with the Logger and Recovery middleware already attached.

[GIN-debug] [WARNING] Running in "debug" mode. Switch to "release" mode in production.
 - using env:	export GIN_MODE=release
 - using code:	gin.SetMode(gin.ReleaseMode)

[GIN-debug] GET    /static/*filepath         --> github.com/gin-gonic/gin.(*RouterGroup).createStaticHandler.func1 (3 handlers)
[GIN-debug] HEAD   /static/*filepath         --> github.com/gin-gonic/gin.(*RouterGroup).createStaticHandler.func1 (3 handlers)
[GIN-debug] POST   /file/download            --> filestore-server-study/service/download/api.DownLoadFile (4 handlers)
[GIN-debug] GET    /file/download/range      --> filestore-server-study/service/download/api.RangeDownload (4 handlers)
[GIN-debug] POST   /file/downloadurl         --> filestore-server-study/service/download/api.DownloadURL (4 handlers)
[GIN-debug] Listening and serving HTTP on 0.0.0.0:38080
2020-07-30 23:04:26.891276 I | Transport [http] Listening on [::]:42257
2020-07-30 23:04:26.891376 I | Broker [http] Connected to [::]:33829
2020-07-30 23:04:26.892453 I | Registry [consul] Registering node: go.micro.service.download-e46a40ee-04e5-4c30-9fce-1fc7ab53e38d
2020-07-30 23:18:16.569925 I | Registry [consul] Deregistering node: go.micro.service.download-e46a40ee-04e5-4c30-9fce-1fc7ab53e38d
[GIN-debug] [WARNING] Creating an Engine instance with the Logger and Recovery middleware already attached.

[GIN-debug] [WARNING] Running in "debug" mode. Switch to "release" mode in production.
 - using env:	export GIN_MODE=release
 - using code:	gin.SetMode(gin.ReleaseMode)

[GIN-debug] GET    /static/*filepath         --> github.com/gin-gonic/gin.(*RouterGroup).createStaticHandler.func1 (3 handlers)
[GIN-debug] HEAD   /static/*filepath         --> github.com/gin-gonic/gin.(*RouterGroup).createStaticHandler.func1 (3 handlers)
[GIN-debug] GET    /file/download            --> filestore-server-study/service/download/api.DownLoadFile (4 handlers)
[GIN-debug] GET    /file/download/range      --> filestore-server-study/service/download/api.RangeDownload (4 handlers)
[GIN-debug] POST   /file/downloadurl         --> filestore-server-study/service/download/api.DownloadURL (4 handlers)
[GIN-debug] Listening and serving HTTP on 0.0.0.0:38080
2020-07-30 23:18:30.478232 I | Transport [http] Listening on [::]:44063
2020-07-30 23:18:30.478310 I | Broker [http] Connected to [::]:36751
2020-07-30 23:18:30.481185 I | Registry [consul] Registering node: go.micro.service.download-d508e598-f422-45ea-93df-2064214516a1
2020-07-30 23:19:00.431348 I | Registry [consul] Deregistering node: go.micro.service.download-d508e598-f422-45ea-93df-2064214516a1
[GIN-debug] [WARNING] Creating an Engine instance with the Logger and Recovery middleware already attached.

[GIN-debug] [WARNING] Running in "debug" mode. Switch to "release" mode in production.
 - using env:	export GIN_MODE=release
 - using code:	gin.SetMode(gin.ReleaseMode)

[GIN-debug] GET    /static/*filepath         --> github.com/gin-gonic/gin.(*RouterGroup).createStaticHandler.func1 (3 handlers)
[GIN-debug] HEAD   /static/*filepath         --> github.com/gin-gonic/gin.(*RouterGroup).createStaticHandler.func1 (3 handlers)
[GIN-debug] GET    /file/download            --> filestore-server-study/service/download/api.DownLoadFile (4 handlers)
[GIN-debug] GET    /file/download/range      --> filestore-server-study/service/download/api.RangeDownload (4 handlers)
[GIN-debug] POST   /file/downloadurl         --> filestore-server-study/service/download/api.DownloadURL (4 handlers)
[GIN-debug] Listening and serving HTTP on 0.0.0.0:38080
2020-07-30 23:19:05.681623 I | Transport [http] Listening on [::]:38585
2020-07-30 23:19:05.681706 I | Broker [http] Connected to [::]:35243
2020-07-30 23:19:05.682733 I | Registry [consul] Registering node: go.micro.service.download-4fc9f9c8-f996-4f62-837d-194d1546a940
2020-07-30 23:20:21.386605 I | Registry [consul] Deregistering node: go.micro.service.download-4fc9f9c8-f996-4f62-837d-194d1546a940
[GIN-debug] [WARNING] Creating an Engine instance with the Logger and Recovery middleware already attached.

[GIN-debug] [WARNING] Running in "debug" mode. Switch to "release" mode in production.
 - using env:	export GIN_MODE=release
 - using code:	gin.SetMode(gin.ReleaseMode)

[GIN-debug] GET    /static/*filepath         --> github.com/gin-gonic/gin.(*RouterGroup).createStaticHandler.func1 (3 handlers)
[GIN-debug] HEAD   /static/*filepath         --> github.com/gin-gonic/gin.(*RouterGroup).createStaticHandler.func1 (3 handlers)
[GIN-debug] GET    /file/download            --> filestore-server-study/service/download/api.DownLoadFile (4 handlers)
[GIN-debug] GET    /file/download/range      --> filestore-server-study/service/download/api.RangeDownload (4 handlers)
[GIN-debug] POST   /file/downloadurl         --> filestore-server-study/service/download/api.DownloadURL (4 handlers)
[GIN-debug] Listening and serving HTTP on 0.0.0.0:38080
2020-07-30 23:20:36.239711 I | Transport [http] Listening on [::]:45331
2020-07-30 23:20:36.239834 I | Broker [http] Connected to [::]:46109
2020-07-30 23:20:36.240786 I | Registry [consul] Registering node: go.micro.service.download-41045cae-0943-4a55-bebb-ff165ef822db
2020-07-30 23:25:21.317366 I | Registry [consul] Deregistering node: go.micro.service.download-41045cae-0943-4a55-bebb-ff165ef822db
[GIN-debug] [WARNING] Creating an Engine instance with the Logger and Recovery middleware already attached.

[GIN-debug] [WARNING] Running in "debug" mode. Switch to "release" mode in production.
 - using env:	export GIN_MODE=release
 - using code:	gin.SetMode(gin.ReleaseMode)

[GIN-debug] GET    /static/*filepath         --> github.com/gin-gonic/gin.(*RouterGroup).createStaticHandler.func1 (3 handlers)
[GIN-debug] HEAD   /static/*filepath         --> github.com/gin-gonic/gin.(*RouterGroup).createStaticHandler.func1 (3 handlers)
[GIN-debug] GET    /file/download            --> filestore-server-study/service/download/api.DownLoadFile (4 handlers)
[GIN-debug] GET    /file/download/range      --> filestore-server-study/service/download/api.RangeDownload (4 handlers)
[GIN-debug] POST   /file/downloadurl         --> filestore-server-study/service/download/api.DownloadURL (4 handlers)
[GIN-debug] Listening and serving HTTP on 0.0.0.0:38080
2020-07-30 23:25:41.972169 I | Transport [http] Listening on [::]:37425
2020-07-30 23:25:41.976727 I | Broker [http] Connected to [::]:35015
2020-07-30 23:25:41.977972 I | Registry [consul] Registering node: go.micro.service.download-d3a6b5b9-7cc9-469b-bf90-a75116c2b1ee
2020-07-30 23:31:37.291285 I | Registry [consul] Deregistering node: go.micro.service.download-d3a6b5b9-7cc9-469b-bf90-a75116c2b1ee
[GIN-debug] [WARNING] Creating an Engine instance with the Logger and Recovery middleware already attached.

[GIN-debug] [WARNING] Running in "debug" mode. Switch to "release" mode in production.
 - using env:	export GIN_MODE=release
 - using code:	gin.SetMode(gin.ReleaseMode)

[GIN-debug] GET    /static/*filepath         --> github.com/gin-gonic/gin.(*RouterGroup).createStaticHandler.func1 (3 handlers)
[GIN-debug] HEAD   /static/*filepath         --> github.com/gin-gonic/gin.(*RouterGroup).createStaticHandler.func1 (3 handlers)
[GIN-debug] GET    /file/download            --> filestore-server-study/service/download/api.DownLoadFile (4 handlers)
[GIN-debug] GET    /file/download/range      --> filestore-server-study/service/download/api.RangeDownload (4 handlers)
[GIN-debug] POST   /file/downloadurl         --> filestore-server-study/service/download/api.DownloadURL (4 handlers)
[GIN-debug] Listening and serving HTTP on 0.0.0.0:38080
2020-07-30 23:31:54.708375 I | Transport [http] Listening on [::]:43897
2020-07-30 23:31:54.708871 I | Broker [http] Connected to [::]:45429
2020-07-30 23:31:54.713450 I | Registry [consul] Registering node: go.micro.service.download-366966e6-dc37-4a50-b020-5f043fc9290e
2020-07-30 23:33:23.159550 I | Registry [consul] Deregistering node: go.micro.service.download-366966e6-dc37-4a50-b020-5f043fc9290e
[GIN-debug] [WARNING] Creating an Engine instance with the Logger and Recovery middleware already attached.

[GIN-debug] [WARNING] Running in "debug" mode. Switch to "release" mode in production.
 - using env:	export GIN_MODE=release
 - using code:	gin.SetMode(gin.ReleaseMode)

[GIN-debug] GET    /static/*filepath         --> github.com/gin-gonic/gin.(*RouterGroup).createStaticHandler.func1 (3 handlers)
[GIN-debug] HEAD   /static/*filepath         --> github.com/gin-gonic/gin.(*RouterGroup).createStaticHandler.func1 (3 handlers)
[GIN-debug] GET    /file/download            --> filestore-server-study/service/download/api.DownLoadFile (4 handlers)
[GIN-debug] GET    /file/download/range      --> filestore-server-study/service/download/api.RangeDownload (4 handlers)
[GIN-debug] POST   /file/downloadurl         --> filestore-server-study/service/download/api.DownloadURL (4 handlers)
[GIN-debug] Listening and serving HTTP on 0.0.0.0:38080
2020-07-30 23:33:50.553193 I | Transport [http] Listening on [::]:41685
2020-07-30 23:33:50.553872 I | Broker [http] Connected to [::]:46019
2020-07-30 23:33:50.556868 I | Registry [consul] Registering node: go.micro.service.download-10a25c88-318e-406e-96b3-26b07b38d536
2020-07-30 23:47:27.230115 I | Registry [consul] Deregistering node: go.micro.service.download-10a25c88-318e-406e-96b3-26b07b38d536
[GIN-debug] [WARNING] Creating an Engine instance with the Logger and Recovery middleware already attached.

[GIN-debug] [WARNING] Running in "debug" mode. Switch to "release" mode in production.
 - using env:	export GIN_MODE=release
 - using code:	gin.SetMode(gin.ReleaseMode)

[GIN-debug] GET    /static/*filepath         --> github.com/gin-gonic/gin.(*RouterGroup).createStaticHandler.func1 (3 handlers)
[GIN-debug] HEAD   /static/*filepath         --> github.com/gin-gonic/gin.(*RouterGroup).createStaticHandler.func1 (3 handlers)
[GIN-debug] GET    /file/download            --> filestore-server-study/service/download/api.DownLoadFile (4 handlers)
[GIN-debug] GET    /file/download/range      --> filestore-server-study/service/download/api.RangeDownload (4 handlers)
[GIN-debug] POST   /file/downloadurl         --> filestore-server-study/service/download/api.DownloadURL (4 handlers)
[GIN-debug] Listening and serving HTTP on 0.0.0.0:38080
2020-07-30 23:48:19.042469 I | Transport [http] Listening on [::]:46369
2020-07-30 23:48:19.042800 I | Broker [http] Connected to [::]:33649
2020-07-30 23:48:19.045044 I | Registry [consul] Registering node: go.micro.service.download-3e912b10-b2ca-489a-9552-cb6e541cf8c7
2020-07-31 00:22:34.755941 I | Registry [consul] Deregistering node: go.micro.service.download-3e912b10-b2ca-489a-9552-cb6e541cf8c7
[GIN-debug] [WARNING] Creating an Engine instance with the Logger and Recovery middleware already attached.

[GIN-debug] [WARNING] Running in "debug" mode. Switch to "release" mode in production.
 - using env:	export GIN_MODE=release
 - using code:	gin.SetMode(gin.ReleaseMode)

[GIN-debug] GET    /static/*filepath         --> github.com/gin-gonic/gin.(*RouterGroup).createStaticHandler.func1 (3 handlers)
[GIN-debug] HEAD   /static/*filepath         --> github.com/gin-gonic/gin.(*RouterGroup).createStaticHandler.func1 (3 handlers)
[GIN-debug] GET    /file/download            --> filestore-server-study/service/download/api.DownLoadFile (4 handlers)
[GIN-debug] GET    /file/download/range      --> filestore-server-study/service/download/api.RangeDownload (4 handlers)
[GIN-debug] POST   /file/downloadurl         --> filestore-server-study/service/download/api.DownloadURL (4 handlers)
[GIN-debug] Listening and serving HTTP on 0.0.0.0:38080
2020-07-31 00:23:03.716514 I | Transport [http] Listening on [::]:40517
2020-07-31 00:23:03.718797 I | Broker [http] Connected to [::]:42125
2020-07-31 00:23:03.721802 I | Registry [consul] Registering node: go.micro.service.download-479ea63b-679a-45eb-a6d7-c04e053671ef
2020-07-31 00:25:29.729336 I | Registry [consul] Deregistering node: go.micro.service.download-479ea63b-679a-45eb-a6d7-c04e053671ef
[GIN-debug] [WARNING] Creating an Engine instance with the Logger and Recovery middleware already attached.

[GIN-debug] [WARNING] Running in "debug" mode. Switch to "release" mode in production.
 - using env:	export GIN_MODE=release
 - using code:	gin.SetMode(gin.ReleaseMode)

[GIN-debug] GET    /static/*filepath         --> github.com/gin-gonic/gin.(*RouterGroup).createStaticHandler.func1 (3 handlers)
[GIN-debug] HEAD   /static/*filepath         --> github.com/gin-gonic/gin.(*RouterGroup).createStaticHandler.func1 (3 handlers)
[GIN-debug] GET    /file/download            --> filestore-server-study/service/download/api.DownLoadFile (4 handlers)
[GIN-debug] GET    /file/download/range      --> filestore-server-study/service/download/api.RangeDownload (4 handlers)
[GIN-debug] POST   /file/downloadurl         --> filestore-server-study/service/download/api.DownloadURL (4 handlers)
[GIN-debug] Listening and serving HTTP on 0.0.0.0:38080
2020-07-31 00:25:55.620411 I | Transport [http] Listening on [::]:43055
2020-07-31 00:25:55.718490 I | Broker [http] Connected to [::]:44901
2020-07-31 00:25:55.722073 I | Registry [consul] Registering node: go.micro.service.download-93bba0e8-4fa4-4c3f-9833-39fb928ec50f
2020-07-31 00:27:33.051101 I | Registry [consul] Deregistering node: go.micro.service.download-93bba0e8-4fa4-4c3f-9833-39fb928ec50f
[GIN-debug] [WARNING] Creating an Engine instance with the Logger and Recovery middleware already attached.

[GIN-debug] [WARNING] Running in "debug" mode. Switch to "release" mode in production.
 - using env:	export GIN_MODE=release
 - using code:	gin.SetMode(gin.ReleaseMode)

[GIN-debug] GET    /static/*filepath         --> github.com/gin-gonic/gin.(*RouterGroup).createStaticHandler.func1 (3 handlers)
[GIN-debug] HEAD   /static/*filepath         --> github.com/gin-gonic/gin.(*RouterGroup).createStaticHandler.func1 (3 handlers)
[GIN-debug] GET    /file/download            --> filestore-server-study/service/download/api.DownLoadFile (4 handlers)
[GIN-debug] GET    /file/download/range      --> filestore-server-study/service/download/api.RangeDownload (4 handlers)
[GIN-debug] POST   /file/downloadurl         --> filestore-server-study/service/download/api.DownloadURL (4 handlers)
[GIN-debug] Listening and serving HTTP on 0.0.0.0:38080
2020-07-31 00:27:59.689272 I | Transport [http] Listening on [::]:44311
2020-07-31 00:27:59.690240 I | Broker [http] Connected to [::]:37883
2020-07-31 00:27:59.692380 I | Registry [consul] Registering node: go.micro.service.download-9ff0821a-b2d5-4574-9db0-998772eae977
2020-07-31 00:29:22.940170 I | Registry [consul] Deregistering node: go.micro.service.download-9ff0821a-b2d5-4574-9db0-998772eae977
[GIN-debug] [WARNING] Creating an Engine instance with the Logger and Recovery middleware already attached.

[GIN-debug] [WARNING] Running in "debug" mode. Switch to "release" mode in production.
 - using env:	export GIN_MODE=release
 - using code:	gin.SetMode(gin.ReleaseMode)

[GIN-debug] GET    /static/*filepath         --> github.com/gin-gonic/gin.(*RouterGroup).createStaticHandler.func1 (3 handlers)
[GIN-debug] HEAD   /static/*filepath         --> github.com/gin-gonic/gin.(*RouterGroup).createStaticHandler.func1 (3 handlers)
[GIN-debug] GET    /file/download            --> filestore-server-study/service/download/api.DownLoadFile (4 handlers)
[GIN-debug] GET    /file/download/range      --> filestore-server-study/service/download/api.RangeDownload (4 handlers)
[GIN-debug] POST   /file/downloadurl         --> filestore-server-study/service/download/api.DownloadURL (4 handlers)
[GIN-debug] Listening and serving HTTP on 0.0.0.0:38080
2020-07-31 00:29:46.298969 I | Transport [http] Listening on [::]:36935
2020-07-31 00:29:46.300044 I | Broker [http] Connected to [::]:41485
2020-07-31 00:29:46.302631 I | Registry [consul] Registering node: go.micro.service.download-69cfac2a-45bf-40d2-840b-2c90b70731c5
2020-07-31 00:37:04.778590 I | Registry [consul] Deregistering node: go.micro.service.download-69cfac2a-45bf-40d2-840b-2c90b70731c5
2020-07-31 00:37:30.063421 I | Transport [http] Listening on [::]:37643
[GIN-debug] [WARNING] Creating an Engine instance with the Logger and Recovery middleware already attached.

[GIN-debug] [WARNING] Running in "debug" mode. Switch to "release" mode in production.
 - using env:	export GIN_MODE=release
 - using code:	gin.SetMode(gin.ReleaseMode)

[GIN-debug] GET    /static/*filepath         --> github.com/gin-gonic/gin.(*RouterGroup).createStaticHandler.func1 (3 handlers)
[GIN-debug] HEAD   /static/*filepath         --> github.com/gin-gonic/gin.(*RouterGroup).createStaticHandler.func1 (3 handlers)
[GIN-debug] GET    /file/download            --> filestore-server-study/service/download/api.DownLoadFile (4 handlers)
[GIN-debug] GET    /file/download/range      --> filestore-server-study/service/download/api.RangeDownload (4 handlers)
[GIN-debug] POST   /file/downloadurl         --> filestore-server-study/service/download/api.DownloadURL (4 handlers)
[GIN-debug] Listening and serving HTTP on 0.0.0.0:38080
2020-07-31 00:37:30.074424 I | Broker [http] Connected to [::]:46365
2020-07-31 00:37:30.077139 I | Registry [consul] Registering node: go.micro.service.download-9510365d-48c5-40ec-ad2d-32956bfa1c83
赵薇熊：
[GIN] 2020/07/31 - 00:39:03 | 200 |   27.558879ms |       127.0.0.1 | POST     "/file/downloadurl?filehash=a64e9fede92c55932ce82d77891f77a1f015a9f1&username=admin&token=3d29be4a112be04b235d5f5e4877655d5f22f7a0"
2020-07-31 00:41:46.031802 I | Registry [consul] Deregistering node: go.micro.service.download-9510365d-48c5-40ec-ad2d-32956bfa1c83
2020-07-31 11:43:42.834442 I | Transport [http] Listening on [::]:41375
[GIN-debug] [WARNING] Creating an Engine instance with the Logger and Recovery middleware already attached.

[GIN-debug] [WARNING] Running in "debug" mode. Switch to "release" mode in production.
 - using env:	export GIN_MODE=release
 - using code:	gin.SetMode(gin.ReleaseMode)

[GIN-debug] GET    /static/*filepath         --> github.com/gin-gonic/gin.(*RouterGroup).createStaticHandler.func1 (3 handlers)
[GIN-debug] HEAD   /static/*filepath         --> github.com/gin-gonic/gin.(*RouterGroup).createStaticHandler.func1 (3 handlers)
[GIN-debug] GET    /file/download            --> filestore-server-study/service/download/api.DownLoadFile (4 handlers)
[GIN-debug] GET    /file/download/range      --> filestore-server-study/service/download/api.RangeDownload (4 handlers)
[GIN-debug] POST   /file/downloadurl         --> filestore-server-study/service/download/api.DownloadURL (4 handlers)
2020-07-31 11:43:42.848608 I | Broker [http] Connected to [::]:38921
[GIN-debug] Listening and serving HTTP on 0.0.0.0:38080
2020-07-31 11:43:42.854826 I | Registry [consul] Registering node: go.micro.service.download-251132b9-9d3e-4d47-946d-c8622de26124
2020-07-31 11:46:44.363590 I | Registry [consul] Deregistering node: go.micro.service.download-251132b9-9d3e-4d47-946d-c8622de26124
[GIN-debug] [WARNING] Creating an Engine instance with the Logger and Recovery middleware already attached.

[GIN-debug] [WARNING] Running in "debug" mode. Switch to "release" mode in production.
 - using env:	export GIN_MODE=release
 - using code:	gin.SetMode(gin.ReleaseMode)

[GIN-debug] GET    /static/*filepath         --> github.com/gin-gonic/gin.(*RouterGroup).createStaticHandler.func1 (3 handlers)
[GIN-debug] HEAD   /static/*filepath         --> github.com/gin-gonic/gin.(*RouterGroup).createStaticHandler.func1 (3 handlers)
[GIN-debug] GET    /file/download            --> filestore-server-study/service/download/api.DownLoadFile (4 handlers)
[GIN-debug] GET    /file/download/range      --> filestore-server-study/service/download/api.RangeDownload (4 handlers)
[GIN-debug] POST   /file/downloadurl         --> filestore-server-study/service/download/api.DownloadURL (4 handlers)
[GIN-debug] Listening and serving HTTP on 0.0.0.0:38080
2020-07-31 11:46:50.491525 I | Transport [http] Listening on [::]:39997
2020-07-31 11:46:50.491634 I | Broker [http] Connected to [::]:38771
2020-07-31 11:46:50.493593 I | Registry [consul] Registering node: go.micro.service.download-53d5daa7-0ca9-4789-a805-669592201504
2020-07-31 11:50:48.903469 I | Registry [consul] Deregistering node: go.micro.service.download-53d5daa7-0ca9-4789-a805-669592201504
[GIN-debug] [WARNING] Creating an Engine instance with the Logger and Recovery middleware already attached.

[GIN-debug] [WARNING] Running in "debug" mode. Switch to "release" mode in production.
 - using env:	export GIN_MODE=release
 - using code:	gin.SetMode(gin.ReleaseMode)

[GIN-debug] GET    /static/*filepath         --> github.com/gin-gonic/gin.(*RouterGroup).createStaticHandler.func1 (3 handlers)
[GIN-debug] HEAD   /static/*filepath         --> github.com/gin-gonic/gin.(*RouterGroup).createStaticHandler.func1 (3 handlers)
[GIN-debug] GET    /file/download            --> filestore-server-study/service/download/api.DownLoadFile (4 handlers)
[GIN-debug] GET    /file/download/range      --> filestore-server-study/service/download/api.RangeDownload (4 handlers)
[GIN-debug] POST   /file/downloadurl         --> filestore-server-study/service/download/api.DownloadURL (4 handlers)
[GIN-debug] Listening and serving HTTP on 0.0.0.0:38080
2020-07-31 11:51:50.707094 I | Transport [http] Listening on [::]:44973
2020-07-31 11:51:50.712225 I | Broker [http] Connected to [::]:34383
2020-07-31 11:51:50.716685 I | Registry [consul] Registering node: go.micro.service.download-d8b31ea6-45e0-4b5e-b0c9-dff21fcf9876
2020-07-31 11:58:16.740904 I | Registry [consul] Deregistering node: go.micro.service.download-d8b31ea6-45e0-4b5e-b0c9-dff21fcf9876
[GIN-debug] [WARNING] Creating an Engine instance with the Logger and Recovery middleware already attached.

[GIN-debug] [WARNING] Running in "debug" mode. Switch to "release" mode in production.
 - using env:	export GIN_MODE=release
 - using code:	gin.SetMode(gin.ReleaseMode)

[GIN-debug] GET    /static/*filepath         --> github.com/gin-gonic/gin.(*RouterGroup).createStaticHandler.func1 (3 handlers)
[GIN-debug] HEAD   /static/*filepath         --> github.com/gin-gonic/gin.(*RouterGroup).createStaticHandler.func1 (3 handlers)
[GIN-debug] GET    /file/download            --> filestore-server-study/service/download/api.DownLoadFile (4 handlers)
[GIN-debug] GET    /file/download/range      --> filestore-server-study/service/download/api.RangeDownload (4 handlers)
[GIN-debug] POST   /file/downloadurl         --> filestore-server-study/service/download/api.DownloadURL (4 handlers)
[GIN-debug] Listening and serving HTTP on 0.0.0.0:38080
2020-07-31 13:02:23.676380 I | Transport [http] Listening on [::]:42493
2020-07-31 13:02:23.689459 I | Broker [http] Connected to [::]:43855
2020-07-31 13:02:23.697221 I | Registry [consul] Registering node: go.micro.service.download-18c31e88-511c-43d0-87b7-b3211e1a9749
2020-07-31 13:02:36.017053 I | Registry [consul] Deregistering node: go.micro.service.download-18c31e88-511c-43d0-87b7-b3211e1a9749
