2020-07-30 17:12:59.832886 I | 文件转移服务启动中，开始监听转移任务队列...
2020-07-30 17:12:59.833005 I | 开始监听转移消息队列
2020-07-30 17:12:59.837488 I | Transport [http] Listening on [::]:33295
2020-07-30 17:12:59.837715 I | Broker [http] Connected to [::]:33569
2020-07-30 17:12:59.838852 I | Registry [consul] Registering node: go.micro.service.transfer-c50c5478-0e01-40a3-8f2e-c827e6e6b0f3
2020-07-30 17:16:54.321926 I | Registry [consul] Deregistering node: go.micro.service.transfer-c50c5478-0e01-40a3-8f2e-c827e6e6b0f3
2020-07-30 17:17:03.414726 I | 文件转移服务启动中，开始监听转移任务队列...
2020-07-30 17:17:03.414847 I | 开始监听转移消息队列
2020-07-30 17:17:03.427079 I | Transport [http] Listening on [::]:43769
2020-07-30 17:17:03.427263 I | Broker [http] Connected to [::]:35521
2020-07-30 17:17:03.428949 I | Registry [consul] Registering node: go.micro.service.transfer-11ff1901-f367-45de-8412-b289e259c3aa
2020-07-30 17:20:06.567901 I | Registry [consul] Deregistering node: go.micro.service.transfer-11ff1901-f367-45de-8412-b289e259c3aa
2020-07-30 17:20:16.445150 I | 文件转移服务启动中，开始监听转移任务队列...
2020-07-30 17:20:16.445409 I | 开始监听转移消息队列
2020-07-30 17:20:16.459276 I | Transport [http] Listening on [::]:37033
2020-07-30 17:20:16.459944 I | Broker [http] Connected to [::]:43585
2020-07-30 17:20:16.464548 I | Registry [consul] Registering node: go.micro.service.transfer-0e828ecf-a797-404c-babd-8b0b22a6dc1c
2020-07-30 17:29:56.836135 I | Registry [consul] Deregistering node: go.micro.service.transfer-0e828ecf-a797-404c-babd-8b0b22a6dc1c
2020-07-30 17:30:28.088192 I | 文件转移服务启动中，开始监听转移任务队列...
2020-07-30 17:30:28.088281 I | 开始监听转移消息队列
2020-07-30 17:30:28.122885 I | Transport [http] Listening on [::]:40565
2020-07-30 17:30:28.126349 I | Broker [http] Connected to [::]:39533
2020-07-30 17:30:28.131981 I | Registry [consul] Registering node: go.micro.service.transfer-7d51297c-4f01-4c0c-9828-6de620bf65f3
2020-07-30 17:38:15.607884 I | Registry [consul] Deregistering node: go.micro.service.transfer-7d51297c-4f01-4c0c-9828-6de620bf65f3
2020-07-30 17:38:41.683641 I | 文件转移服务启动中，开始监听转移任务队列...
2020-07-30 17:38:41.696589 I | 开始监听转移消息队列
2020-07-30 17:38:41.720100 I | Transport [http] Listening on [::]:41907
2020-07-30 17:38:41.721426 I | Broker [http] Connected to [::]:35811
2020-07-30 17:38:41.726852 I | Registry [consul] Registering node: go.micro.service.transfer-3b9f7b70-5736-4a53-849b-d1433d84bc69
2020-07-30 17:41:22.002261 I | Registry [consul] Deregistering node: go.micro.service.transfer-3b9f7b70-5736-4a53-849b-d1433d84bc69
2020-07-30 17:42:11.445895 I | 文件转移服务启动中，开始监听转移任务队列...
2020-07-30 17:42:11.460379 I | 开始监听转移消息队列
2020-07-30 17:42:11.467269 I | Transport [http] Listening on [::]:38679
2020-07-30 17:42:11.470774 I | Broker [http] Connected to [::]:38625
2020-07-30 17:42:11.473699 I | Registry [consul] Registering node: go.micro.service.transfer-85091bb5-b971-4fee-b310-16a801e49905
2020-07-30 17:48:36.948384 I | Registry [consul] Deregistering node: go.micro.service.transfer-85091bb5-b971-4fee-b310-16a801e49905
2020-07-30 17:49:20.917227 I | 文件转移服务启动中，开始监听转移任务队列...
2020-07-30 17:49:20.919705 I | 开始监听转移消息队列
2020-07-30 17:49:20.941613 I | Transport [http] Listening on [::]:40129
2020-07-30 17:49:20.955172 I | Broker [http] Connected to [::]:46497
2020-07-30 17:49:20.958312 I | Registry [consul] Registering node: go.micro.service.transfer-3a1e9b63-6c82-460d-ad40-3061ed22355d
2020-07-30 18:22:23.497905 I | Registry [consul] Deregistering node: go.micro.service.transfer-3a1e9b63-6c82-460d-ad40-3061ed22355d
2020-07-30 18:22:57.140917 I | 文件转移服务启动中，开始监听转移任务队列...
2020-07-30 18:22:57.143497 I | 开始监听转移消息队列
2020-07-30 18:22:57.166378 I | Transport [http] Listening on [::]:42335
2020-07-30 18:22:57.167832 I | Broker [http] Connected to [::]:42593
2020-07-30 18:22:57.170074 I | Registry [consul] Registering node: go.micro.service.transfer-4f75d751-9f53-4add-aafc-021ba123c1b9
2020-07-30 18:35:38.220470 I | {"FileHash":"a0c9940a9db615ae166f2e3fbf9c719270b99792","CurLocation":"/data/fileserver_tmp/slave.conf","DestLocation":"oss/a0c9940a9db615ae166f2e3fbf9c719270b99792","DestStoreType":3}
2020-07-30 18:49:33.461110 I | {"FileHash":"a0c9940a9db615ae166f2e3fbf9c719270b99792","CurLocation":"/data/fileserver_tmp/slave.conf","DestLocation":"oss/a0c9940a9db615ae166f2e3fbf9c719270b99792","DestStoreType":3}
data already exist, a0c9940a9db615ae166f2e3fbf9c719270b99792
2020-07-30 18:50:46.929814 I | {"FileHash":"a0c9940a9db615ae166f2e3fbf9c719270b99792","CurLocation":"/data/fileserver_tmp/slave.conf","DestLocation":"oss/a0c9940a9db615ae166f2e3fbf9c719270b99792","DestStoreType":3}
data already exist, a0c9940a9db615ae166f2e3fbf9c719270b99792
2020-07-30 18:51:30.455081 I | {"FileHash":"c536e325231ccfb30f3333a9754fa70b84ef1365","CurLocation":"/data/fileserver_tmp/a.log","DestLocation":"oss/c536e325231ccfb30f3333a9754fa70b84ef1365","DestStoreType":3}
2020-07-30 18:52:07.994747 I | {"FileHash":"ab7c052d33ce8424a58f87f985dadaab6deb3127","CurLocation":"/data/fileserver_tmp/local.log","DestLocation":"oss/ab7c052d33ce8424a58f87f985dadaab6deb3127","DestStoreType":3}
2020-07-30 18:54:23.599949 I | Registry [consul] Deregistering node: go.micro.service.transfer-4f75d751-9f53-4add-aafc-021ba123c1b9
2020-07-30 18:54:38.405908 I | 文件转移服务启动中，开始监听转移任务队列...
2020-07-30 18:54:38.405961 I | 开始监听转移消息队列
2020-07-30 18:54:38.410893 I | Transport [http] Listening on [::]:39235
2020-07-30 18:54:38.411761 I | Broker [http] Connected to [::]:46149
2020-07-30 18:54:38.412722 I | Registry [consul] Registering node: go.micro.service.transfer-a72d7166-fda8-4b28-a10d-497229a6c03f
2020-07-30 18:55:38.878123 I | {"FileHash":"ab7c052d33ce8424a58f87f985dadaab6deb3127","CurLocation":"/data/fileserver_tmp/local.log","DestLocation":"oss/ab7c052d33ce8424a58f87f985dadaab6deb3127","DestStoreType":3}
data already exist, ab7c052d33ce8424a58f87f985dadaab6deb3127
2020-07-30 18:55:52.353161 I | {"FileHash":"c536e325231ccfb30f3333a9754fa70b84ef1365","CurLocation":"/data/fileserver_tmp/a.log","DestLocation":"oss/c536e325231ccfb30f3333a9754fa70b84ef1365","DestStoreType":3}
data already exist, c536e325231ccfb30f3333a9754fa70b84ef1365
2020-07-30 19:09:23.104569 I | Registry [consul] Deregistering node: go.micro.service.transfer-a72d7166-fda8-4b28-a10d-497229a6c03f
2020-07-30 19:10:19.929457 I | 文件转移服务启动中，开始监听转移任务队列...
2020-07-30 19:10:19.930262 I | 开始监听转移消息队列
2020-07-30 19:10:19.951791 I | Transport [http] Listening on [::]:42705
2020-07-30 19:10:19.953408 I | Broker [http] Connected to [::]:37819
2020-07-30 19:10:19.955513 I | Registry [consul] Registering node: go.micro.service.transfer-bbabaf42-fe2e-4614-a949-a509b19966a4
2020-07-30 19:10:53.334861 I | {"FileHash":"dfc276b7e489139bbbcc9617c151509c4288d67c","CurLocation":"/data/fileserver_tmp/duration.proto","DestLocation":"oss/dfc276b7e489139bbbcc9617c151509c4288d67c","DestStoreType":3}
2020-07-30 19:14:19.614962 I | {"FileHash":"c536e325231ccfb30f3333a9754fa70b84ef1365","CurLocation":"/data/fileserver_tmp/a.log","DestLocation":"oss/c536e325231ccfb30f3333a9754fa70b84ef1365","DestStoreType":3}
data already exist, c536e325231ccfb30f3333a9754fa70b84ef1365
2020-07-30 19:15:04.990044 I | {"FileHash":"c536e325231ccfb30f3333a9754fa70b84ef1365","CurLocation":"/data/fileserver_tmp/a.log","DestLocation":"oss/c536e325231ccfb30f3333a9754fa70b84ef1365","DestStoreType":3}
data already exist, c536e325231ccfb30f3333a9754fa70b84ef1365
2020-07-30 19:15:07.980329 I | {"FileHash":"c536e325231ccfb30f3333a9754fa70b84ef1365","CurLocation":"/data/fileserver_tmp/a.log","DestLocation":"oss/c536e325231ccfb30f3333a9754fa70b84ef1365","DestStoreType":3}
data already exist, c536e325231ccfb30f3333a9754fa70b84ef1365
2020-07-30 19:19:21.885152 I | {"FileHash":"c536e325231ccfb30f3333a9754fa70b84ef1365","CurLocation":"/data/fileserver_tmp/a.log","DestLocation":"oss/c536e325231ccfb30f3333a9754fa70b84ef1365","DestStoreType":3}
data already exist, c536e325231ccfb30f3333a9754fa70b84ef1365
2020-07-30 19:22:44.391661 I | {"FileHash":"c536e325231ccfb30f3333a9754fa70b84ef1365","CurLocation":"/data/fileserver_tmp/a.log","DestLocation":"oss/c536e325231ccfb30f3333a9754fa70b84ef1365","DestStoreType":3}
data already exist, c536e325231ccfb30f3333a9754fa70b84ef1365
2020-07-30 19:24:23.105367 I | Registry [consul] Deregistering node: go.micro.service.transfer-bbabaf42-fe2e-4614-a949-a509b19966a4
2020-07-30 19:25:14.596554 I | 文件转移服务启动中，开始监听转移任务队列...
2020-07-30 19:25:14.597224 I | 开始监听转移消息队列
2020-07-30 19:25:14.608737 I | Transport [http] Listening on [::]:35521
2020-07-30 19:25:14.612922 I | Broker [http] Connected to [::]:44883
2020-07-30 19:25:14.615651 I | Registry [consul] Registering node: go.micro.service.transfer-42788d43-59c7-4c46-9326-652f281eeff8
2020-07-30 19:29:45.312216 I | {"FileHash":"c536e325231ccfb30f3333a9754fa70b84ef1365","CurLocation":"/data/fileserver_tmp/a.log","DestLocation":"oss/c536e325231ccfb30f3333a9754fa70b84ef1365","DestStoreType":3}
data already exist, c536e325231ccfb30f3333a9754fa70b84ef1365
2020-07-30 19:31:35.256652 I | {"FileHash":"c536e325231ccfb30f3333a9754fa70b84ef1365","CurLocation":"/data/fileserver_tmp/a.log","DestLocation":"oss/c536e325231ccfb30f3333a9754fa70b84ef1365","DestStoreType":3}
data already exist, c536e325231ccfb30f3333a9754fa70b84ef1365
2020-07-30 20:22:15.958687 I | Registry [consul] Deregistering node: go.micro.service.transfer-42788d43-59c7-4c46-9326-652f281eeff8
2020-07-30 20:22:56.109373 I | 文件转移服务启动中，开始监听转移任务队列...
2020-07-30 20:22:56.125621 I | 开始监听转移消息队列
2020-07-30 20:22:56.129255 I | Transport [http] Listening on [::]:36185
2020-07-30 20:22:56.130996 I | Broker [http] Connected to [::]:36481
2020-07-30 20:22:56.133681 I | Registry [consul] Registering node: go.micro.service.transfer-00294bfe-0706-4951-8bc0-646b7f827baf
2020-07-30 20:26:36.263383 I | {"FileHash":"c536e325231ccfb30f3333a9754fa70b84ef1365","CurLocation":"/data/fileserver_tmp/a.log","DestLocation":"oss/c536e325231ccfb30f3333a9754fa70b84ef1365","DestStoreType":3}
2020-07-30 20:39:50.367861 I | Registry [consul] Deregistering node: go.micro.service.transfer-00294bfe-0706-4951-8bc0-646b7f827baf
2020-07-30 20:41:09.010422 I | 文件转移服务启动中，开始监听转移任务队列...
2020-07-30 20:41:09.010912 I | 开始监听转移消息队列
2020-07-30 20:41:09.016604 I | Transport [http] Listening on [::]:41621
2020-07-30 20:41:09.032875 I | Broker [http] Connected to [::]:38527
2020-07-30 20:41:09.036763 I | Registry [consul] Registering node: go.micro.service.transfer-2fb262b0-aaec-4f2f-a0db-6a88395d3964
2020-07-30 20:48:15.394812 I | Registry [consul] Deregistering node: go.micro.service.transfer-2fb262b0-aaec-4f2f-a0db-6a88395d3964
2020-07-30 20:48:31.308639 I | 文件转移服务启动中，开始监听转移任务队列...
2020-07-30 20:48:31.310606 I | 开始监听转移消息队列
2020-07-30 20:48:31.348755 I | Transport [http] Listening on [::]:37161
2020-07-30 20:48:31.349771 I | Broker [http] Connected to [::]:40347
2020-07-30 20:48:31.351043 I | Registry [consul] Registering node: go.micro.service.transfer-31901da5-7236-40c6-ab0a-57926119382a
2020-07-30 20:49:50.889189 I | Registry [consul] Deregistering node: go.micro.service.transfer-31901da5-7236-40c6-ab0a-57926119382a
2020-07-30 20:50:05.030158 I | 文件转移服务启动中，开始监听转移任务队列...
2020-07-30 20:50:05.031521 I | 开始监听转移消息队列
2020-07-30 20:50:05.060096 I | Transport [http] Listening on [::]:37817
2020-07-30 20:50:05.061078 I | Broker [http] Connected to [::]:34005
2020-07-30 20:50:05.062170 I | Registry [consul] Registering node: go.micro.service.transfer-b15c4515-e177-4e9e-8509-6c388263bfad
2020-07-30 20:53:33.293707 I | Registry [consul] Deregistering node: go.micro.service.transfer-b15c4515-e177-4e9e-8509-6c388263bfad
2020-07-30 20:54:26.128201 I | 文件转移服务启动中，开始监听转移任务队列...
2020-07-30 20:54:26.132401 I | 开始监听转移消息队列
2020-07-30 20:54:26.141789 I | Transport [http] Listening on [::]:33313
2020-07-30 20:54:26.158583 I | Broker [http] Connected to [::]:46653
2020-07-30 20:54:26.160898 I | Registry [consul] Registering node: go.micro.service.transfer-af1f5181-82a8-4b06-96b2-762c14ad125d
2020-07-30 20:56:43.506885 I | Registry [consul] Deregistering node: go.micro.service.transfer-af1f5181-82a8-4b06-96b2-762c14ad125d
2020-07-30 20:57:21.951617 I | 文件转移服务启动中，开始监听转移任务队列...
2020-07-30 20:57:21.954356 I | 开始监听转移消息队列
2020-07-30 20:57:21.989981 I | Transport [http] Listening on [::]:34861
2020-07-30 20:57:21.991273 I | Broker [http] Connected to [::]:45141
2020-07-30 20:57:21.993186 I | Registry [consul] Registering node: go.micro.service.transfer-0b636986-2d9b-4eac-99bf-c10628eedb1d
2020-07-30 21:00:31.903976 I | Registry [consul] Deregistering node: go.micro.service.transfer-0b636986-2d9b-4eac-99bf-c10628eedb1d
2020-07-30 21:01:24.310766 I | 文件转移服务启动中，开始监听转移任务队列...
2020-07-30 21:01:24.311467 I | 开始监听转移消息队列
2020-07-30 21:01:24.343815 I | Transport [http] Listening on [::]:35161
2020-07-30 21:01:24.345175 I | Broker [http] Connected to [::]:39487
2020-07-30 21:01:24.347196 I | Registry [consul] Registering node: go.micro.service.transfer-23467229-3df2-4b55-866d-4fc9961738ef
2020-07-30 21:04:50.302522 I | Registry [consul] Deregistering node: go.micro.service.transfer-23467229-3df2-4b55-866d-4fc9961738ef
2020-07-30 21:05:43.977608 I | 文件转移服务启动中，开始监听转移任务队列...
2020-07-30 21:05:43.979930 I | 开始监听转移消息队列
2020-07-30 21:05:44.004009 I | Transport [http] Listening on [::]:33897
2020-07-30 21:05:44.005180 I | Broker [http] Connected to [::]:34969
2020-07-30 21:05:44.007124 I | Registry [consul] Registering node: go.micro.service.transfer-6220a8e8-8ebe-4781-9598-aaaefc614792
2020-07-30 21:29:37.911977 I | Registry [consul] Deregistering node: go.micro.service.transfer-6220a8e8-8ebe-4781-9598-aaaefc614792
2020-07-30 22:58:50.212346 I | 文件转移服务启动中，开始监听转移任务队列...
2020-07-30 22:58:50.213459 I | 开始监听转移消息队列
2020-07-30 22:58:50.216321 I | Transport [http] Listening on [::]:45481
2020-07-30 22:58:50.216411 I | Broker [http] Connected to [::]:46235
2020-07-30 22:58:50.217366 I | Registry [consul] Registering node: go.micro.service.transfer-8df13935-4037-4c7a-ac45-63ad19fd3f7a
2020-07-30 22:59:07.772797 I | {"FileHash":"c536e325231ccfb30f3333a9754fa70b84ef1365","CurLocation":"/data/fileserver_tmp/a.log","DestLocation":"oss/c536e325231ccfb30f3333a9754fa70b84ef1365","DestStoreType":3}
data already exist, c536e325231ccfb30f3333a9754fa70b84ef1365
2020-07-30 23:04:11.183302 I | Registry [consul] Deregistering node: go.micro.service.transfer-8df13935-4037-4c7a-ac45-63ad19fd3f7a
2020-07-30 23:04:29.066106 I | 文件转移服务启动中，开始监听转移任务队列...
2020-07-30 23:04:29.067447 I | 开始监听转移消息队列
2020-07-30 23:04:29.098107 I | Transport [http] Listening on [::]:34939
2020-07-30 23:04:29.098183 I | Broker [http] Connected to [::]:41287
2020-07-30 23:04:29.099258 I | Registry [consul] Registering node: go.micro.service.transfer-83c1b284-a33d-43f7-922a-c1768c32df7a
2020-07-30 23:05:45.418176 I | {"FileHash":"a64e9fede92c55932ce82d77891f77a1f015a9f1","CurLocation":"/data/fileserver_tmp/examples.desktop","DestLocation":"oss/a64e9fede92c55932ce82d77891f77a1f015a9f1","DestStoreType":3}
2020-07-30 23:18:17.627258 I | Registry [consul] Deregistering node: go.micro.service.transfer-83c1b284-a33d-43f7-922a-c1768c32df7a
2020-07-30 23:18:32.685697 I | 文件转移服务启动中，开始监听转移任务队列...
2020-07-30 23:18:32.686256 I | 开始监听转移消息队列
2020-07-30 23:18:32.705352 I | Transport [http] Listening on [::]:43021
2020-07-30 23:18:32.705453 I | Broker [http] Connected to [::]:34863
2020-07-30 23:18:32.706452 I | Registry [consul] Registering node: go.micro.service.transfer-231c16a1-6bb2-4f5b-8eba-aed9d97f53f8
2020-07-30 23:19:01.489484 I | Registry [consul] Deregistering node: go.micro.service.transfer-231c16a1-6bb2-4f5b-8eba-aed9d97f53f8
2020-07-30 23:19:07.727589 I | 文件转移服务启动中，开始监听转移任务队列...
2020-07-30 23:19:07.728511 I | 开始监听转移消息队列
2020-07-30 23:19:07.732553 I | Transport [http] Listening on [::]:34079
2020-07-30 23:19:07.732628 I | Broker [http] Connected to [::]:36633
2020-07-30 23:19:07.733589 I | Registry [consul] Registering node: go.micro.service.transfer-a8743611-4074-4d7f-9111-92236c55c06a
2020-07-30 23:20:22.450192 I | Registry [consul] Deregistering node: go.micro.service.transfer-a8743611-4074-4d7f-9111-92236c55c06a
2020-07-30 23:20:38.530186 I | 文件转移服务启动中，开始监听转移任务队列...
2020-07-30 23:20:38.531303 I | 开始监听转移消息队列
2020-07-30 23:20:38.554892 I | Transport [http] Listening on [::]:42049
2020-07-30 23:20:38.555088 I | Broker [http] Connected to [::]:40731
2020-07-30 23:20:38.557375 I | Registry [consul] Registering node: go.micro.service.transfer-3cb219fb-cc93-4ad3-950c-feb33cd49438
2020-07-30 23:25:22.376711 I | Registry [consul] Deregistering node: go.micro.service.transfer-3cb219fb-cc93-4ad3-950c-feb33cd49438
2020-07-30 23:25:43.978978 I | 文件转移服务启动中，开始监听转移任务队列...
2020-07-30 23:25:43.980965 I | 开始监听转移消息队列
2020-07-30 23:25:44.019223 I | Transport [http] Listening on [::]:46237
2020-07-30 23:25:44.020057 I | Broker [http] Connected to [::]:45761
2020-07-30 23:25:44.021141 I | Registry [consul] Registering node: go.micro.service.transfer-4b5ff7f3-0d7f-45e3-9bdc-9e7ec02e2efa
2020-07-30 23:31:38.340494 I | Registry [consul] Deregistering node: go.micro.service.transfer-4b5ff7f3-0d7f-45e3-9bdc-9e7ec02e2efa
2020-07-30 23:31:57.066651 I | 文件转移服务启动中，开始监听转移任务队列...
2020-07-30 23:31:57.066758 I | 开始监听转移消息队列
2020-07-30 23:31:57.094645 I | Transport [http] Listening on [::]:43057
2020-07-30 23:31:57.095483 I | Broker [http] Connected to [::]:36477
2020-07-30 23:31:57.097667 I | Registry [consul] Registering node: go.micro.service.transfer-1cff6d16-a148-4347-8c68-30f2bf0f8065
2020-07-30 23:33:24.256826 I | Registry [consul] Deregistering node: go.micro.service.transfer-1cff6d16-a148-4347-8c68-30f2bf0f8065
2020-07-30 23:33:52.914604 I | 文件转移服务启动中，开始监听转移任务队列...
2020-07-30 23:33:52.917533 I | 开始监听转移消息队列
2020-07-30 23:33:52.965700 I | Transport [http] Listening on [::]:37673
2020-07-30 23:33:52.967481 I | Broker [http] Connected to [::]:39565
2020-07-30 23:33:52.972575 I | Registry [consul] Registering node: go.micro.service.transfer-d64fd832-7a4d-4b23-89b7-074961a88576
2020-07-30 23:47:28.350407 I | Registry [consul] Deregistering node: go.micro.service.transfer-d64fd832-7a4d-4b23-89b7-074961a88576
2020-07-30 23:48:21.328642 I | 文件转移服务启动中，开始监听转移任务队列...
2020-07-30 23:48:21.328778 I | 开始监听转移消息队列
2020-07-30 23:48:21.349208 I | Transport [http] Listening on [::]:44665
2020-07-30 23:48:21.349396 I | Broker [http] Connected to [::]:44049
2020-07-30 23:48:21.351180 I | Registry [consul] Registering node: go.micro.service.transfer-d63272ca-203c-44b1-a1c1-ef8e1b70c2dd
2020-07-30 23:57:15.984209 I | {"FileHash":"c536e325231ccfb30f3333a9754fa70b84ef1365","CurLocation":"/data/fileserver_tmp/a.log","DestLocation":"oss/c536e325231ccfb30f3333a9754fa70b84ef1365","DestStoreType":3}
data already exist, c536e325231ccfb30f3333a9754fa70b84ef1365
2020-07-31 00:22:35.813681 I | Registry [consul] Deregistering node: go.micro.service.transfer-d63272ca-203c-44b1-a1c1-ef8e1b70c2dd
2020-07-31 00:23:05.813056 I | 文件转移服务启动中，开始监听转移任务队列...
2020-07-31 00:23:05.813811 I | 开始监听转移消息队列
2020-07-31 00:23:05.815214 I | Transport [http] Listening on [::]:46485
2020-07-31 00:23:05.818640 I | Broker [http] Connected to [::]:45505
2020-07-31 00:23:05.821060 I | Registry [consul] Registering node: go.micro.service.transfer-08d375d3-81e7-4567-9945-9af5651f652a
2020-07-31 00:25:30.818652 I | Registry [consul] Deregistering node: go.micro.service.transfer-08d375d3-81e7-4567-9945-9af5651f652a
2020-07-31 00:25:56.361427 I | 文件转移服务启动中，开始监听转移任务队列...
2020-07-31 00:25:56.361653 I | 开始监听转移消息队列
2020-07-31 00:25:56.374772 I | Transport [http] Listening on [::]:43125
2020-07-31 00:25:56.374892 I | Broker [http] Connected to [::]:40645
2020-07-31 00:25:56.380527 I | Registry [consul] Registering node: go.micro.service.transfer-f6af9245-aa8a-4d55-a737-f6361551a8a2
2020-07-31 00:27:34.157183 I | Registry [consul] Deregistering node: go.micro.service.transfer-f6af9245-aa8a-4d55-a737-f6361551a8a2
2020-07-31 00:28:02.261833 I | 文件转移服务启动中，开始监听转移任务队列...
2020-07-31 00:28:02.261980 I | 开始监听转移消息队列
2020-07-31 00:28:02.276031 I | Transport [http] Listening on [::]:43295
2020-07-31 00:28:02.276216 I | Broker [http] Connected to [::]:37065
2020-07-31 00:28:02.279366 I | Registry [consul] Registering node: go.micro.service.transfer-df7466d1-fcfa-4802-ae9c-d7bfcfba8d88
2020-07-31 00:29:24.049244 I | Registry [consul] Deregistering node: go.micro.service.transfer-df7466d1-fcfa-4802-ae9c-d7bfcfba8d88
2020-07-31 00:29:48.332999 I | 文件转移服务启动中，开始监听转移任务队列...
2020-07-31 00:29:48.350691 I | 开始监听转移消息队列
2020-07-31 00:29:48.350764 I | Transport [http] Listening on [::]:35723
2020-07-31 00:29:48.350963 I | Broker [http] Connected to [::]:37955
2020-07-31 00:29:48.353326 I | Registry [consul] Registering node: go.micro.service.transfer-e6d2a97b-5d1b-4ea0-bb19-9f3a7c57195a
2020-07-31 00:31:37.710689 I | {"FileHash":"a64e9fede92c55932ce82d77891f77a1f015a9f1","CurLocation":"/data/fileserver_tmp/examples.desktop","DestLocation":"oss/a64e9fede92c55932ce82d77891f77a1f015a9f1","DestStoreType":3}
data already exist, a64e9fede92c55932ce82d77891f77a1f015a9f1
2020-07-31 00:37:05.872126 I | Registry [consul] Deregistering node: go.micro.service.transfer-e6d2a97b-5d1b-4ea0-bb19-9f3a7c57195a
2020-07-31 00:37:32.071766 I | 文件转移服务启动中，开始监听转移任务队列...
2020-07-31 00:37:32.073346 I | 开始监听转移消息队列
2020-07-31 00:37:32.123632 I | Transport [http] Listening on [::]:44635
2020-07-31 00:37:32.125069 I | Broker [http] Connected to [::]:42281
2020-07-31 00:37:32.128014 I | Registry [consul] Registering node: go.micro.service.transfer-bdb0060e-c563-41a1-abdc-7688163f3361
2020-07-31 00:41:47.152643 I | Registry [consul] Deregistering node: go.micro.service.transfer-bdb0060e-c563-41a1-abdc-7688163f3361
2020-07-31 11:43:44.628838 I | 文件转移服务启动中，开始监听转移任务队列...
2020-07-31 11:43:44.630463 I | 开始监听转移消息队列
2020-07-31 11:43:44.636965 I | Transport [http] Listening on [::]:38609
2020-07-31 11:43:44.637164 I | Broker [http] Connected to [::]:34345
2020-07-31 11:43:44.640674 I | Registry [consul] Registering node: go.micro.service.transfer-a7fe3c83-37d5-41b1-8473-e98dd7ca766f
2020-07-31 11:46:45.406918 I | Registry [consul] Deregistering node: go.micro.service.transfer-a7fe3c83-37d5-41b1-8473-e98dd7ca766f
2020-07-31 11:46:52.517337 I | 文件转移服务启动中，开始监听转移任务队列...
2020-07-31 11:46:52.517479 I | 开始监听转移消息队列
2020-07-31 11:46:52.524387 I | Transport [http] Listening on [::]:44801
2020-07-31 11:46:52.524499 I | Broker [http] Connected to [::]:45263
2020-07-31 11:46:52.526341 I | Registry [consul] Registering node: go.micro.service.transfer-4c075aa3-d583-4cee-a741-1ebc8dd9121f
2020-07-31 11:50:49.951372 I | Registry [consul] Deregistering node: go.micro.service.transfer-4c075aa3-d583-4cee-a741-1ebc8dd9121f
2020-07-31 11:51:52.801105 I | 文件转移服务启动中，开始监听转移任务队列...
2020-07-31 11:51:52.826297 I | 开始监听转移消息队列
2020-07-31 11:51:52.846304 I | Transport [http] Listening on [::]:41023
2020-07-31 11:51:52.847325 I | Broker [http] Connected to [::]:45973
2020-07-31 11:51:52.850779 I | Registry [consul] Registering node: go.micro.service.transfer-8c8f0533-705e-42c0-8f8d-43f84e9eb6f2
2020-07-31 11:58:17.787774 I | Registry [consul] Deregistering node: go.micro.service.transfer-8c8f0533-705e-42c0-8f8d-43f84e9eb6f2
2020-07-31 13:02:25.713303 I | 文件转移服务启动中，开始监听转移任务队列...
2020-07-31 13:02:25.714526 I | 开始监听转移消息队列
2020-07-31 13:02:25.737479 I | Transport [http] Listening on [::]:33677
2020-07-31 13:02:25.737653 I | Broker [http] Connected to [::]:38441
2020-07-31 13:02:25.742169 I | Registry [consul] Registering node: go.micro.service.transfer-a847ca79-08b7-427e-8d95-7464bb511721
2020-07-31 13:02:37.113384 I | Registry [consul] Deregistering node: go.micro.service.transfer-a847ca79-08b7-427e-8d95-7464bb511721
2020-07-31 13:14:36.731113 I | 文件转移服务启动中，开始监听转移任务队列...
2020-07-31 13:14:36.734264 I | 开始监听转移消息队列
2020-07-31 13:14:36.740660 I | Transport [http] Listening on [::]:33507
2020-07-31 13:14:36.740839 I | Broker [http] Connected to [::]:34391
2020-07-31 13:14:36.744496 I | Registry [consul] Registering node: go.micro.service.transfer-a4322332-2d18-4f9d-b4f5-b286dfc2da6e
2020-07-31 13:15:12.700962 I | {"FileHash":"a0c9940a9db615ae166f2e3fbf9c719270b99792","CurLocation":"/data/fileserver_tmp/slave.conf","DestLocation":"oss/a0c9940a9db615ae166f2e3fbf9c719270b99792","DestStoreType":3}
2020-07-31 13:15:12.896170 I | oss: service returned error: StatusCode=403, ErrorCode=InvalidAccessKeyId, ErrorMessage="The OSS Access Key Id you provided does not exist in our records.", RequestId=5F23A8E0B215A23536E2322A
2020-07-31 13:16:58.216574 I | Registry [consul] Deregistering node: go.micro.service.transfer-a4322332-2d18-4f9d-b4f5-b286dfc2da6e
2020-07-31 13:18:09.789331 I | 文件转移服务启动中，开始监听转移任务队列...
2020-07-31 13:18:09.811180 I | 开始监听转移消息队列
2020-07-31 13:18:09.811325 I | Transport [http] Listening on [::]:41983
2020-07-31 13:18:09.813273 I | Broker [http] Connected to [::]:40907
2020-07-31 13:18:09.817280 I | Registry [consul] Registering node: go.micro.service.transfer-cc445b88-89fa-476f-94e1-c189d1ab85a0
2020-07-31 13:18:45.119022 I | {"FileHash":"c536e325231ccfb30f3333a9754fa70b84ef1365","CurLocation":"/data/fileserver_tmp/a.log","DestLocation":"oss/c536e325231ccfb30f3333a9754fa70b84ef1365","DestStoreType":3}
2020-07-31 13:19:10.937888 I | {"FileHash":"a64e9fede92c55932ce82d77891f77a1f015a9f1","CurLocation":"/data/fileserver_tmp/examples.desktop","DestLocation":"oss/a64e9fede92c55932ce82d77891f77a1f015a9f1","DestStoreType":3}
2020-07-31 15:00:53.818770 I | Registry [consul] Deregistering node: go.micro.service.transfer-cc445b88-89fa-476f-94e1-c189d1ab85a0
2020-07-31 15:01:43.228694 I | 文件转移服务启动中，开始监听转移任务队列...
2020-07-31 15:01:43.231850 I | 开始监听转移消息队列
2020-07-31 15:01:43.271288 I | Transport [http] Listening on [::]:35025
2020-07-31 15:01:43.272602 I | Broker [http] Connected to [::]:44769
2020-07-31 15:01:43.276162 I | Registry [consul] Registering node: go.micro.service.transfer-19320af6-62ab-48d4-a419-6a814cc4744a
2020-07-31 15:04:56.564464 I | Registry [consul] Deregistering node: go.micro.service.transfer-19320af6-62ab-48d4-a419-6a814cc4744a
2020-07-31 15:05:39.344572 I | 文件转移服务启动中，开始监听转移任务队列...
2020-07-31 15:05:39.346054 I | 开始监听转移消息队列
2020-07-31 15:05:39.352457 I | Transport [http] Listening on [::]:44081
2020-07-31 15:05:39.353602 I | Broker [http] Connected to [::]:39155
2020-07-31 15:05:39.358122 I | Registry [consul] Registering node: go.micro.service.transfer-5740ed99-0c2e-4512-a3e6-e87d766b936b
2020-07-31 15:12:31.555852 I | Registry [consul] Deregistering node: go.micro.service.transfer-5740ed99-0c2e-4512-a3e6-e87d766b936b
2020-07-31 15:13:13.920863 I | 文件转移服务启动中，开始监听转移任务队列...
2020-07-31 15:13:13.922068 I | 开始监听转移消息队列
2020-07-31 15:13:13.931542 I | Transport [http] Listening on [::]:35295
2020-07-31 15:13:13.932926 I | Broker [http] Connected to [::]:37283
2020-07-31 15:13:13.936358 I | Registry [consul] Registering node: go.micro.service.transfer-1bd8c789-cce7-4cfd-bb97-ef8d96135dcb
2020-07-31 15:15:02.207361 I | Registry [consul] Deregistering node: go.micro.service.transfer-1bd8c789-cce7-4cfd-bb97-ef8d96135dcb
2020-07-31 15:16:05.850286 I | 文件转移服务启动中，开始监听转移任务队列...
2020-07-31 15:16:05.854973 I | 开始监听转移消息队列
2020-07-31 15:16:05.888552 I | Transport [http] Listening on [::]:37765
2020-07-31 15:16:05.889653 I | Broker [http] Connected to [::]:46529
2020-07-31 15:16:05.895494 I | Registry [consul] Registering node: go.micro.service.transfer-954114a0-5183-4820-8c4d-0e6b977ec938
2020-07-31 15:22:34.719159 I | Registry [consul] Deregistering node: go.micro.service.transfer-954114a0-5183-4820-8c4d-0e6b977ec938
2020-07-31 15:23:15.109254 I | 文件转移服务启动中，开始监听转移任务队列...
2020-07-31 15:23:15.120447 I | 开始监听转移消息队列
2020-07-31 15:23:15.148964 I | Transport [http] Listening on [::]:46079
2020-07-31 15:23:15.149883 I | Broker [http] Connected to [::]:39241
2020-07-31 15:23:15.152238 I | Registry [consul] Registering node: go.micro.service.transfer-488a1ad6-6e11-40b8-bea6-6cf286783723
2020-07-31 15:24:43.452847 I | Registry [consul] Deregistering node: go.micro.service.transfer-488a1ad6-6e11-40b8-bea6-6cf286783723
2020-07-31 15:25:43.315455 I | 文件转移服务启动中，开始监听转移任务队列...
2020-07-31 15:25:43.316309 I | 开始监听转移消息队列
2020-07-31 15:25:43.323756 I | Transport [http] Listening on [::]:33389
2020-07-31 15:25:43.326514 I | Broker [http] Connected to [::]:34699
2020-07-31 15:25:43.339168 I | Registry [consul] Registering node: go.micro.service.transfer-41918212-de5e-4f71-b2df-cca4c66a5743
2020-07-31 15:31:11.366838 I | Registry [consul] Deregistering node: go.micro.service.transfer-41918212-de5e-4f71-b2df-cca4c66a5743
2020-07-31 15:31:55.205026 I | 文件转移服务启动中，开始监听转移任务队列...
2020-07-31 15:31:55.206121 I | 开始监听转移消息队列
2020-07-31 15:31:55.218457 I | Transport [http] Listening on [::]:44239
2020-07-31 15:31:55.231743 I | Broker [http] Connected to [::]:41717
2020-07-31 15:31:55.235536 I | Registry [consul] Registering node: go.micro.service.transfer-b48a8851-b40a-41cd-9918-15dd7b9f4075
2020-07-31 16:35:21.213712 I | Registry [consul] Deregistering node: go.micro.service.transfer-b48a8851-b40a-41cd-9918-15dd7b9f4075
2020-07-31 16:37:13.592411 I | 文件转移服务启动中，开始监听转移任务队列...
2020-07-31 16:37:13.595158 I | 开始监听转移消息队列
2020-07-31 16:37:13.623772 I | Transport [http] Listening on [::]:39759
2020-07-31 16:37:13.625208 I | Broker [http] Connected to [::]:40019
2020-07-31 16:37:13.630965 I | Registry [consul] Registering node: go.micro.service.transfer-f2e14781-9a85-4b02-b058-07907ee40913
2020-07-31 16:40:23.120647 I | Registry [consul] Deregistering node: go.micro.service.transfer-f2e14781-9a85-4b02-b058-07907ee40913
2020-07-31 16:40:48.246948 I | 文件转移服务启动中，开始监听转移任务队列...
2020-07-31 16:40:48.247223 I | 开始监听转移消息队列
2020-07-31 16:40:48.256428 I | Transport [http] Listening on [::]:34469
2020-07-31 16:40:48.256584 I | Broker [http] Connected to [::]:40769
2020-07-31 16:40:48.260344 I | Registry [consul] Registering node: go.micro.service.transfer-6eff831e-c728-4020-9884-473c8b0dee9e
2020-07-31 16:57:57.205306 I | {"FileHash":"c536e325231ccfb30f3333a9754fa70b84ef1365","CurLocation":"/data/fileserver_tmp/a.log","DestLocation":"oss/c536e325231ccfb30f3333a9754fa70b84ef1365","DestStoreType":3}
data already exist, c536e325231ccfb30f3333a9754fa70b84ef1365
2020-07-31 16:58:32.388541 I | Registry [consul] Deregistering node: go.micro.service.transfer-6eff831e-c728-4020-9884-473c8b0dee9e
2020-07-31 17:13:54.003568 I | 文件转移服务启动中，开始监听转移任务队列...
2020-07-31 17:13:54.033249 I | 开始监听转移消息队列
2020-07-31 17:13:54.051946 I | Transport [http] Listening on [::]:33253
2020-07-31 17:13:54.053361 I | Broker [http] Connected to [::]:40017
2020-07-31 17:13:54.058182 I | Registry [consul] Registering node: go.micro.service.transfer-2b8ee4ac-aac7-461d-b6d1-ff0499dc12f0
2020-07-31 17:15:14.307030 I | Registry [consul] Deregistering node: go.micro.service.transfer-2b8ee4ac-aac7-461d-b6d1-ff0499dc12f0
2020-07-31 17:15:35.497949 I | 文件转移服务启动中，开始监听转移任务队列...
2020-07-31 17:15:35.498643 I | 开始监听转移消息队列
2020-07-31 17:15:35.582930 I | Transport [http] Listening on [::]:34237
2020-07-31 17:15:35.589410 I | Broker [http] Connected to [::]:33239
2020-07-31 17:15:35.592852 I | Registry [consul] Registering node: go.micro.service.transfer-1ed42b91-0572-48a0-a7f9-da8ab54a93c9
2020-07-31 17:28:58.165863 I | Registry [consul] Deregistering node: go.micro.service.transfer-1ed42b91-0572-48a0-a7f9-da8ab54a93c9
2020-07-31 17:29:21.882338 I | 文件转移服务启动中，开始监听转移任务队列...
2020-07-31 17:29:21.889509 I | 开始监听转移消息队列
2020-07-31 17:29:21.906858 I | Transport [http] Listening on [::]:35179
2020-07-31 17:29:21.907003 I | Broker [http] Connected to [::]:46535
2020-07-31 17:29:21.910586 I | Registry [consul] Registering node: go.micro.service.transfer-2a00f27e-69b0-41f0-a851-0eee3ea6bab6
2020-07-31 17:30:02.132967 I | Registry [consul] Deregistering node: go.micro.service.transfer-2a00f27e-69b0-41f0-a851-0eee3ea6bab6
2020-07-31 17:30:24.639690 I | 文件转移服务启动中，开始监听转移任务队列...
2020-07-31 17:30:24.640369 I | 开始监听转移消息队列
2020-07-31 17:30:24.649108 I | Transport [http] Listening on [::]:46647
2020-07-31 17:30:24.649384 I | Broker [http] Connected to [::]:38187
2020-07-31 17:30:24.653521 I | Registry [consul] Registering node: go.micro.service.transfer-8cf63b8b-bbda-4f62-a118-5094527875ce
2020-07-31 17:30:36.083533 I | Registry [consul] Deregistering node: go.micro.service.transfer-8cf63b8b-bbda-4f62-a118-5094527875ce
2020-07-31 17:34:57.649614 I | 文件转移服务启动中，开始监听转移任务队列...
2020-07-31 17:34:57.649786 I | 开始监听转移消息队列
2020-07-31 17:34:57.659135 I | Transport [http] Listening on [::]:36125
2020-07-31 17:34:57.659293 I | Broker [http] Connected to [::]:45451
2020-07-31 17:34:57.663114 I | Registry [consul] Registering node: go.micro.service.transfer-b097a693-0545-40da-a12b-eb1ade859b9a
2020-07-31 17:38:16.826112 I | {"FileHash":"c536e325231ccfb30f3333a9754fa70b84ef1365","CurLocation":"/data/fileserver_tmp/a.log","DestLocation":"oss/c536e325231ccfb30f3333a9754fa70b84ef1365","DestStoreType":3}
data already exist, c536e325231ccfb30f3333a9754fa70b84ef1365
2020-07-31 17:38:30.863072 I | {"FileHash":"c536e325231ccfb30f3333a9754fa70b84ef1365","CurLocation":"/data/fileserver_tmp/a.log","DestLocation":"oss/c536e325231ccfb30f3333a9754fa70b84ef1365","DestStoreType":3}
data already exist, c536e325231ccfb30f3333a9754fa70b84ef1365
2020-07-31 17:44:07.803355 I | Registry [consul] Deregistering node: go.micro.service.transfer-b097a693-0545-40da-a12b-eb1ade859b9a
2020-07-31 17:44:32.153723 I | 文件转移服务启动中，开始监听转移任务队列...
2020-07-31 17:44:32.153846 I | 开始监听转移消息队列
2020-07-31 17:44:32.190825 I | Transport [http] Listening on [::]:36093
2020-07-31 17:44:32.192154 I | Broker [http] Connected to [::]:34757
2020-07-31 17:44:32.195775 I | Registry [consul] Registering node: go.micro.service.transfer-aa9177b6-7a75-49b4-95f0-cb0b702973a9
2020-07-31 17:47:18.714367 I | Registry [consul] Deregistering node: go.micro.service.transfer-aa9177b6-7a75-49b4-95f0-cb0b702973a9
2020-07-31 17:47:40.163734 I | 文件转移服务启动中，开始监听转移任务队列...
2020-07-31 17:47:40.164414 I | 开始监听转移消息队列
2020-07-31 17:47:40.173163 I | Transport [http] Listening on [::]:40785
2020-07-31 17:47:40.173313 I | Broker [http] Connected to [::]:37039
2020-07-31 17:47:40.176798 I | Registry [consul] Registering node: go.micro.service.transfer-3032eb79-9726-40a4-bd8c-da567285e4d0
2020-07-31 17:52:55.937166 I | {"FileHash":"c536e325231ccfb30f3333a9754fa70b84ef1365","CurLocation":"/data/fileserver_tmp/a.log","DestLocation":"oss/c536e325231ccfb30f3333a9754fa70b84ef1365","DestStoreType":3}
2020-07-31 17:53:32.651897 I | {"FileHash":"c536e325231ccfb30f3333a9754fa70b84ef1365","CurLocation":"/data/fileserver_tmp/a.log","DestLocation":"oss/c536e325231ccfb30f3333a9754fa70b84ef1365","DestStoreType":3}
data already exist, c536e325231ccfb30f3333a9754fa70b84ef1365
2020-07-31 17:58:52.675583 I | Registry [consul] Deregistering node: go.micro.service.transfer-3032eb79-9726-40a4-bd8c-da567285e4d0
2020-07-31 17:59:11.185311 I | 文件转移服务启动中，开始监听转移任务队列...
2020-07-31 17:59:11.187239 I | 开始监听转移消息队列
2020-07-31 17:59:11.208144 I | Transport [http] Listening on [::]:37443
2020-07-31 17:59:11.210029 I | Broker [http] Connected to [::]:35399
2020-07-31 17:59:11.213078 I | Registry [consul] Registering node: go.micro.service.transfer-c7873380-c0b4-419a-9395-4a58aa883d52
2020-07-31 17:59:54.214446 I | Registry [consul] Deregistering node: go.micro.service.transfer-c7873380-c0b4-419a-9395-4a58aa883d52
2020-07-31 18:00:01.762187 I | 文件转移服务启动中，开始监听转移任务队列...
2020-07-31 18:00:01.762668 I | 开始监听转移消息队列
2020-07-31 18:00:01.774333 I | Transport [http] Listening on [::]:40973
2020-07-31 18:00:01.774480 I | Broker [http] Connected to [::]:41705
2020-07-31 18:00:01.777958 I | Registry [consul] Registering node: go.micro.service.transfer-a1d34b6a-e9dc-44bb-8f47-9f11c4bb9671
2020-07-31 18:00:22.298798 I | {"FileHash":"c536e325231ccfb30f3333a9754fa70b84ef1365","CurLocation":"/data/fileserver_tmp/a.log","DestLocation":"oss/c536e325231ccfb30f3333a9754fa70b84ef1365","DestStoreType":3}
2020-07-31 18:01:10.287618 I | Registry [consul] Deregistering node: go.micro.service.transfer-a1d34b6a-e9dc-44bb-8f47-9f11c4bb9671
2020-07-31 18:01:53.207526 I | 文件转移服务启动中，开始监听转移任务队列...
2020-07-31 18:01:53.208734 I | 开始监听转移消息队列
2020-07-31 18:01:53.243312 I | Transport [http] Listening on [::]:37269
2020-07-31 18:01:53.244766 I | Broker [http] Connected to [::]:34087
2020-07-31 18:01:53.249645 I | Registry [consul] Registering node: go.micro.service.transfer-f93820cb-9164-441a-bb0f-af68793cbf34
2020-07-31 18:02:09.461448 I | {"FileHash":"c536e325231ccfb30f3333a9754fa70b84ef1365","CurLocation":"/data/fileserver_tmp/a.log","DestLocation":"oss/c536e325231ccfb30f3333a9754fa70b84ef1365","DestStoreType":3}
data already exist, c536e325231ccfb30f3333a9754fa70b84ef1365
2020-07-31 18:02:32.247673 I | {"FileHash":"c536e325231ccfb30f3333a9754fa70b84ef1365","CurLocation":"/data/fileserver_tmp/a.log","DestLocation":"oss/c536e325231ccfb30f3333a9754fa70b84ef1365","DestStoreType":3}
data already exist, c536e325231ccfb30f3333a9754fa70b84ef1365
2020-07-31 18:11:31.779387 I | {"FileHash":"ab7c052d33ce8424a58f87f985dadaab6deb3127","CurLocation":"/data/fileserver_tmp/local.log","DestLocation":"oss/ab7c052d33ce8424a58f87f985dadaab6deb3127","DestStoreType":3}
2020-07-31 18:13:51.212442 I | Registry [consul] Deregistering node: go.micro.service.transfer-f93820cb-9164-441a-bb0f-af68793cbf34
2020-07-31 18:15:38.041128 I | Transport [http] Listening on [::]:40107
2020-07-31 18:15:38.052968 I | 文件转移服务启动中，开始监听转移任务队列...
2020-07-31 18:15:38.053039 I | 开始监听转移消息队列
2020-07-31 18:15:38.082023 I | Broker [http] Connected to [::]:46375
2020-07-31 18:15:38.089816 I | Registry [consul] Registering node: go.micro.service.transfer-7efe6f4a-c194-4572-8955-ed2580f79ec6
2020-07-31 18:15:51.903295 I | {"FileHash":"a64e9fede92c55932ce82d77891f77a1f015a9f1","CurLocation":"/data/fileserver_tmp/examples.desktop","DestLocation":"oss/a64e9fede92c55932ce82d77891f77a1f015a9f1","DestStoreType":3}
2020-07-31 18:26:53.377164 I | Registry [consul] Deregistering node: go.micro.service.transfer-7efe6f4a-c194-4572-8955-ed2580f79ec6
2020-07-31 18:30:13.963031 I | 文件转移服务启动中，开始监听转移任务队列...
2020-07-31 18:30:13.964334 I | 开始监听转移消息队列
2020-07-31 18:30:14.022686 I | Transport [http] Listening on [::]:36199
2020-07-31 18:30:14.026143 I | Broker [http] Connected to [::]:42381
2020-07-31 18:30:14.032806 I | Registry [consul] Registering node: go.micro.service.transfer-0288f340-1d83-4784-b830-446021ed8f61
2020-07-31 18:30:40.947176 I | {"FileHash":"a64e9fede92c55932ce82d77891f77a1f015a9f1","CurLocation":"/data/fileserver_tmp/examples.desktop","DestLocation":"oss/a64e9fede92c55932ce82d77891f77a1f015a9f1","DestStoreType":3}
data already exist, a64e9fede92c55932ce82d77891f77a1f015a9f1
2020-07-31 18:33:26.806324 I | Registry [consul] Deregistering node: go.micro.service.transfer-0288f340-1d83-4784-b830-446021ed8f61
2020-07-31 18:34:15.257412 I | 文件转移服务启动中，开始监听转移任务队列...
2020-07-31 18:34:15.257508 I | 开始监听转移消息队列
2020-07-31 18:34:15.267236 I | Transport [http] Listening on [::]:34723
2020-07-31 18:34:15.267403 I | Broker [http] Connected to [::]:35453
2020-07-31 18:34:15.273538 I | Registry [consul] Registering node: go.micro.service.transfer-0c4a8a3f-d185-43ff-9c53-90660ff69353
2020-07-31 18:34:50.204963 I | {"FileHash":"c536e325231ccfb30f3333a9754fa70b84ef1365","CurLocation":"/data/fileserver_tmp/a.log","DestLocation":"oss/c536e325231ccfb30f3333a9754fa70b84ef1365","DestStoreType":3}
2020-07-31 18:35:58.978219 I | {"FileHash":"c536e325231ccfb30f3333a9754fa70b84ef1365","CurLocation":"/data/fileserver_tmp/a.log","DestLocation":"oss/c536e325231ccfb30f3333a9754fa70b84ef1365","DestStoreType":3}
data already exist, c536e325231ccfb30f3333a9754fa70b84ef1365
2020-07-31 18:42:15.309084 I | Registry [consul] Deregistering node: go.micro.service.transfer-0c4a8a3f-d185-43ff-9c53-90660ff69353
2020-07-31 18:43:35.826021 I | 文件转移服务启动中，开始监听转移任务队列...
2020-07-31 18:43:35.827380 I | 开始监听转移消息队列
2020-07-31 18:43:35.849007 I | Transport [http] Listening on [::]:33847
2020-07-31 18:43:35.871654 I | Broker [http] Connected to [::]:45601
2020-07-31 18:43:35.875150 I | Registry [consul] Registering node: go.micro.service.transfer-e5573a7b-4e04-4e0b-a38c-8bc47576a734
2020-07-31 18:45:28.148204 I | {"FileHash":"c536e325231ccfb30f3333a9754fa70b84ef1365","CurLocation":"/data/fileserver_tmp/a.log","DestLocation":"oss/c536e325231ccfb30f3333a9754fa70b84ef1365","DestStoreType":3}
2020-07-31 18:46:37.545888 I | {"FileHash":"ab7c052d33ce8424a58f87f985dadaab6deb3127","CurLocation":"/data/fileserver_tmp/local.log","DestLocation":"oss/ab7c052d33ce8424a58f87f985dadaab6deb3127","DestStoreType":3}
2020-07-31 18:55:29.435610 I | Registry [consul] Deregistering node: go.micro.service.transfer-e5573a7b-4e04-4e0b-a38c-8bc47576a734
2020-07-31 18:57:32.441211 I | 文件转移服务启动中，开始监听转移任务队列...
2020-07-31 18:57:32.444900 I | 开始监听转移消息队列
2020-07-31 18:57:32.490916 I | Transport [http] Listening on [::]:46715
2020-07-31 18:57:32.493408 I | Broker [http] Connected to [::]:33689
2020-07-31 18:57:32.497715 I | Registry [consul] Registering node: go.micro.service.transfer-ca21a7a1-1a01-4feb-a435-cf5dde8309a9
2020-07-31 18:58:48.888354 I | {"FileHash":"c536e325231ccfb30f3333a9754fa70b84ef1365","CurLocation":"/data/fileserver_tmp/a.log","DestLocation":"oss/c536e325231ccfb30f3333a9754fa70b84ef1365","DestStoreType":3}
2020-07-31 18:59:03.306833 I | {"FileHash":"a64e9fede92c55932ce82d77891f77a1f015a9f1","CurLocation":"/data/fileserver_tmp/examples.desktop","DestLocation":"oss/a64e9fede92c55932ce82d77891f77a1f015a9f1","DestStoreType":3}
2020-07-31 18:59:19.534695 I | {"FileHash":"c536e325231ccfb30f3333a9754fa70b84ef1365","CurLocation":"/data/fileserver_tmp/a.log","DestLocation":"oss/c536e325231ccfb30f3333a9754fa70b84ef1365","DestStoreType":3}
data already exist, c536e325231ccfb30f3333a9754fa70b84ef1365
2020-07-31 22:52:31.864604 I | Registry [consul] Deregistering node: go.micro.service.transfer-ca21a7a1-1a01-4feb-a435-cf5dde8309a9
2020-07-31 22:54:17.961149 I | 文件转移服务启动中，开始监听转移任务队列...
2020-07-31 22:54:17.962164 I | 开始监听转移消息队列
2020-07-31 22:54:18.005483 I | Transport [http] Listening on [::]:41209
2020-07-31 22:54:18.007790 I | Broker [http] Connected to [::]:46269
2020-07-31 22:54:18.013782 I | Registry [consul] Registering node: go.micro.service.transfer-655aafd4-5608-45da-ac20-fcb140cae3fc
2020-07-31 22:55:03.732298 I | Registry [consul] Deregistering node: go.micro.service.transfer-655aafd4-5608-45da-ac20-fcb140cae3fc
2020-08-01 13:35:15.327339 I | 文件转移服务启动中，开始监听转移任务队列...
2020-08-01 13:35:15.328377 I | 开始监听转移消息队列
2020-08-01 13:35:15.332325 I | Transport [http] Listening on [::]:41445
2020-08-01 13:35:15.332393 I | Broker [http] Connected to [::]:42959
2020-08-01 13:35:15.334031 I | Registry [consul] Registering node: go.micro.service.transfer-8e041a93-c96c-42ef-b7ff-f53c7666027b
2020-08-01 13:39:24.865497 I | {"FileHash":"34a6c285ed3841518d2355ac7f31c953923bdf1b","CurLocation":"/data/fileserver_tmp/master.conf","DestLocation":"oss/34a6c285ed3841518d2355ac7f31c953923bdf1b","DestStoreType":3}
2020-08-01 13:42:10.480884 I | Registry [consul] Deregistering node: go.micro.service.transfer-8e041a93-c96c-42ef-b7ff-f53c7666027b
2020-08-01 13:42:28.098612 I | 文件转移服务启动中，开始监听转移任务队列...
2020-08-01 13:42:28.115727 I | 开始监听转移消息队列
2020-08-01 13:42:28.115770 I | Transport [http] Listening on [::]:33143
2020-08-01 13:42:28.115947 I | Broker [http] Connected to [::]:37075
2020-08-01 13:42:28.118208 I | Registry [consul] Registering node: go.micro.service.transfer-351d6cb7-e85c-4a2f-8b60-3ca8d56a9dff
2020-08-01 13:47:10.402500 I | {"FileHash":"59766aeb8ab938fe5c230df7703179aab6768059","CurLocation":"/data/fileserver_merge/59766aeb8ab938fe5c230df7703179aab6768059","DestLocation":"oss/59766aeb8ab938fe5c230df7703179aab6768059","DestStoreType":3}
2020-08-01 13:52:00.926349 I | {"FileHash":"1b38e012764b5a0add5eb03fa9f8c90c486fb363","CurLocation":"/data/fileserver_merge/1b38e012764b5a0add5eb03fa9f8c90c486fb363","DestLocation":"oss/1b38e012764b5a0add5eb03fa9f8c90c486fb363","DestStoreType":3}
2020-08-01 13:52:15.677917 I | {"FileHash":"b72fbf2dcdbbfcc47e0a18474331f913c52b508e","CurLocation":"/data/fileserver_merge/b72fbf2dcdbbfcc47e0a18474331f913c52b508e","DestLocation":"oss/b72fbf2dcdbbfcc47e0a18474331f913c52b508e","DestStoreType":3}
2020-08-01 13:55:44.978788 I | {"FileHash":"2aadc5a7472973d4730903a5ddcdb0525e1d11f2","CurLocation":"/data/fileserver_merge/2aadc5a7472973d4730903a5ddcdb0525e1d11f2","DestLocation":"oss/2aadc5a7472973d4730903a5ddcdb0525e1d11f2","DestStoreType":3}
2020-08-01 13:56:53.980211 I | {"FileHash":"12c486f84bcf50866f6a71b5ff6026079b39d3c7","CurLocation":"/data/fileserver_merge/12c486f84bcf50866f6a71b5ff6026079b39d3c7","DestLocation":"oss/12c486f84bcf50866f6a71b5ff6026079b39d3c7","DestStoreType":3}
2020-08-01 14:11:12.975958 I | Registry [consul] Deregistering node: go.micro.service.transfer-351d6cb7-e85c-4a2f-8b60-3ca8d56a9dff
2020-08-01 14:14:05.324492 I | 文件转移服务启动中，开始监听转移任务队列...
2020-08-01 14:14:05.326337 I | 开始监听转移消息队列
2020-08-01 14:14:05.333433 I | Transport [http] Listening on [::]:45881
2020-08-01 14:14:05.333513 I | Broker [http] Connected to [::]:43787
2020-08-01 14:14:05.335832 I | Registry [consul] Registering node: go.micro.service.transfer-81eb9e96-c0fb-4f24-9d5e-5e6580cd01b8
2020-08-01 14:15:05.838102 I | {"FileHash":"c3f1fc8e93019787d71f3a500480c05b61faf387","CurLocation":"/data/fileserver_merge/c3f1fc8e93019787d71f3a500480c05b61faf387","DestLocation":"oss/c3f1fc8e93019787d71f3a500480c05b61faf387","DestStoreType":3}
2020-08-01 14:18:28.186225 I | Registry [consul] Deregistering node: go.micro.service.transfer-81eb9e96-c0fb-4f24-9d5e-5e6580cd01b8
2020-08-01 14:18:55.929090 I | 文件转移服务启动中，开始监听转移任务队列...
2020-08-01 14:18:55.930500 I | 开始监听转移消息队列
2020-08-01 14:18:55.967599 I | Transport [http] Listening on [::]:39315
2020-08-01 14:18:55.967697 I | Broker [http] Connected to [::]:39711
2020-08-01 14:18:55.969268 I | Registry [consul] Registering node: go.micro.service.transfer-16b75d9c-7286-4657-9664-b581c0846e44
2020-08-01 14:20:27.942066 I | {"FileHash":"1b38e012764b5a0add5eb03fa9f8c90c486fb363","CurLocation":"/data/fileserver_merge/1b38e012764b5a0add5eb03fa9f8c90c486fb363","DestLocation":"oss/1b38e012764b5a0add5eb03fa9f8c90c486fb363","DestStoreType":3}
2020-08-01 14:24:46.061881 I | Registry [consul] Deregistering node: go.micro.service.transfer-16b75d9c-7286-4657-9664-b581c0846e44
2020-08-01 14:25:03.652083 I | 文件转移服务启动中，开始监听转移任务队列...
2020-08-01 14:25:03.670532 I | 开始监听转移消息队列
2020-08-01 14:25:03.671608 I | Transport [http] Listening on [::]:36683
2020-08-01 14:25:03.692478 I | Broker [http] Connected to [::]:43443
2020-08-01 14:25:03.694341 I | Registry [consul] Registering node: go.micro.service.transfer-dff752fb-aa90-4de3-968d-0b9e39a88b85
2020-08-01 14:25:23.162289 I | {"FileHash":"c536e325231ccfb30f3333a9754fa70b84ef1365","CurLocation":"/data/fileserver_merge/c536e325231ccfb30f3333a9754fa70b84ef1365","DestLocation":"oss/c536e325231ccfb30f3333a9754fa70b84ef1365","DestStoreType":3}
2020-08-01 14:27:27.220146 I | Registry [consul] Deregistering node: go.micro.service.transfer-dff752fb-aa90-4de3-968d-0b9e39a88b85
2020-08-01 14:27:43.732924 I | 文件转移服务启动中，开始监听转移任务队列...
2020-08-01 14:27:43.733411 I | 开始监听转移消息队列
2020-08-01 14:27:43.747883 I | Transport [http] Listening on [::]:45557
2020-08-01 14:27:43.749086 I | Broker [http] Connected to [::]:36917
2020-08-01 14:27:43.751007 I | Registry [consul] Registering node: go.micro.service.transfer-7f2f5aea-5612-4695-b3bb-db4d93d80d37
2020-08-01 14:28:04.326111 I | {"FileHash":"a64e9fede92c55932ce82d77891f77a1f015a9f1","CurLocation":"/data/fileserver_merge/a64e9fede92c55932ce82d77891f77a1f015a9f1","DestLocation":"oss/a64e9fede92c55932ce82d77891f77a1f015a9f1","DestStoreType":3}
2020-08-01 14:31:46.450752 I | Registry [consul] Deregistering node: go.micro.service.transfer-7f2f5aea-5612-4695-b3bb-db4d93d80d37
2020-08-01 14:31:53.788052 I | 文件转移服务启动中，开始监听转移任务队列...
2020-08-01 14:31:53.788122 I | 开始监听转移消息队列
2020-08-01 14:31:53.795465 I | Transport [http] Listening on [::]:35199
2020-08-01 14:31:53.795534 I | Broker [http] Connected to [::]:34965
2020-08-01 14:31:53.797162 I | Registry [consul] Registering node: go.micro.service.transfer-f7e191b4-8711-42a9-94e8-7072fdccdb48
2020-08-01 14:32:18.967184 I | {"FileHash":"a0c9940a9db615ae166f2e3fbf9c719270b99792","CurLocation":"/data/fileserver_merge/a0c9940a9db615ae166f2e3fbf9c719270b99792","DestLocation":"oss/a0c9940a9db615ae166f2e3fbf9c719270b99792","DestStoreType":3}
2020-08-01 14:36:08.823328 I | Registry [consul] Deregistering node: go.micro.service.transfer-f7e191b4-8711-42a9-94e8-7072fdccdb48
2020-08-01 14:36:26.696943 I | 文件转移服务启动中，开始监听转移任务队列...
2020-08-01 14:36:26.697678 I | 开始监听转移消息队列
2020-08-01 14:36:26.735556 I | Transport [http] Listening on [::]:43373
2020-08-01 14:36:26.745401 I | Broker [http] Connected to [::]:42975
2020-08-01 14:36:26.747340 I | Registry [consul] Registering node: go.micro.service.transfer-2fa5d877-a6fb-48a9-9525-36fb555feaf5
2020-08-01 14:36:50.865789 I | {"FileHash":"7a4733de5811d9567bdce209cb6033b33f7fe016","CurLocation":"/data/fileserver_merge/7a4733de5811d9567bdce209cb6033b33f7fe016","DestLocation":"oss/7a4733de5811d9567bdce209cb6033b33f7fe016","DestStoreType":3}
2020-08-01 14:37:32.989578 I | Registry [consul] Deregistering node: go.micro.service.transfer-2fa5d877-a6fb-48a9-9525-36fb555feaf5
2020-08-01 14:37:54.467868 I | 文件转移服务启动中，开始监听转移任务队列...
2020-08-01 14:37:54.468151 I | 开始监听转移消息队列
2020-08-01 14:37:54.474899 I | Transport [http] Listening on [::]:44409
2020-08-01 14:37:54.474989 I | Broker [http] Connected to [::]:37643
2020-08-01 14:37:54.479318 I | Registry [consul] Registering node: go.micro.service.transfer-b5929a7c-1591-4b28-aeab-4cc67900fb8e
2020-08-01 14:38:03.371922 I | {"FileHash":"a75a2d53dcb1a5b1efa3bcf1daf7ac3fc218157e","CurLocation":"/data/fileserver_merge/a75a2d53dcb1a5b1efa3bcf1daf7ac3fc218157e","DestLocation":"oss/a75a2d53dcb1a5b1efa3bcf1daf7ac3fc218157e","DestStoreType":3}
2020-08-01 14:47:49.053393 I | Registry [consul] Deregistering node: go.micro.service.transfer-b5929a7c-1591-4b28-aeab-4cc67900fb8e
2020-08-01 15:25:50.291384 I | 文件转移服务启动中，开始监听转移任务队列...
2020-08-01 15:25:50.292213 I | 开始监听转移消息队列
2020-08-01 15:25:50.325836 I | Transport [http] Listening on [::]:42445
2020-08-01 15:25:50.328395 I | Broker [http] Connected to [::]:43197
2020-08-01 15:25:50.330138 I | Registry [consul] Registering node: go.micro.service.transfer-35a75a3d-4584-417a-8235-a739acf4405f
2020-08-01 15:36:02.474657 I | Registry [consul] Deregistering node: go.micro.service.transfer-35a75a3d-4584-417a-8235-a739acf4405f
2020-08-01 15:36:11.559176 I | 文件转移服务启动中，开始监听转移任务队列...
2020-08-01 15:36:11.559421 I | 开始监听转移消息队列
2020-08-01 15:36:11.564917 I | Transport [http] Listening on [::]:37521
2020-08-01 15:36:11.565081 I | Broker [http] Connected to [::]:39337
2020-08-01 15:36:11.566932 I | Registry [consul] Registering node: go.micro.service.transfer-e79bba6f-edf6-4366-9386-963d1d31c771
2020-08-01 15:38:24.444716 I | {"FileHash":"20894bc03aad5634b84f168d77d404f5ff9c19b5","CurLocation":"/data/fileserver_merge/20894bc03aad5634b84f168d77d404f5ff9c19b5","DestLocation":"oss/20894bc03aad5634b84f168d77d404f5ff9c19b5","DestStoreType":3}
2020-08-01 15:40:16.103153 I | {"FileHash":"e1f0f49341d9878b3d514944bf44f8febaa98ae7","CurLocation":"/data/fileserver_merge/e1f0f49341d9878b3d514944bf44f8febaa98ae7","DestLocation":"oss/e1f0f49341d9878b3d514944bf44f8febaa98ae7","DestStoreType":3}
2020-08-01 15:53:07.612124 I | {"FileHash":"a0c9940a9db615ae166f2e3fbf9c719270b99792","CurLocation":"/data/fileserver_merge/a0c9940a9db615ae166f2e3fbf9c719270b99792","DestLocation":"oss/a0c9940a9db615ae166f2e3fbf9c719270b99792","DestStoreType":3}
2020-08-01 16:02:57.998855 I | Registry [consul] Deregistering node: go.micro.service.transfer-e79bba6f-edf6-4366-9386-963d1d31c771
dial tcp 127.0.0.1:5672: connect: connection refused
2020-08-01 16:11:06.099444 I | 文件转移服务启动中，开始监听转移任务队列...
2020-08-01 16:11:06.099543 I | 开始监听转移消息队列
panic: runtime error: invalid memory address or nil pointer dereference
[signal SIGSEGV: segmentation violation code=0x1 addr=0x48 pc=0x1305727]

goroutine 36 [running]:
github.com/streadway/amqp.(*Channel).Consume(0x0, 0x168b6bc, 0x16, 0x16808f6, 0xc, 0xc000000001, 0x0, 0xc00014a000, 0x2, 0xc00012fda0)
	/home/zwx/go/src/filestore-server-study/vendor/github.com/streadway/amqp/channel.go:1078 +0x197
filestore-server-study/mq.StartConsume(0x168b6bc, 0x16, 0x16808f6, 0xc, 0x16c4240)
	/home/zwx/go/src/filestore-server-study/mq/consumer.go:11 +0x73
main.startTransferService()
	/home/zwx/go/src/filestore-server-study/service/transfer/main.go:60 +0xdb
created by main.main
	/home/zwx/go/src/filestore-server-study/service/transfer/main.go:80 +0x35
dial tcp 127.0.0.1:5672: connect: connection refused
2020-08-01 16:15:38.164326 I | 文件转移服务启动中，开始监听转移任务队列...
2020-08-01 16:15:38.180478 I | 开始监听转移消息队列
panic: runtime error: invalid memory address or nil pointer dereference
[signal SIGSEGV: segmentation violation code=0x1 addr=0x48 pc=0x1305727]

goroutine 26 [running]:
github.com/streadway/amqp.(*Channel).Consume(0x0, 0x168b6bc, 0x16, 0x16808f6, 0xc, 0xc000000001, 0x0, 0xc00014a000, 0x2, 0xc00049c300)
	/home/zwx/go/src/filestore-server-study/vendor/github.com/streadway/amqp/channel.go:1078 +0x197
filestore-server-study/mq.StartConsume(0x168b6bc, 0x16, 0x16808f6, 0xc, 0x16c4240)
	/home/zwx/go/src/filestore-server-study/mq/consumer.go:11 +0x73
main.startTransferService()
	/home/zwx/go/src/filestore-server-study/service/transfer/main.go:60 +0xdb
created by main.main
	/home/zwx/go/src/filestore-server-study/service/transfer/main.go:80 +0x35
dial tcp 127.0.0.1:5672: connect: connection refused
2020-08-01 16:17:44.300099 I | 文件转移服务启动中，开始监听转移任务队列...
2020-08-01 16:17:44.300226 I | 开始监听转移消息队列
panic: runtime error: invalid memory address or nil pointer dereference
[signal SIGSEGV: segmentation violation code=0x1 addr=0x48 pc=0x1305727]

goroutine 37 [running]:
github.com/streadway/amqp.(*Channel).Consume(0x0, 0x168b6bc, 0x16, 0x16808f6, 0xc, 0xc000000001, 0x0, 0xc00014a000, 0x2, 0xc00012fc60)
	/home/zwx/go/src/filestore-server-study/vendor/github.com/streadway/amqp/channel.go:1078 +0x197
filestore-server-study/mq.StartConsume(0x168b6bc, 0x16, 0x16808f6, 0xc, 0x16c4240)
	/home/zwx/go/src/filestore-server-study/mq/consumer.go:11 +0x73
main.startTransferService()
	/home/zwx/go/src/filestore-server-study/service/transfer/main.go:60 +0xdb
created by main.main
	/home/zwx/go/src/filestore-server-study/service/transfer/main.go:80 +0x35
