连接失败
ERR Client sent AUTH, but no password is set
<nil>
[GIN-debug] [WARNING] Creating an Engine instance with the Logger and Recovery middleware already attached.

[GIN-debug] [WARNING] Running in "debug" mode. Switch to "release" mode in production.
 - using env:	export GIN_MODE=release
 - using code:	gin.SetMode(gin.ReleaseMode)

[GIN-debug] GET    /static/*filepath         --> github.com/gin-gonic/gin.(*RouterGroup).createStaticHandler.func1 (3 handlers)
[GIN-debug] HEAD   /static/*filepath         --> github.com/gin-gonic/gin.(*RouterGroup).createStaticHandler.func1 (3 handlers)
[GIN-debug] POST   /file/upload              --> filestore-server-study/service/upload/api.DoUploadHandler (4 handlers)
[GIN-debug] POST   /file/fastupload          --> filestore-server-study/service/upload/api.FastUploadUserFile (4 handlers)
[GIN-debug] POST   /file/mpupload/init       --> filestore-server-study/service/upload/api.InitMultipartUpload (4 handlers)
[GIN-debug] POST   /file/mpupload/uppart     --> filestore-server-study/service/upload/api.MultipartUpload (4 handlers)
[GIN-debug] POST   /file/mpupload/complete   --> filestore-server-study/service/upload/api.CompleteMultipartUpload (4 handlers)
[GIN-debug] Listening and serving HTTP on 0.0.0.0:28080
2020-07-30 17:12:55.773669 I | Transport [http] Listening on [::]:32855
2020-07-30 17:12:55.773747 I | Broker [http] Connected to [::]:33211
2020-07-30 17:12:55.774908 I | Registry [consul] Registering node: go.micro.service.upload-313d68a8-d0b6-46b3-b040-a082fe631a4c
2020-07-30 17:16:52.202759 I | Registry [consul] Deregistering node: go.micro.service.upload-313d68a8-d0b6-46b3-b040-a082fe631a4c
连接失败
ERR Client sent AUTH, but no password is set
<nil>
[GIN-debug] [WARNING] Creating an Engine instance with the Logger and Recovery middleware already attached.

[GIN-debug] [WARNING] Running in "debug" mode. Switch to "release" mode in production.
 - using env:	export GIN_MODE=release
 - using code:	gin.SetMode(gin.ReleaseMode)

[GIN-debug] GET    /static/*filepath         --> github.com/gin-gonic/gin.(*RouterGroup).createStaticHandler.func1 (3 handlers)
[GIN-debug] HEAD   /static/*filepath         --> github.com/gin-gonic/gin.(*RouterGroup).createStaticHandler.func1 (3 handlers)
[GIN-debug] POST   /file/upload              --> filestore-server-study/service/upload/api.DoUploadHandler (4 handlers)
[GIN-debug] POST   /file/fastupload          --> filestore-server-study/service/upload/api.FastUploadUserFile (4 handlers)
[GIN-debug] POST   /file/mpupload/init       --> filestore-server-study/service/upload/api.InitMultipartUpload (4 handlers)
[GIN-debug] POST   /file/mpupload/uppart     --> filestore-server-study/service/upload/api.MultipartUpload (4 handlers)
[GIN-debug] POST   /file/mpupload/complete   --> filestore-server-study/service/upload/api.CompleteMultipartUpload (4 handlers)
[GIN-debug] Listening and serving HTTP on 0.0.0.0:28080
2020-07-30 17:16:59.347656 I | Transport [http] Listening on [::]:42959
2020-07-30 17:16:59.347775 I | Broker [http] Connected to [::]:42003
2020-07-30 17:16:59.349087 I | Registry [consul] Registering node: go.micro.service.upload-84ffe953-7f6d-41f5-a9a8-bd46d4dc87da
2020-07-30 17:20:04.388669 I | Registry [consul] Deregistering node: go.micro.service.upload-84ffe953-7f6d-41f5-a9a8-bd46d4dc87da
[]
[GIN-debug] [WARNING] Creating an Engine instance with the Logger and Recovery middleware already attached.

[GIN-debug] [WARNING] Running in "debug" mode. Switch to "release" mode in production.
 - using env:	export GIN_MODE=release
 - using code:	gin.SetMode(gin.ReleaseMode)

[GIN-debug] GET    /static/*filepath         --> github.com/gin-gonic/gin.(*RouterGroup).createStaticHandler.func1 (3 handlers)
[GIN-debug] HEAD   /static/*filepath         --> github.com/gin-gonic/gin.(*RouterGroup).createStaticHandler.func1 (3 handlers)
[GIN-debug] POST   /file/upload              --> filestore-server-study/service/upload/api.DoUploadHandler (4 handlers)
[GIN-debug] POST   /file/fastupload          --> filestore-server-study/service/upload/api.FastUploadUserFile (4 handlers)
[GIN-debug] POST   /file/mpupload/init       --> filestore-server-study/service/upload/api.InitMultipartUpload (4 handlers)
[GIN-debug] POST   /file/mpupload/uppart     --> filestore-server-study/service/upload/api.MultipartUpload (4 handlers)
[GIN-debug] POST   /file/mpupload/complete   --> filestore-server-study/service/upload/api.CompleteMultipartUpload (4 handlers)
[GIN-debug] Listening and serving HTTP on 0.0.0.0:28080
2020-07-30 17:20:12.296345 I | Transport [http] Listening on [::]:35555
2020-07-30 17:20:12.296565 I | Broker [http] Connected to [::]:44191
2020-07-30 17:20:12.298811 I | Registry [consul] Registering node: go.micro.service.upload-3ec98272-647b-4af8-8406-de99607c08e5
2020-07-30 17:29:54.622609 I | Registry [consul] Deregistering node: go.micro.service.upload-3ec98272-647b-4af8-8406-de99607c08e5
[]
[GIN-debug] [WARNING] Creating an Engine instance with the Logger and Recovery middleware already attached.

[GIN-debug] [WARNING] Running in "debug" mode. Switch to "release" mode in production.
 - using env:	export GIN_MODE=release
 - using code:	gin.SetMode(gin.ReleaseMode)

[GIN-debug] GET    /static/*filepath         --> github.com/gin-gonic/gin.(*RouterGroup).createStaticHandler.func1 (3 handlers)
[GIN-debug] HEAD   /static/*filepath         --> github.com/gin-gonic/gin.(*RouterGroup).createStaticHandler.func1 (3 handlers)
[GIN-debug] POST   /file/upload              --> filestore-server-study/service/upload/api.DoUploadHandler (4 handlers)
[GIN-debug] POST   /file/fastupload          --> filestore-server-study/service/upload/api.FastUploadUserFile (4 handlers)
[GIN-debug] POST   /file/mpupload/init       --> filestore-server-study/service/upload/api.InitMultipartUpload (4 handlers)
[GIN-debug] POST   /file/mpupload/uppart     --> filestore-server-study/service/upload/api.MultipartUpload (4 handlers)
[GIN-debug] POST   /file/mpupload/complete   --> filestore-server-study/service/upload/api.CompleteMultipartUpload (4 handlers)
[GIN-debug] Listening and serving HTTP on 0.0.0.0:28080
2020-07-30 17:30:24.455861 I | Transport [http] Listening on [::]:46537
2020-07-30 17:30:24.456074 I | Broker [http] Connected to [::]:39707
2020-07-30 17:30:24.461604 I | Registry [consul] Registering node: go.micro.service.upload-3afe00ac-74eb-43b9-b334-f5c68a68e5d4
2020-07-30 17:38:13.408051 I | Registry [consul] Deregistering node: go.micro.service.upload-3afe00ac-74eb-43b9-b334-f5c68a68e5d4
[]
[GIN-debug] [WARNING] Creating an Engine instance with the Logger and Recovery middleware already attached.

[GIN-debug] [WARNING] Running in "debug" mode. Switch to "release" mode in production.
 - using env:	export GIN_MODE=release
 - using code:	gin.SetMode(gin.ReleaseMode)

[GIN-debug] GET    /static/*filepath         --> github.com/gin-gonic/gin.(*RouterGroup).createStaticHandler.func1 (3 handlers)
[GIN-debug] HEAD   /static/*filepath         --> github.com/gin-gonic/gin.(*RouterGroup).createStaticHandler.func1 (3 handlers)
[GIN-debug] POST   /file/upload              --> filestore-server-study/service/upload/api.DoUploadHandler (4 handlers)
[GIN-debug] POST   /file/fastupload          --> filestore-server-study/service/upload/api.FastUploadUserFile (4 handlers)
[GIN-debug] POST   /file/mpupload/init       --> filestore-server-study/service/upload/api.InitMultipartUpload (4 handlers)
[GIN-debug] POST   /file/mpupload/uppart     --> filestore-server-study/service/upload/api.MultipartUpload (4 handlers)
[GIN-debug] POST   /file/mpupload/complete   --> filestore-server-study/service/upload/api.CompleteMultipartUpload (4 handlers)
[GIN-debug] Listening and serving HTTP on 0.0.0.0:28080
2020-07-30 17:38:37.802297 I | Transport [http] Listening on [::]:37485
2020-07-30 17:38:37.810270 I | Broker [http] Connected to [::]:41535
2020-07-30 17:38:37.812337 I | Registry [consul] Registering node: go.micro.service.upload-8ce8d02e-a061-49a0-afea-105111df6a93
2020-07-30 17:41:19.546223 I | Registry [consul] Deregistering node: go.micro.service.upload-8ce8d02e-a061-49a0-afea-105111df6a93
[]
[GIN-debug] [WARNING] Creating an Engine instance with the Logger and Recovery middleware already attached.

[GIN-debug] [WARNING] Running in "debug" mode. Switch to "release" mode in production.
 - using env:	export GIN_MODE=release
 - using code:	gin.SetMode(gin.ReleaseMode)

[GIN-debug] GET    /static/*filepath         --> github.com/gin-gonic/gin.(*RouterGroup).createStaticHandler.func1 (3 handlers)
[GIN-debug] HEAD   /static/*filepath         --> github.com/gin-gonic/gin.(*RouterGroup).createStaticHandler.func1 (3 handlers)
[GIN-debug] POST   /file/upload              --> filestore-server-study/service/upload/api.DoUploadHandler (4 handlers)
[GIN-debug] POST   /file/fastupload          --> filestore-server-study/service/upload/api.FastUploadUserFile (4 handlers)
[GIN-debug] POST   /file/mpupload/init       --> filestore-server-study/service/upload/api.InitMultipartUpload (4 handlers)
[GIN-debug] POST   /file/mpupload/uppart     --> filestore-server-study/service/upload/api.MultipartUpload (4 handlers)
[GIN-debug] POST   /file/mpupload/complete   --> filestore-server-study/service/upload/api.CompleteMultipartUpload (4 handlers)
[GIN-debug] Listening and serving HTTP on 0.0.0.0:28080
2020-07-30 17:42:06.979704 I | Transport [http] Listening on [::]:38903
2020-07-30 17:42:06.988158 I | Broker [http] Connected to [::]:42787
2020-07-30 17:42:06.992404 I | Registry [consul] Registering node: go.micro.service.upload-3d731894-6156-4b0f-979f-232f3c5e1f72
2020-07-30 17:48:34.538694 I | Registry [consul] Deregistering node: go.micro.service.upload-3d731894-6156-4b0f-979f-232f3c5e1f72
[]
[GIN-debug] [WARNING] Creating an Engine instance with the Logger and Recovery middleware already attached.

[GIN-debug] [WARNING] Running in "debug" mode. Switch to "release" mode in production.
 - using env:	export GIN_MODE=release
 - using code:	gin.SetMode(gin.ReleaseMode)

[GIN-debug] GET    /static/*filepath         --> github.com/gin-gonic/gin.(*RouterGroup).createStaticHandler.func1 (3 handlers)
[GIN-debug] HEAD   /static/*filepath         --> github.com/gin-gonic/gin.(*RouterGroup).createStaticHandler.func1 (3 handlers)
[GIN-debug] POST   /file/upload              --> filestore-server-study/service/upload/api.DoUploadHandler (4 handlers)
[GIN-debug] POST   /file/fastupload          --> filestore-server-study/service/upload/api.FastUploadUserFile (4 handlers)
[GIN-debug] POST   /file/mpupload/init       --> filestore-server-study/service/upload/api.InitMultipartUpload (4 handlers)
[GIN-debug] POST   /file/mpupload/uppart     --> filestore-server-study/service/upload/api.MultipartUpload (4 handlers)
[GIN-debug] POST   /file/mpupload/complete   --> filestore-server-study/service/upload/api.CompleteMultipartUpload (4 handlers)
[GIN-debug] Listening and serving HTTP on 0.0.0.0:28080
2020-07-30 17:49:16.804615 I | Transport [http] Listening on [::]:39461
2020-07-30 17:49:16.810016 I | Broker [http] Connected to [::]:38929
2020-07-30 17:49:16.813141 I | Registry [consul] Registering node: go.micro.service.upload-c2ab0c2e-b779-49f8-84a5-da3a239c2343
2020-07-30 18:22:21.301570 I | Registry [consul] Deregistering node: go.micro.service.upload-c2ab0c2e-b779-49f8-84a5-da3a239c2343
[]
[GIN-debug] [WARNING] Creating an Engine instance with the Logger and Recovery middleware already attached.

[GIN-debug] [WARNING] Running in "debug" mode. Switch to "release" mode in production.
 - using env:	export GIN_MODE=release
 - using code:	gin.SetMode(gin.ReleaseMode)

[GIN-debug] GET    /static/*filepath         --> github.com/gin-gonic/gin.(*RouterGroup).createStaticHandler.func1 (3 handlers)
[GIN-debug] HEAD   /static/*filepath         --> github.com/gin-gonic/gin.(*RouterGroup).createStaticHandler.func1 (3 handlers)
[GIN-debug] POST   /file/upload              --> filestore-server-study/service/upload/api.DoUploadHandler (4 handlers)
[GIN-debug] POST   /file/fastupload          --> filestore-server-study/service/upload/api.FastUploadUserFile (4 handlers)
[GIN-debug] POST   /file/mpupload/init       --> filestore-server-study/service/upload/api.InitMultipartUpload (4 handlers)
[GIN-debug] POST   /file/mpupload/uppart     --> filestore-server-study/service/upload/api.MultipartUpload (4 handlers)
[GIN-debug] POST   /file/mpupload/complete   --> filestore-server-study/service/upload/api.CompleteMultipartUpload (4 handlers)
[GIN-debug] Listening and serving HTTP on 0.0.0.0:28080
2020-07-30 18:22:53.286629 I | Transport [http] Listening on [::]:33351
2020-07-30 18:22:53.294996 I | Broker [http] Connected to [::]:46433
2020-07-30 18:22:53.297940 I | Registry [consul] Registering node: go.micro.service.upload-71cf8580-ee40-46d0-ae05-6d6a2ce55b59
true
[GIN] 2020/07/30 - 18:35:38 | 302 |   87.604825ms |       127.0.0.1 | POST     "/file/upload?username=zhaoweixiong&token=ae4f84643a22d9357cc84afa151cb5b45f22a249"
[GIN] 2020/07/30 - 18:35:38 | 200 |    9.190279ms |       127.0.0.1 | GET      "/static/view/home.html"
true
data already exist, a0c9940a9db615ae166f2e3fbf9c719270b99792
[GIN] 2020/07/30 - 18:49:33 | 302 |   28.991336ms |       127.0.0.1 | POST     "/file/upload?username=zhaoweixiong&token=ae4f84643a22d9357cc84afa151cb5b45f22a249"
[GIN] 2020/07/30 - 18:49:33 | 200 |     385.779µs |       127.0.0.1 | GET      "/static/view/home.html"
true
data already exist, a0c9940a9db615ae166f2e3fbf9c719270b99792
[GIN] 2020/07/30 - 18:50:46 | 302 |   21.103803ms |       127.0.0.1 | POST     "/file/upload?username=zhaoweixiong&token=ae4f84643a22d9357cc84afa151cb5b45f22a249"
[GIN] 2020/07/30 - 18:50:46 | 200 |      366.66µs |       127.0.0.1 | GET      "/static/view/home.html"
true
[GIN] 2020/07/30 - 18:51:30 | 302 |   42.666514ms |       127.0.0.1 | POST     "/file/upload?username=zhaoweixiong&token=ae4f84643a22d9357cc84afa151cb5b45f22a249"
[GIN] 2020/07/30 - 18:51:30 | 200 |    1.029282ms |       127.0.0.1 | GET      "/static/view/home.html"
true
[GIN] 2020/07/30 - 18:52:08 | 302 |   20.134505ms |       127.0.0.1 | POST     "/file/upload?username=zhaoweixiong&token=4b82bba127be92d708edc16c11bc9ead5f22a64b"
[GIN] 2020/07/30 - 18:52:08 | 200 |     383.288µs |       127.0.0.1 | GET      "/static/view/home.html"
2020-07-30 18:54:21.493639 I | Registry [consul] Deregistering node: go.micro.service.upload-71cf8580-ee40-46d0-ae05-6d6a2ce55b59
[]
[GIN-debug] [WARNING] Creating an Engine instance with the Logger and Recovery middleware already attached.

[GIN-debug] [WARNING] Running in "debug" mode. Switch to "release" mode in production.
 - using env:	export GIN_MODE=release
 - using code:	gin.SetMode(gin.ReleaseMode)

[GIN-debug] GET    /static/*filepath         --> github.com/gin-gonic/gin.(*RouterGroup).createStaticHandler.func1 (3 handlers)
[GIN-debug] HEAD   /static/*filepath         --> github.com/gin-gonic/gin.(*RouterGroup).createStaticHandler.func1 (3 handlers)
[GIN-debug] POST   /file/upload              --> filestore-server-study/service/upload/api.DoUploadHandler (4 handlers)
[GIN-debug] POST   /file/fastupload          --> filestore-server-study/service/upload/api.FastUploadUserFile (4 handlers)
[GIN-debug] POST   /file/mpupload/init       --> filestore-server-study/service/upload/api.InitMultipartUpload (4 handlers)
[GIN-debug] POST   /file/mpupload/uppart     --> filestore-server-study/service/upload/api.MultipartUpload (4 handlers)
[GIN-debug] POST   /file/mpupload/complete   --> filestore-server-study/service/upload/api.CompleteMultipartUpload (4 handlers)
[GIN-debug] Listening and serving HTTP on 0.0.0.0:28080
2020-07-30 18:54:34.718285 I | Transport [http] Listening on [::]:36561
2020-07-30 18:54:34.726701 I | Broker [http] Connected to [::]:44407
2020-07-30 18:54:34.728870 I | Registry [consul] Registering node: go.micro.service.upload-edb97336-7b62-4e1c-b471-b2b1e15f15a8
true
data already exist, ab7c052d33ce8424a58f87f985dadaab6deb3127
[GIN] 2020/07/30 - 18:55:38 | 302 |    79.18185ms |       127.0.0.1 | POST     "/file/upload?username=zhaoweixiong&token=4b82bba127be92d708edc16c11bc9ead5f22a64b"
[GIN] 2020/07/30 - 18:55:39 | 200 |     8.55841ms |       127.0.0.1 | GET      "/static/view/home.html"
true
data already exist, c536e325231ccfb30f3333a9754fa70b84ef1365
[GIN] 2020/07/30 - 18:55:52 | 302 |   13.874747ms |       127.0.0.1 | POST     "/file/upload?username=zhaoweixiong&token=6a426d0aae663665ff9be5fb4f8dd9055f22a732"
[GIN] 2020/07/30 - 18:55:52 | 200 |     176.773µs |       127.0.0.1 | GET      "/static/view/home.html"
2020-07-30 19:09:20.837347 I | Registry [consul] Deregistering node: go.micro.service.upload-edb97336-7b62-4e1c-b471-b2b1e15f15a8
[]
[GIN-debug] [WARNING] Creating an Engine instance with the Logger and Recovery middleware already attached.

[GIN-debug] [WARNING] Running in "debug" mode. Switch to "release" mode in production.
 - using env:	export GIN_MODE=release
 - using code:	gin.SetMode(gin.ReleaseMode)

[GIN-debug] GET    /static/*filepath         --> github.com/gin-gonic/gin.(*RouterGroup).createStaticHandler.func1 (3 handlers)
[GIN-debug] HEAD   /static/*filepath         --> github.com/gin-gonic/gin.(*RouterGroup).createStaticHandler.func1 (3 handlers)
[GIN-debug] POST   /file/upload              --> filestore-server-study/service/upload/api.DoUploadHandler (4 handlers)
[GIN-debug] POST   /file/fastupload          --> filestore-server-study/service/upload/api.FastUploadUserFile (4 handlers)
[GIN-debug] POST   /file/mpupload/init       --> filestore-server-study/service/upload/api.InitMultipartUpload (4 handlers)
[GIN-debug] POST   /file/mpupload/uppart     --> filestore-server-study/service/upload/api.MultipartUpload (4 handlers)
[GIN-debug] POST   /file/mpupload/complete   --> filestore-server-study/service/upload/api.CompleteMultipartUpload (4 handlers)
[GIN-debug] Listening and serving HTTP on 0.0.0.0:28080
2020-07-30 19:10:16.125540 I | Transport [http] Listening on [::]:33015
2020-07-30 19:10:16.133022 I | Broker [http] Connected to [::]:40599
2020-07-30 19:10:16.136737 I | Registry [consul] Registering node: go.micro.service.upload-32980a88-a099-40e2-a404-aeec5c2d53a0
true
[GIN] 2020/07/30 - 19:10:53 | 200 |   84.983744ms |       127.0.0.1 | POST     "/file/upload?username=zhaoweixiong&token=66210aadb715985cf479faec6441ab215f22aaa9"
true
data already exist, c536e325231ccfb30f3333a9754fa70b84ef1365
[GIN] 2020/07/30 - 19:14:19 | 200 |   15.878859ms |       127.0.0.1 | POST     "/file/upload?username=zhaoweixiong&token=66210aadb715985cf479faec6441ab215f22aaa9"
true
data already exist, c536e325231ccfb30f3333a9754fa70b84ef1365
[GIN] 2020/07/30 - 19:15:05 | 200 |   17.670566ms |       127.0.0.1 | POST     "/file/upload?username=zhaoweixiong&token=66210aadb715985cf479faec6441ab215f22aaa9"
true
data already exist, c536e325231ccfb30f3333a9754fa70b84ef1365
[GIN] 2020/07/30 - 19:15:07 | 200 |   18.809257ms |       127.0.0.1 | POST     "/file/upload?username=zhaoweixiong&token=66210aadb715985cf479faec6441ab215f22aaa9"
true
data already exist, c536e325231ccfb30f3333a9754fa70b84ef1365
[GIN] 2020/07/30 - 19:19:21 | 200 |    26.03358ms |       127.0.0.1 | POST     "/file/upload?username=zhaoweixiong&token=66210aadb715985cf479faec6441ab215f22aaa9"
true
data already exist, c536e325231ccfb30f3333a9754fa70b84ef1365
[GIN] 2020/07/30 - 19:22:44 | 200 |   24.121162ms |       127.0.0.1 | POST     "/file/upload?username=zhaoweixiong&token=66210aadb715985cf479faec6441ab215f22aaa9"
2020-07-30 19:24:20.667265 I | Registry [consul] Deregistering node: go.micro.service.upload-32980a88-a099-40e2-a404-aeec5c2d53a0
[]
[GIN-debug] [WARNING] Creating an Engine instance with the Logger and Recovery middleware already attached.

[GIN-debug] [WARNING] Running in "debug" mode. Switch to "release" mode in production.
 - using env:	export GIN_MODE=release
 - using code:	gin.SetMode(gin.ReleaseMode)

[GIN-debug] GET    /static/*filepath         --> github.com/gin-gonic/gin.(*RouterGroup).createStaticHandler.func1 (3 handlers)
[GIN-debug] HEAD   /static/*filepath         --> github.com/gin-gonic/gin.(*RouterGroup).createStaticHandler.func1 (3 handlers)
[GIN-debug] POST   /file/upload              --> filestore-server-study/service/upload/api.DoUploadHandler (4 handlers)
[GIN-debug] POST   /file/fastupload          --> filestore-server-study/service/upload/api.FastUploadUserFile (4 handlers)
[GIN-debug] POST   /file/mpupload/init       --> filestore-server-study/service/upload/api.InitMultipartUpload (4 handlers)
[GIN-debug] POST   /file/mpupload/uppart     --> filestore-server-study/service/upload/api.MultipartUpload (4 handlers)
[GIN-debug] POST   /file/mpupload/complete   --> filestore-server-study/service/upload/api.CompleteMultipartUpload (4 handlers)
[GIN-debug] Listening and serving HTTP on 0.0.0.0:28080
2020-07-30 19:25:11.194734 I | Transport [http] Listening on [::]:36187
2020-07-30 19:25:11.205763 I | Broker [http] Connected to [::]:38103
2020-07-30 19:25:11.209479 I | Registry [consul] Registering node: go.micro.service.upload-ccdd3bd3-9a27-4a92-a470-2b99035e17fc
true
data already exist, c536e325231ccfb30f3333a9754fa70b84ef1365
[GIN] 2020/07/30 - 19:29:45 | 200 |  121.601335ms |       127.0.0.1 | POST     "/file/upload?username=zhaoweixiong&token=7619b3164bbef5434800d57625dc30425f22aea8"
true
data already exist, c536e325231ccfb30f3333a9754fa70b84ef1365
[GIN] 2020/07/30 - 19:31:35 | 200 |   26.440614ms |       127.0.0.1 | POST     "/file/upload?username=zhaoweixiong&token=7619b3164bbef5434800d57625dc30425f22aea8"
2020-07-30 20:22:13.764045 I | Registry [consul] Deregistering node: go.micro.service.upload-ccdd3bd3-9a27-4a92-a470-2b99035e17fc
[]
[GIN-debug] [WARNING] Creating an Engine instance with the Logger and Recovery middleware already attached.

[GIN-debug] [WARNING] Running in "debug" mode. Switch to "release" mode in production.
 - using env:	export GIN_MODE=release
 - using code:	gin.SetMode(gin.ReleaseMode)

[GIN-debug] GET    /static/*filepath         --> github.com/gin-gonic/gin.(*RouterGroup).createStaticHandler.func1 (3 handlers)
[GIN-debug] HEAD   /static/*filepath         --> github.com/gin-gonic/gin.(*RouterGroup).createStaticHandler.func1 (3 handlers)
[GIN-debug] POST   /file/upload              --> filestore-server-study/service/upload/api.DoUploadHandler (4 handlers)
[GIN-debug] POST   /file/fastupload          --> filestore-server-study/service/upload/api.FastUploadUserFile (4 handlers)
[GIN-debug] POST   /file/mpupload/init       --> filestore-server-study/service/upload/api.InitMultipartUpload (4 handlers)
[GIN-debug] POST   /file/mpupload/uppart     --> filestore-server-study/service/upload/api.MultipartUpload (4 handlers)
[GIN-debug] POST   /file/mpupload/complete   --> filestore-server-study/service/upload/api.CompleteMultipartUpload (4 handlers)
[GIN-debug] Listening and serving HTTP on 0.0.0.0:28080
2020-07-30 20:22:51.963802 I | Transport [http] Listening on [::]:42137
2020-07-30 20:22:51.964004 I | Broker [http] Connected to [::]:35887
2020-07-30 20:22:51.966498 I | Registry [consul] Registering node: go.micro.service.upload-a9be8f5d-0a01-4d03-bba6-aeeba7124062
true
[GIN] 2020/07/30 - 20:26:36 | 200 |   42.875105ms |       127.0.0.1 | POST     "/file/upload?username=admin&token=2a06d7692eca13740267dff6d540c97c5f22bc73"
2020-07-30 20:39:48.134192 I | Registry [consul] Deregistering node: go.micro.service.upload-a9be8f5d-0a01-4d03-bba6-aeeba7124062
[]
[GIN-debug] [WARNING] Creating an Engine instance with the Logger and Recovery middleware already attached.

[GIN-debug] [WARNING] Running in "debug" mode. Switch to "release" mode in production.
 - using env:	export GIN_MODE=release
 - using code:	gin.SetMode(gin.ReleaseMode)

[GIN-debug] GET    /static/*filepath         --> github.com/gin-gonic/gin.(*RouterGroup).createStaticHandler.func1 (3 handlers)
[GIN-debug] HEAD   /static/*filepath         --> github.com/gin-gonic/gin.(*RouterGroup).createStaticHandler.func1 (3 handlers)
[GIN-debug] POST   /file/upload              --> filestore-server-study/service/upload/api.DoUploadHandler (4 handlers)
[GIN-debug] POST   /file/fastupload          --> filestore-server-study/service/upload/api.FastUploadUserFile (4 handlers)
[GIN-debug] POST   /file/mpupload/init       --> filestore-server-study/service/upload/api.InitMultipartUpload (4 handlers)
[GIN-debug] POST   /file/mpupload/uppart     --> filestore-server-study/service/upload/api.MultipartUpload (4 handlers)
[GIN-debug] POST   /file/mpupload/complete   --> filestore-server-study/service/upload/api.CompleteMultipartUpload (4 handlers)
[GIN-debug] Listening and serving HTTP on 0.0.0.0:28080
2020-07-30 20:41:05.141498 I | Transport [http] Listening on [::]:34903
2020-07-30 20:41:05.141980 I | Broker [http] Connected to [::]:36885
2020-07-30 20:41:05.144042 I | Registry [consul] Registering node: go.micro.service.upload-a2711c5c-98bf-4eca-8069-39eb400b0c10
2020-07-30 20:48:13.299407 I | Registry [consul] Deregistering node: go.micro.service.upload-a2711c5c-98bf-4eca-8069-39eb400b0c10
[]
[GIN-debug] [WARNING] Creating an Engine instance with the Logger and Recovery middleware already attached.

[GIN-debug] [WARNING] Running in "debug" mode. Switch to "release" mode in production.
 - using env:	export GIN_MODE=release
 - using code:	gin.SetMode(gin.ReleaseMode)

[GIN-debug] GET    /static/*filepath         --> github.com/gin-gonic/gin.(*RouterGroup).createStaticHandler.func1 (3 handlers)
[GIN-debug] HEAD   /static/*filepath         --> github.com/gin-gonic/gin.(*RouterGroup).createStaticHandler.func1 (3 handlers)
[GIN-debug] POST   /file/upload              --> filestore-server-study/service/upload/api.DoUploadHandler (4 handlers)
[GIN-debug] POST   /file/fastupload          --> filestore-server-study/service/upload/api.FastUploadUserFile (4 handlers)
[GIN-debug] POST   /file/mpupload/init       --> filestore-server-study/service/upload/api.InitMultipartUpload (4 handlers)
[GIN-debug] POST   /file/mpupload/uppart     --> filestore-server-study/service/upload/api.MultipartUpload (4 handlers)
[GIN-debug] POST   /file/mpupload/complete   --> filestore-server-study/service/upload/api.CompleteMultipartUpload (4 handlers)
[GIN-debug] Listening and serving HTTP on 0.0.0.0:28080
2020-07-30 20:48:27.529041 I | Transport [http] Listening on [::]:35697
2020-07-30 20:48:27.545263 I | Broker [http] Connected to [::]:44059
2020-07-30 20:48:27.546857 I | Registry [consul] Registering node: go.micro.service.upload-3c9cbd79-9894-4e8f-8198-91bd87b01e37
2020-07-30 20:49:48.780979 I | Registry [consul] Deregistering node: go.micro.service.upload-3c9cbd79-9894-4e8f-8198-91bd87b01e37
[]
[GIN-debug] [WARNING] Creating an Engine instance with the Logger and Recovery middleware already attached.

[GIN-debug] [WARNING] Running in "debug" mode. Switch to "release" mode in production.
 - using env:	export GIN_MODE=release
 - using code:	gin.SetMode(gin.ReleaseMode)

[GIN-debug] GET    /static/*filepath         --> github.com/gin-gonic/gin.(*RouterGroup).createStaticHandler.func1 (3 handlers)
[GIN-debug] HEAD   /static/*filepath         --> github.com/gin-gonic/gin.(*RouterGroup).createStaticHandler.func1 (3 handlers)
[GIN-debug] POST   /file/upload              --> filestore-server-study/service/upload/api.DoUploadHandler (4 handlers)
[GIN-debug] POST   /file/fastupload          --> filestore-server-study/service/upload/api.FastUploadUserFile (4 handlers)
[GIN-debug] POST   /file/mpupload/init       --> filestore-server-study/service/upload/api.InitMultipartUpload (4 handlers)
[GIN-debug] POST   /file/mpupload/uppart     --> filestore-server-study/service/upload/api.MultipartUpload (4 handlers)
[GIN-debug] POST   /file/mpupload/complete   --> filestore-server-study/service/upload/api.CompleteMultipartUpload (4 handlers)
[GIN-debug] Listening and serving HTTP on 0.0.0.0:28080
2020-07-30 20:50:01.216097 I | Transport [http] Listening on [::]:46543
2020-07-30 20:50:01.216745 I | Broker [http] Connected to [::]:46793
2020-07-30 20:50:01.217805 I | Registry [consul] Registering node: go.micro.service.upload-4633e08c-e536-4b7a-a3ee-1749d86fc6d4
2020-07-30 20:53:31.121817 I | Registry [consul] Deregistering node: go.micro.service.upload-4633e08c-e536-4b7a-a3ee-1749d86fc6d4
[]
[GIN-debug] [WARNING] Creating an Engine instance with the Logger and Recovery middleware already attached.

[GIN-debug] [WARNING] Running in "debug" mode. Switch to "release" mode in production.
 - using env:	export GIN_MODE=release
 - using code:	gin.SetMode(gin.ReleaseMode)

[GIN-debug] GET    /static/*filepath         --> github.com/gin-gonic/gin.(*RouterGroup).createStaticHandler.func1 (3 handlers)
[GIN-debug] HEAD   /static/*filepath         --> github.com/gin-gonic/gin.(*RouterGroup).createStaticHandler.func1 (3 handlers)
[GIN-debug] POST   /file/upload              --> filestore-server-study/service/upload/api.DoUploadHandler (4 handlers)
[GIN-debug] POST   /file/fastupload          --> filestore-server-study/service/upload/api.FastUploadUserFile (4 handlers)
[GIN-debug] POST   /file/mpupload/init       --> filestore-server-study/service/upload/api.InitMultipartUpload (4 handlers)
[GIN-debug] POST   /file/mpupload/uppart     --> filestore-server-study/service/upload/api.MultipartUpload (4 handlers)
[GIN-debug] POST   /file/mpupload/complete   --> filestore-server-study/service/upload/api.CompleteMultipartUpload (4 handlers)
[GIN-debug] Listening and serving HTTP on 0.0.0.0:28080
2020-07-30 20:54:21.945114 I | Transport [http] Listening on [::]:46437
2020-07-30 20:54:21.945277 I | Broker [http] Connected to [::]:44865
2020-07-30 20:54:21.947461 I | Registry [consul] Registering node: go.micro.service.upload-2844b0af-ae27-4d09-b71a-2321d85fde8a
2020-07-30 20:56:41.416026 I | Registry [consul] Deregistering node: go.micro.service.upload-2844b0af-ae27-4d09-b71a-2321d85fde8a
[]
[GIN-debug] [WARNING] Creating an Engine instance with the Logger and Recovery middleware already attached.

[GIN-debug] [WARNING] Running in "debug" mode. Switch to "release" mode in production.
 - using env:	export GIN_MODE=release
 - using code:	gin.SetMode(gin.ReleaseMode)

[GIN-debug] GET    /static/*filepath         --> github.com/gin-gonic/gin.(*RouterGroup).createStaticHandler.func1 (3 handlers)
[GIN-debug] HEAD   /static/*filepath         --> github.com/gin-gonic/gin.(*RouterGroup).createStaticHandler.func1 (3 handlers)
[GIN-debug] POST   /file/upload              --> filestore-server-study/service/upload/api.DoUploadHandler (4 handlers)
[GIN-debug] POST   /file/fastupload          --> filestore-server-study/service/upload/api.FastUploadUserFile (4 handlers)
[GIN-debug] POST   /file/mpupload/init       --> filestore-server-study/service/upload/api.InitMultipartUpload (4 handlers)
[GIN-debug] POST   /file/mpupload/uppart     --> filestore-server-study/service/upload/api.MultipartUpload (4 handlers)
[GIN-debug] POST   /file/mpupload/complete   --> filestore-server-study/service/upload/api.CompleteMultipartUpload (4 handlers)
[GIN-debug] Listening and serving HTTP on 0.0.0.0:28080
2020-07-30 20:57:18.359472 I | Transport [http] Listening on [::]:39235
2020-07-30 20:57:18.373114 I | Broker [http] Connected to [::]:41921
2020-07-30 20:57:18.378151 I | Registry [consul] Registering node: go.micro.service.upload-043f272f-64be-4fde-8dc2-c1efb2fb0d34
2020-07-30 21:00:29.731631 I | Registry [consul] Deregistering node: go.micro.service.upload-043f272f-64be-4fde-8dc2-c1efb2fb0d34
[]
[GIN-debug] [WARNING] Creating an Engine instance with the Logger and Recovery middleware already attached.

[GIN-debug] [WARNING] Running in "debug" mode. Switch to "release" mode in production.
 - using env:	export GIN_MODE=release
 - using code:	gin.SetMode(gin.ReleaseMode)

[GIN-debug] GET    /static/*filepath         --> github.com/gin-gonic/gin.(*RouterGroup).createStaticHandler.func1 (3 handlers)
[GIN-debug] HEAD   /static/*filepath         --> github.com/gin-gonic/gin.(*RouterGroup).createStaticHandler.func1 (3 handlers)
[GIN-debug] POST   /file/upload              --> filestore-server-study/service/upload/api.DoUploadHandler (4 handlers)
[GIN-debug] POST   /file/fastupload          --> filestore-server-study/service/upload/api.FastUploadUserFile (4 handlers)
[GIN-debug] POST   /file/mpupload/init       --> filestore-server-study/service/upload/api.InitMultipartUpload (4 handlers)
[GIN-debug] POST   /file/mpupload/uppart     --> filestore-server-study/service/upload/api.MultipartUpload (4 handlers)
[GIN-debug] POST   /file/mpupload/complete   --> filestore-server-study/service/upload/api.CompleteMultipartUpload (4 handlers)
[GIN-debug] Listening and serving HTTP on 0.0.0.0:28080
2020-07-30 21:01:20.759768 I | Transport [http] Listening on [::]:35677
2020-07-30 21:01:20.767100 I | Broker [http] Connected to [::]:42223
2020-07-30 21:01:20.769716 I | Registry [consul] Registering node: go.micro.service.upload-34a5b25b-3ab6-490c-a732-1a3727e9a8c3
2020-07-30 21:04:48.110864 I | Registry [consul] Deregistering node: go.micro.service.upload-34a5b25b-3ab6-490c-a732-1a3727e9a8c3
[]
[GIN-debug] [WARNING] Creating an Engine instance with the Logger and Recovery middleware already attached.

[GIN-debug] [WARNING] Running in "debug" mode. Switch to "release" mode in production.
 - using env:	export GIN_MODE=release
 - using code:	gin.SetMode(gin.ReleaseMode)

[GIN-debug] GET    /static/*filepath         --> github.com/gin-gonic/gin.(*RouterGroup).createStaticHandler.func1 (3 handlers)
[GIN-debug] HEAD   /static/*filepath         --> github.com/gin-gonic/gin.(*RouterGroup).createStaticHandler.func1 (3 handlers)
[GIN-debug] POST   /file/upload              --> filestore-server-study/service/upload/api.DoUploadHandler (4 handlers)
[GIN-debug] POST   /file/fastupload          --> filestore-server-study/service/upload/api.FastUploadUserFile (4 handlers)
[GIN-debug] POST   /file/mpupload/init       --> filestore-server-study/service/upload/api.InitMultipartUpload (4 handlers)
[GIN-debug] POST   /file/mpupload/uppart     --> filestore-server-study/service/upload/api.MultipartUpload (4 handlers)
[GIN-debug] POST   /file/mpupload/complete   --> filestore-server-study/service/upload/api.CompleteMultipartUpload (4 handlers)
[GIN-debug] Listening and serving HTTP on 0.0.0.0:28080
2020-07-30 21:05:40.442784 I | Transport [http] Listening on [::]:37043
2020-07-30 21:05:40.450424 I | Broker [http] Connected to [::]:41045
2020-07-30 21:05:40.453446 I | Registry [consul] Registering node: go.micro.service.upload-122bf7af-0d89-4e08-a7e6-b39cad5df9fd
2020-07-30 21:29:35.723516 I | Registry [consul] Deregistering node: go.micro.service.upload-122bf7af-0d89-4e08-a7e6-b39cad5df9fd
[]
[GIN-debug] [WARNING] Creating an Engine instance with the Logger and Recovery middleware already attached.

[GIN-debug] [WARNING] Running in "debug" mode. Switch to "release" mode in production.
 - using env:	export GIN_MODE=release
 - using code:	gin.SetMode(gin.ReleaseMode)

[GIN-debug] GET    /static/*filepath         --> github.com/gin-gonic/gin.(*RouterGroup).createStaticHandler.func1 (3 handlers)
[GIN-debug] HEAD   /static/*filepath         --> github.com/gin-gonic/gin.(*RouterGroup).createStaticHandler.func1 (3 handlers)
[GIN-debug] POST   /file/upload              --> filestore-server-study/service/upload/api.DoUploadHandler (4 handlers)
[GIN-debug] POST   /file/fastupload          --> filestore-server-study/service/upload/api.FastUploadUserFile (4 handlers)
[GIN-debug] POST   /file/mpupload/init       --> filestore-server-study/service/upload/api.InitMultipartUpload (4 handlers)
[GIN-debug] POST   /file/mpupload/uppart     --> filestore-server-study/service/upload/api.MultipartUpload (4 handlers)
[GIN-debug] POST   /file/mpupload/complete   --> filestore-server-study/service/upload/api.CompleteMultipartUpload (4 handlers)
[GIN-debug] Listening and serving HTTP on 0.0.0.0:28080
2020-07-30 22:58:46.415423 I | Transport [http] Listening on [::]:40221
2020-07-30 22:58:46.422997 I | Broker [http] Connected to [::]:36443
2020-07-30 22:58:46.425360 I | Registry [consul] Registering node: go.micro.service.upload-83e0b6b4-405e-43a8-891d-d0142636aad6
true
data already exist, c536e325231ccfb30f3333a9754fa70b84ef1365
[GIN] 2020/07/30 - 22:59:07 | 200 |   67.160737ms |       127.0.0.1 | POST     "/file/upload?username=admin&token=f61cfc4ed884a3e2572f6f2d04839ada5f22c5eb"
2020-07-30 23:04:09.085178 I | Registry [consul] Deregistering node: go.micro.service.upload-83e0b6b4-405e-43a8-891d-d0142636aad6
[]
[GIN-debug] [WARNING] Creating an Engine instance with the Logger and Recovery middleware already attached.

[GIN-debug] [WARNING] Running in "debug" mode. Switch to "release" mode in production.
 - using env:	export GIN_MODE=release
 - using code:	gin.SetMode(gin.ReleaseMode)

[GIN-debug] GET    /static/*filepath         --> github.com/gin-gonic/gin.(*RouterGroup).createStaticHandler.func1 (3 handlers)
[GIN-debug] HEAD   /static/*filepath         --> github.com/gin-gonic/gin.(*RouterGroup).createStaticHandler.func1 (3 handlers)
[GIN-debug] POST   /file/upload              --> filestore-server-study/service/upload/api.DoUploadHandler (4 handlers)
[GIN-debug] POST   /file/fastupload          --> filestore-server-study/service/upload/api.FastUploadUserFile (4 handlers)
[GIN-debug] POST   /file/mpupload/init       --> filestore-server-study/service/upload/api.InitMultipartUpload (4 handlers)
[GIN-debug] POST   /file/mpupload/uppart     --> filestore-server-study/service/upload/api.MultipartUpload (4 handlers)
[GIN-debug] POST   /file/mpupload/complete   --> filestore-server-study/service/upload/api.CompleteMultipartUpload (4 handlers)
[GIN-debug] Listening and serving HTTP on 0.0.0.0:28080
2020-07-30 23:04:25.047141 I | Transport [http] Listening on [::]:36029
2020-07-30 23:04:25.047252 I | Broker [http] Connected to [::]:46097
2020-07-30 23:04:25.048826 I | Registry [consul] Registering node: go.micro.service.upload-7eaebc94-72e2-40a9-9ad0-c6ead0763bbe
true
[GIN] 2020/07/30 - 23:05:45 | 200 |  164.579974ms |       127.0.0.1 | POST     "/file/upload?username=admin&token=f61cfc4ed884a3e2572f6f2d04839ada5f22c5eb"
2020-07-30 23:18:15.528251 I | Registry [consul] Deregistering node: go.micro.service.upload-7eaebc94-72e2-40a9-9ad0-c6ead0763bbe
[]
[GIN-debug] [WARNING] Creating an Engine instance with the Logger and Recovery middleware already attached.

[GIN-debug] [WARNING] Running in "debug" mode. Switch to "release" mode in production.
 - using env:	export GIN_MODE=release
 - using code:	gin.SetMode(gin.ReleaseMode)

[GIN-debug] GET    /static/*filepath         --> github.com/gin-gonic/gin.(*RouterGroup).createStaticHandler.func1 (3 handlers)
[GIN-debug] HEAD   /static/*filepath         --> github.com/gin-gonic/gin.(*RouterGroup).createStaticHandler.func1 (3 handlers)
[GIN-debug] POST   /file/upload              --> filestore-server-study/service/upload/api.DoUploadHandler (4 handlers)
[GIN-debug] POST   /file/fastupload          --> filestore-server-study/service/upload/api.FastUploadUserFile (4 handlers)
[GIN-debug] POST   /file/mpupload/init       --> filestore-server-study/service/upload/api.InitMultipartUpload (4 handlers)
[GIN-debug] POST   /file/mpupload/uppart     --> filestore-server-study/service/upload/api.MultipartUpload (4 handlers)
[GIN-debug] POST   /file/mpupload/complete   --> filestore-server-study/service/upload/api.CompleteMultipartUpload (4 handlers)
[GIN-debug] Listening and serving HTTP on 0.0.0.0:28080
2020-07-30 23:18:28.881133 I | Transport [http] Listening on [::]:36329
2020-07-30 23:18:28.881255 I | Broker [http] Connected to [::]:34211
2020-07-30 23:18:28.898366 I | Registry [consul] Registering node: go.micro.service.upload-036050f6-50d7-4200-89f5-89faa98f3160
2020-07-30 23:18:59.372448 I | Registry [consul] Deregistering node: go.micro.service.upload-036050f6-50d7-4200-89f5-89faa98f3160
[]
[GIN-debug] [WARNING] Creating an Engine instance with the Logger and Recovery middleware already attached.

[GIN-debug] [WARNING] Running in "debug" mode. Switch to "release" mode in production.
 - using env:	export GIN_MODE=release
 - using code:	gin.SetMode(gin.ReleaseMode)

[GIN-debug] GET    /static/*filepath         --> github.com/gin-gonic/gin.(*RouterGroup).createStaticHandler.func1 (3 handlers)
[GIN-debug] HEAD   /static/*filepath         --> github.com/gin-gonic/gin.(*RouterGroup).createStaticHandler.func1 (3 handlers)
[GIN-debug] POST   /file/upload              --> filestore-server-study/service/upload/api.DoUploadHandler (4 handlers)
[GIN-debug] POST   /file/fastupload          --> filestore-server-study/service/upload/api.FastUploadUserFile (4 handlers)
[GIN-debug] POST   /file/mpupload/init       --> filestore-server-study/service/upload/api.InitMultipartUpload (4 handlers)
[GIN-debug] POST   /file/mpupload/uppart     --> filestore-server-study/service/upload/api.MultipartUpload (4 handlers)
[GIN-debug] POST   /file/mpupload/complete   --> filestore-server-study/service/upload/api.CompleteMultipartUpload (4 handlers)
[GIN-debug] Listening and serving HTTP on 0.0.0.0:28080
2020-07-30 23:19:03.654567 I | Transport [http] Listening on [::]:39457
2020-07-30 23:19:03.654634 I | Broker [http] Connected to [::]:41103
2020-07-30 23:19:03.655967 I | Registry [consul] Registering node: go.micro.service.upload-6d6da5de-7404-4db9-8850-b78b213b0555
2020-07-30 23:20:20.341985 I | Registry [consul] Deregistering node: go.micro.service.upload-6d6da5de-7404-4db9-8850-b78b213b0555
[]
[GIN-debug] [WARNING] Creating an Engine instance with the Logger and Recovery middleware already attached.

[GIN-debug] [WARNING] Running in "debug" mode. Switch to "release" mode in production.
 - using env:	export GIN_MODE=release
 - using code:	gin.SetMode(gin.ReleaseMode)

[GIN-debug] GET    /static/*filepath         --> github.com/gin-gonic/gin.(*RouterGroup).createStaticHandler.func1 (3 handlers)
[GIN-debug] HEAD   /static/*filepath         --> github.com/gin-gonic/gin.(*RouterGroup).createStaticHandler.func1 (3 handlers)
[GIN-debug] POST   /file/upload              --> filestore-server-study/service/upload/api.DoUploadHandler (4 handlers)
[GIN-debug] POST   /file/fastupload          --> filestore-server-study/service/upload/api.FastUploadUserFile (4 handlers)
[GIN-debug] POST   /file/mpupload/init       --> filestore-server-study/service/upload/api.InitMultipartUpload (4 handlers)
[GIN-debug] POST   /file/mpupload/uppart     --> filestore-server-study/service/upload/api.MultipartUpload (4 handlers)
[GIN-debug] POST   /file/mpupload/complete   --> filestore-server-study/service/upload/api.CompleteMultipartUpload (4 handlers)
[GIN-debug] Listening and serving HTTP on 0.0.0.0:28080
2020-07-30 23:20:34.534708 I | Transport [http] Listening on [::]:45889
2020-07-30 23:20:34.541893 I | Broker [http] Connected to [::]:35093
2020-07-30 23:20:34.542909 I | Registry [consul] Registering node: go.micro.service.upload-b92e6507-9511-47b7-8f0b-e18104ee74b4
2020-07-30 23:25:20.251450 I | Registry [consul] Deregistering node: go.micro.service.upload-b92e6507-9511-47b7-8f0b-e18104ee74b4
[]
[GIN-debug] [WARNING] Creating an Engine instance with the Logger and Recovery middleware already attached.

[GIN-debug] [WARNING] Running in "debug" mode. Switch to "release" mode in production.
 - using env:	export GIN_MODE=release
 - using code:	gin.SetMode(gin.ReleaseMode)

[GIN-debug] GET    /static/*filepath         --> github.com/gin-gonic/gin.(*RouterGroup).createStaticHandler.func1 (3 handlers)
[GIN-debug] HEAD   /static/*filepath         --> github.com/gin-gonic/gin.(*RouterGroup).createStaticHandler.func1 (3 handlers)
[GIN-debug] POST   /file/upload              --> filestore-server-study/service/upload/api.DoUploadHandler (4 handlers)
[GIN-debug] POST   /file/fastupload          --> filestore-server-study/service/upload/api.FastUploadUserFile (4 handlers)
[GIN-debug] POST   /file/mpupload/init       --> filestore-server-study/service/upload/api.InitMultipartUpload (4 handlers)
[GIN-debug] POST   /file/mpupload/uppart     --> filestore-server-study/service/upload/api.MultipartUpload (4 handlers)
[GIN-debug] POST   /file/mpupload/complete   --> filestore-server-study/service/upload/api.CompleteMultipartUpload (4 handlers)
[GIN-debug] Listening and serving HTTP on 0.0.0.0:28080
2020-07-30 23:25:40.170624 I | Transport [http] Listening on [::]:33459
2020-07-30 23:25:40.188823 I | Broker [http] Connected to [::]:42667
2020-07-30 23:25:40.192192 I | Registry [consul] Registering node: go.micro.service.upload-582415ae-b3f1-47c5-bec1-aa3d082c7faf
2020-07-30 23:31:36.235395 I | Registry [consul] Deregistering node: go.micro.service.upload-582415ae-b3f1-47c5-bec1-aa3d082c7faf
[]
[GIN-debug] [WARNING] Creating an Engine instance with the Logger and Recovery middleware already attached.

[GIN-debug] [WARNING] Running in "debug" mode. Switch to "release" mode in production.
 - using env:	export GIN_MODE=release
 - using code:	gin.SetMode(gin.ReleaseMode)

[GIN-debug] GET    /static/*filepath         --> github.com/gin-gonic/gin.(*RouterGroup).createStaticHandler.func1 (3 handlers)
[GIN-debug] HEAD   /static/*filepath         --> github.com/gin-gonic/gin.(*RouterGroup).createStaticHandler.func1 (3 handlers)
[GIN-debug] POST   /file/upload              --> filestore-server-study/service/upload/api.DoUploadHandler (4 handlers)
[GIN-debug] POST   /file/fastupload          --> filestore-server-study/service/upload/api.FastUploadUserFile (4 handlers)
[GIN-debug] POST   /file/mpupload/init       --> filestore-server-study/service/upload/api.InitMultipartUpload (4 handlers)
[GIN-debug] POST   /file/mpupload/uppart     --> filestore-server-study/service/upload/api.MultipartUpload (4 handlers)
[GIN-debug] POST   /file/mpupload/complete   --> filestore-server-study/service/upload/api.CompleteMultipartUpload (4 handlers)
[GIN-debug] Listening and serving HTTP on 0.0.0.0:28080
2020-07-30 23:31:53.016608 I | Transport [http] Listening on [::]:36715
2020-07-30 23:31:53.035309 I | Broker [http] Connected to [::]:36167
2020-07-30 23:31:53.037099 I | Registry [consul] Registering node: go.micro.service.upload-df17f32f-d9ba-4a73-a6af-dff01c643685
2020-07-30 23:33:22.065034 I | Registry [consul] Deregistering node: go.micro.service.upload-df17f32f-d9ba-4a73-a6af-dff01c643685
[]
[GIN-debug] [WARNING] Creating an Engine instance with the Logger and Recovery middleware already attached.

[GIN-debug] [WARNING] Running in "debug" mode. Switch to "release" mode in production.
 - using env:	export GIN_MODE=release
 - using code:	gin.SetMode(gin.ReleaseMode)

[GIN-debug] GET    /static/*filepath         --> github.com/gin-gonic/gin.(*RouterGroup).createStaticHandler.func1 (3 handlers)
[GIN-debug] HEAD   /static/*filepath         --> github.com/gin-gonic/gin.(*RouterGroup).createStaticHandler.func1 (3 handlers)
[GIN-debug] POST   /file/upload              --> filestore-server-study/service/upload/api.DoUploadHandler (4 handlers)
[GIN-debug] POST   /file/fastupload          --> filestore-server-study/service/upload/api.FastUploadUserFile (4 handlers)
[GIN-debug] POST   /file/mpupload/init       --> filestore-server-study/service/upload/api.InitMultipartUpload (4 handlers)
[GIN-debug] POST   /file/mpupload/uppart     --> filestore-server-study/service/upload/api.MultipartUpload (4 handlers)
[GIN-debug] POST   /file/mpupload/complete   --> filestore-server-study/service/upload/api.CompleteMultipartUpload (4 handlers)
[GIN-debug] Listening and serving HTTP on 0.0.0.0:28080
2020-07-30 23:33:48.924254 I | Transport [http] Listening on [::]:46371
2020-07-30 23:33:48.939744 I | Broker [http] Connected to [::]:44935
2020-07-30 23:33:48.941904 I | Registry [consul] Registering node: go.micro.service.upload-9fb0ab1f-9376-44ac-bde0-91a34fd2454e
2020-07-30 23:47:26.115551 I | Registry [consul] Deregistering node: go.micro.service.upload-9fb0ab1f-9376-44ac-bde0-91a34fd2454e
[]
[GIN-debug] [WARNING] Creating an Engine instance with the Logger and Recovery middleware already attached.

[GIN-debug] [WARNING] Running in "debug" mode. Switch to "release" mode in production.
 - using env:	export GIN_MODE=release
 - using code:	gin.SetMode(gin.ReleaseMode)

[GIN-debug] GET    /static/*filepath         --> github.com/gin-gonic/gin.(*RouterGroup).createStaticHandler.func1 (3 handlers)
[GIN-debug] HEAD   /static/*filepath         --> github.com/gin-gonic/gin.(*RouterGroup).createStaticHandler.func1 (3 handlers)
[GIN-debug] POST   /file/upload              --> filestore-server-study/service/upload/api.DoUploadHandler (4 handlers)
[GIN-debug] POST   /file/fastupload          --> filestore-server-study/service/upload/api.FastUploadUserFile (4 handlers)
[GIN-debug] POST   /file/mpupload/init       --> filestore-server-study/service/upload/api.InitMultipartUpload (4 handlers)
[GIN-debug] POST   /file/mpupload/uppart     --> filestore-server-study/service/upload/api.MultipartUpload (4 handlers)
[GIN-debug] POST   /file/mpupload/complete   --> filestore-server-study/service/upload/api.CompleteMultipartUpload (4 handlers)
[GIN-debug] Listening and serving HTTP on 0.0.0.0:28080
2020-07-30 23:48:17.530134 I | Transport [http] Listening on [::]:37643
2020-07-30 23:48:17.538964 I | Broker [http] Connected to [::]:39581
2020-07-30 23:48:17.544116 I | Registry [consul] Registering node: go.micro.service.upload-3a2aa921-7b1b-4768-bd20-56fce991b29d
true
data already exist, c536e325231ccfb30f3333a9754fa70b84ef1365
[GIN] 2020/07/30 - 23:57:16 | 200 |   43.799444ms |       127.0.0.1 | POST     "/file/upload?username=admin&token=163d7de8ee9648ccbbaebace57c00a865f22ebcd"
2020-07-31 00:22:33.700770 I | Registry [consul] Deregistering node: go.micro.service.upload-3a2aa921-7b1b-4768-bd20-56fce991b29d
[]
[GIN-debug] [WARNING] Creating an Engine instance with the Logger and Recovery middleware already attached.

[GIN-debug] [WARNING] Running in "debug" mode. Switch to "release" mode in production.
 - using env:	export GIN_MODE=release
 - using code:	gin.SetMode(gin.ReleaseMode)

[GIN-debug] GET    /static/*filepath         --> github.com/gin-gonic/gin.(*RouterGroup).createStaticHandler.func1 (3 handlers)
[GIN-debug] HEAD   /static/*filepath         --> github.com/gin-gonic/gin.(*RouterGroup).createStaticHandler.func1 (3 handlers)
[GIN-debug] POST   /file/upload              --> filestore-server-study/service/upload/api.DoUploadHandler (4 handlers)
[GIN-debug] POST   /file/fastupload          --> filestore-server-study/service/upload/api.FastUploadUserFile (4 handlers)
[GIN-debug] POST   /file/mpupload/init       --> filestore-server-study/service/upload/api.InitMultipartUpload (4 handlers)
[GIN-debug] POST   /file/mpupload/uppart     --> filestore-server-study/service/upload/api.MultipartUpload (4 handlers)
[GIN-debug] POST   /file/mpupload/complete   --> filestore-server-study/service/upload/api.CompleteMultipartUpload (4 handlers)
[GIN-debug] Listening and serving HTTP on 0.0.0.0:28080
2020-07-31 00:23:02.049743 I | Transport [http] Listening on [::]:43101
2020-07-31 00:23:02.058390 I | Broker [http] Connected to [::]:32987
2020-07-31 00:23:02.062832 I | Registry [consul] Registering node: go.micro.service.upload-ead06f1d-8c4f-4ea3-b3a2-58efb1b17689
2020-07-31 00:25:28.618009 I | Registry [consul] Deregistering node: go.micro.service.upload-ead06f1d-8c4f-4ea3-b3a2-58efb1b17689
[]
[GIN-debug] [WARNING] Creating an Engine instance with the Logger and Recovery middleware already attached.

[GIN-debug] [WARNING] Running in "debug" mode. Switch to "release" mode in production.
 - using env:	export GIN_MODE=release
 - using code:	gin.SetMode(gin.ReleaseMode)

[GIN-debug] GET    /static/*filepath         --> github.com/gin-gonic/gin.(*RouterGroup).createStaticHandler.func1 (3 handlers)
[GIN-debug] HEAD   /static/*filepath         --> github.com/gin-gonic/gin.(*RouterGroup).createStaticHandler.func1 (3 handlers)
[GIN-debug] POST   /file/upload              --> filestore-server-study/service/upload/api.DoUploadHandler (4 handlers)
[GIN-debug] POST   /file/fastupload          --> filestore-server-study/service/upload/api.FastUploadUserFile (4 handlers)
[GIN-debug] POST   /file/mpupload/init       --> filestore-server-study/service/upload/api.InitMultipartUpload (4 handlers)
[GIN-debug] POST   /file/mpupload/uppart     --> filestore-server-study/service/upload/api.MultipartUpload (4 handlers)
[GIN-debug] POST   /file/mpupload/complete   --> filestore-server-study/service/upload/api.CompleteMultipartUpload (4 handlers)
[GIN-debug] Listening and serving HTTP on 0.0.0.0:28080
2020-07-31 00:25:52.415027 I | Transport [http] Listening on [::]:34429
2020-07-31 00:25:52.471980 I | Broker [http] Connected to [::]:35949
2020-07-31 00:25:52.475687 I | Registry [consul] Registering node: go.micro.service.upload-d250e459-1f6e-42e6-ad0d-f607f15dab7c
2020-07-31 00:27:31.946196 I | Registry [consul] Deregistering node: go.micro.service.upload-d250e459-1f6e-42e6-ad0d-f607f15dab7c
[]
[GIN-debug] [WARNING] Creating an Engine instance with the Logger and Recovery middleware already attached.

[GIN-debug] [WARNING] Running in "debug" mode. Switch to "release" mode in production.
 - using env:	export GIN_MODE=release
 - using code:	gin.SetMode(gin.ReleaseMode)

[GIN-debug] GET    /static/*filepath         --> github.com/gin-gonic/gin.(*RouterGroup).createStaticHandler.func1 (3 handlers)
[GIN-debug] HEAD   /static/*filepath         --> github.com/gin-gonic/gin.(*RouterGroup).createStaticHandler.func1 (3 handlers)
[GIN-debug] POST   /file/upload              --> filestore-server-study/service/upload/api.DoUploadHandler (4 handlers)
[GIN-debug] POST   /file/fastupload          --> filestore-server-study/service/upload/api.FastUploadUserFile (4 handlers)
[GIN-debug] POST   /file/mpupload/init       --> filestore-server-study/service/upload/api.InitMultipartUpload (4 handlers)
[GIN-debug] POST   /file/mpupload/uppart     --> filestore-server-study/service/upload/api.MultipartUpload (4 handlers)
[GIN-debug] POST   /file/mpupload/complete   --> filestore-server-study/service/upload/api.CompleteMultipartUpload (4 handlers)
[GIN-debug] Listening and serving HTTP on 0.0.0.0:28080
2020-07-31 00:27:57.937438 I | Transport [http] Listening on [::]:34513
2020-07-31 00:27:57.944329 I | Broker [http] Connected to [::]:45517
2020-07-31 00:27:57.946339 I | Registry [consul] Registering node: go.micro.service.upload-e2011fb5-950d-40ca-9077-c1a5f47ffa23
2020-07-31 00:29:21.821116 I | Registry [consul] Deregistering node: go.micro.service.upload-e2011fb5-950d-40ca-9077-c1a5f47ffa23
[]
[GIN-debug] [WARNING] Creating an Engine instance with the Logger and Recovery middleware already attached.

[GIN-debug] [WARNING] Running in "debug" mode. Switch to "release" mode in production.
 - using env:	export GIN_MODE=release
 - using code:	gin.SetMode(gin.ReleaseMode)

[GIN-debug] GET    /static/*filepath         --> github.com/gin-gonic/gin.(*RouterGroup).createStaticHandler.func1 (3 handlers)
[GIN-debug] HEAD   /static/*filepath         --> github.com/gin-gonic/gin.(*RouterGroup).createStaticHandler.func1 (3 handlers)
[GIN-debug] POST   /file/upload              --> filestore-server-study/service/upload/api.DoUploadHandler (4 handlers)
[GIN-debug] POST   /file/fastupload          --> filestore-server-study/service/upload/api.FastUploadUserFile (4 handlers)
[GIN-debug] POST   /file/mpupload/init       --> filestore-server-study/service/upload/api.InitMultipartUpload (4 handlers)
[GIN-debug] POST   /file/mpupload/uppart     --> filestore-server-study/service/upload/api.MultipartUpload (4 handlers)
[GIN-debug] POST   /file/mpupload/complete   --> filestore-server-study/service/upload/api.CompleteMultipartUpload (4 handlers)
[GIN-debug] Listening and serving HTTP on 0.0.0.0:28080
2020-07-31 00:29:44.565444 I | Transport [http] Listening on [::]:45071
2020-07-31 00:29:44.565709 I | Broker [http] Connected to [::]:35401
2020-07-31 00:29:44.567651 I | Registry [consul] Registering node: go.micro.service.upload-cd542bff-4019-44bb-94d8-7e468a2f5560
true
data already exist, a64e9fede92c55932ce82d77891f77a1f015a9f1
[GIN] 2020/07/31 - 00:31:37 | 200 |   94.686809ms |       127.0.0.1 | POST     "/file/upload?username=admin&token=e5f440064a27f666e811d74cef9e91145f22f58b"
2020-07-31 00:37:03.676559 I | Registry [consul] Deregistering node: go.micro.service.upload-cd542bff-4019-44bb-94d8-7e468a2f5560
[]
[GIN-debug] [WARNING] Creating an Engine instance with the Logger and Recovery middleware already attached.

[GIN-debug] [WARNING] Running in "debug" mode. Switch to "release" mode in production.
 - using env:	export GIN_MODE=release
 - using code:	gin.SetMode(gin.ReleaseMode)

[GIN-debug] GET    /static/*filepath         --> github.com/gin-gonic/gin.(*RouterGroup).createStaticHandler.func1 (3 handlers)
[GIN-debug] HEAD   /static/*filepath         --> github.com/gin-gonic/gin.(*RouterGroup).createStaticHandler.func1 (3 handlers)
[GIN-debug] POST   /file/upload              --> filestore-server-study/service/upload/api.DoUploadHandler (4 handlers)
[GIN-debug] POST   /file/fastupload          --> filestore-server-study/service/upload/api.FastUploadUserFile (4 handlers)
[GIN-debug] POST   /file/mpupload/init       --> filestore-server-study/service/upload/api.InitMultipartUpload (4 handlers)
[GIN-debug] POST   /file/mpupload/uppart     --> filestore-server-study/service/upload/api.MultipartUpload (4 handlers)
[GIN-debug] POST   /file/mpupload/complete   --> filestore-server-study/service/upload/api.CompleteMultipartUpload (4 handlers)
[GIN-debug] Listening and serving HTTP on 0.0.0.0:28080
2020-07-31 00:37:28.361001 I | Transport [http] Listening on [::]:35261
2020-07-31 00:37:28.368474 I | Broker [http] Connected to [::]:45017
2020-07-31 00:37:28.372680 I | Registry [consul] Registering node: go.micro.service.upload-145fbe08-8360-466b-9914-50d7d8dcde96
2020-07-31 00:41:44.630983 I | Registry [consul] Deregistering node: go.micro.service.upload-145fbe08-8360-466b-9914-50d7d8dcde96
连接失败
ERR Client sent AUTH, but no password is set
<nil>
[GIN-debug] [WARNING] Creating an Engine instance with the Logger and Recovery middleware already attached.

[GIN-debug] [WARNING] Running in "debug" mode. Switch to "release" mode in production.
 - using env:	export GIN_MODE=release
 - using code:	gin.SetMode(gin.ReleaseMode)

[GIN-debug] GET    /static/*filepath         --> github.com/gin-gonic/gin.(*RouterGroup).createStaticHandler.func1 (3 handlers)
[GIN-debug] HEAD   /static/*filepath         --> github.com/gin-gonic/gin.(*RouterGroup).createStaticHandler.func1 (3 handlers)
[GIN-debug] POST   /file/upload              --> filestore-server-study/service/upload/api.DoUploadHandler (4 handlers)
[GIN-debug] POST   /file/fastupload          --> filestore-server-study/service/upload/api.FastUploadUserFile (4 handlers)
[GIN-debug] POST   /file/mpupload/init       --> filestore-server-study/service/upload/api.InitMultipartUpload (4 handlers)
[GIN-debug] POST   /file/mpupload/uppart     --> filestore-server-study/service/upload/api.MultipartUpload (4 handlers)
[GIN-debug] POST   /file/mpupload/complete   --> filestore-server-study/service/upload/api.CompleteMultipartUpload (4 handlers)
[GIN-debug] Listening and serving HTTP on 0.0.0.0:28080
2020-07-31 11:43:40.979110 I | Transport [http] Listening on [::]:41867
2020-07-31 11:43:40.980179 I | Broker [http] Connected to [::]:37185
2020-07-31 11:43:40.984138 I | Registry [consul] Registering node: go.micro.service.upload-19e452c3-e6a5-4f9b-a632-fd375660e569
2020-07-31 11:46:43.316922 I | Registry [consul] Deregistering node: go.micro.service.upload-19e452c3-e6a5-4f9b-a632-fd375660e569
[]
[GIN-debug] [WARNING] Creating an Engine instance with the Logger and Recovery middleware already attached.

[GIN-debug] [WARNING] Running in "debug" mode. Switch to "release" mode in production.
 - using env:	export GIN_MODE=release
 - using code:	gin.SetMode(gin.ReleaseMode)

[GIN-debug] GET    /static/*filepath         --> github.com/gin-gonic/gin.(*RouterGroup).createStaticHandler.func1 (3 handlers)
[GIN-debug] HEAD   /static/*filepath         --> github.com/gin-gonic/gin.(*RouterGroup).createStaticHandler.func1 (3 handlers)
[GIN-debug] POST   /file/upload              --> filestore-server-study/service/upload/api.DoUploadHandler (4 handlers)
[GIN-debug] POST   /file/fastupload          --> filestore-server-study/service/upload/api.FastUploadUserFile (4 handlers)
[GIN-debug] POST   /file/mpupload/init       --> filestore-server-study/service/upload/api.InitMultipartUpload (4 handlers)
[GIN-debug] POST   /file/mpupload/uppart     --> filestore-server-study/service/upload/api.MultipartUpload (4 handlers)
[GIN-debug] POST   /file/mpupload/complete   --> filestore-server-study/service/upload/api.CompleteMultipartUpload (4 handlers)
[GIN-debug] Listening and serving HTTP on 0.0.0.0:28080
2020-07-31 11:46:48.485299 I | Transport [http] Listening on [::]:34179
2020-07-31 11:46:48.485437 I | Broker [http] Connected to [::]:45305
2020-07-31 11:46:48.487891 I | Registry [consul] Registering node: go.micro.service.upload-c72edb0b-35fa-4655-82b0-5b543156ef59
2020-07-31 11:50:47.842237 I | Registry [consul] Deregistering node: go.micro.service.upload-c72edb0b-35fa-4655-82b0-5b543156ef59
[]
[GIN-debug] [WARNING] Creating an Engine instance with the Logger and Recovery middleware already attached.

[GIN-debug] [WARNING] Running in "debug" mode. Switch to "release" mode in production.
 - using env:	export GIN_MODE=release
 - using code:	gin.SetMode(gin.ReleaseMode)

[GIN-debug] GET    /static/*filepath         --> github.com/gin-gonic/gin.(*RouterGroup).createStaticHandler.func1 (3 handlers)
[GIN-debug] HEAD   /static/*filepath         --> github.com/gin-gonic/gin.(*RouterGroup).createStaticHandler.func1 (3 handlers)
[GIN-debug] POST   /file/upload              --> filestore-server-study/service/upload/api.DoUploadHandler (4 handlers)
[GIN-debug] POST   /file/fastupload          --> filestore-server-study/service/upload/api.FastUploadUserFile (4 handlers)
[GIN-debug] POST   /file/mpupload/init       --> filestore-server-study/service/upload/api.InitMultipartUpload (4 handlers)
[GIN-debug] POST   /file/mpupload/uppart     --> filestore-server-study/service/upload/api.MultipartUpload (4 handlers)
[GIN-debug] POST   /file/mpupload/complete   --> filestore-server-study/service/upload/api.CompleteMultipartUpload (4 handlers)
[GIN-debug] Listening and serving HTTP on 0.0.0.0:28080
2020-07-31 11:51:48.947385 I | Transport [http] Listening on [::]:43823
2020-07-31 11:51:48.955098 I | Broker [http] Connected to [::]:46369
2020-07-31 11:51:48.959671 I | Registry [consul] Registering node: go.micro.service.upload-6ba8cf39-ba9f-4a4b-9b6c-c7aa7c91fffc
2020-07-31 11:58:15.690766 I | Registry [consul] Deregistering node: go.micro.service.upload-6ba8cf39-ba9f-4a4b-9b6c-c7aa7c91fffc
[]
[GIN-debug] [WARNING] Creating an Engine instance with the Logger and Recovery middleware already attached.

[GIN-debug] [WARNING] Running in "debug" mode. Switch to "release" mode in production.
 - using env:	export GIN_MODE=release
 - using code:	gin.SetMode(gin.ReleaseMode)

[GIN-debug] GET    /static/*filepath         --> github.com/gin-gonic/gin.(*RouterGroup).createStaticHandler.func1 (3 handlers)
[GIN-debug] HEAD   /static/*filepath         --> github.com/gin-gonic/gin.(*RouterGroup).createStaticHandler.func1 (3 handlers)
[GIN-debug] POST   /file/upload              --> filestore-server-study/service/upload/api.DoUploadHandler (4 handlers)
[GIN-debug] POST   /file/fastupload          --> filestore-server-study/service/upload/api.FastUploadUserFile (4 handlers)
[GIN-debug] POST   /file/mpupload/init       --> filestore-server-study/service/upload/api.InitMultipartUpload (4 handlers)
[GIN-debug] POST   /file/mpupload/uppart     --> filestore-server-study/service/upload/api.MultipartUpload (4 handlers)
[GIN-debug] POST   /file/mpupload/complete   --> filestore-server-study/service/upload/api.CompleteMultipartUpload (4 handlers)
[GIN-debug] Listening and serving HTTP on 0.0.0.0:28080
2020-07-31 13:02:21.852941 I | Transport [http] Listening on [::]:35285
2020-07-31 13:02:21.853317 I | Broker [http] Connected to [::]:37019
2020-07-31 13:02:21.858564 I | Registry [consul] Registering node: go.micro.service.upload-4916d3e3-746b-4478-8c31-261e80012d97
2020-07-31 13:02:34.923032 I | Registry [consul] Deregistering node: go.micro.service.upload-4916d3e3-746b-4478-8c31-261e80012d97
[]
[GIN-debug] [WARNING] Creating an Engine instance with the Logger and Recovery middleware already attached.

[GIN-debug] [WARNING] Running in "debug" mode. Switch to "release" mode in production.
 - using env:	export GIN_MODE=release
 - using code:	gin.SetMode(gin.ReleaseMode)

[GIN-debug] GET    /static/*filepath         --> github.com/gin-gonic/gin.(*RouterGroup).createStaticHandler.func1 (3 handlers)
[GIN-debug] HEAD   /static/*filepath         --> github.com/gin-gonic/gin.(*RouterGroup).createStaticHandler.func1 (3 handlers)
[GIN-debug] POST   /file/upload              --> filestore-server-study/service/upload/api.DoUploadHandler (4 handlers)
[GIN-debug] POST   /file/fastupload          --> filestore-server-study/service/upload/api.FastUploadUserFile (4 handlers)
[GIN-debug] POST   /file/mpupload/init       --> filestore-server-study/service/upload/api.InitMultipartUpload (4 handlers)
[GIN-debug] POST   /file/mpupload/uppart     --> filestore-server-study/service/upload/api.MultipartUpload (4 handlers)
[GIN-debug] POST   /file/mpupload/complete   --> filestore-server-study/service/upload/api.CompleteMultipartUpload (4 handlers)
[GIN-debug] Listening and serving HTTP on 0.0.0.0:28080
2020-07-31 13:14:32.890059 I | Transport [http] Listening on [::]:44719
2020-07-31 13:14:32.897041 I | Broker [http] Connected to [::]:38239
2020-07-31 13:14:32.901017 I | Registry [consul] Registering node: go.micro.service.upload-2bc4c2f1-7035-4609-b455-7d9f53d374e2
true
[GIN] 2020/07/31 - 13:15:12 | 200 |  136.635316ms |       127.0.0.1 | POST     "/file/upload?username=admin&token=d84c00811a6c47d27b293df4c0dc0b545f23958a"
2020-07-31 13:16:56.027015 I | Registry [consul] Deregistering node: go.micro.service.upload-2bc4c2f1-7035-4609-b455-7d9f53d374e2
[]
[GIN-debug] [WARNING] Creating an Engine instance with the Logger and Recovery middleware already attached.

[GIN-debug] [WARNING] Running in "debug" mode. Switch to "release" mode in production.
 - using env:	export GIN_MODE=release
 - using code:	gin.SetMode(gin.ReleaseMode)

[GIN-debug] GET    /static/*filepath         --> github.com/gin-gonic/gin.(*RouterGroup).createStaticHandler.func1 (3 handlers)
[GIN-debug] HEAD   /static/*filepath         --> github.com/gin-gonic/gin.(*RouterGroup).createStaticHandler.func1 (3 handlers)
[GIN-debug] POST   /file/upload              --> filestore-server-study/service/upload/api.DoUploadHandler (4 handlers)
[GIN-debug] POST   /file/fastupload          --> filestore-server-study/service/upload/api.FastUploadUserFile (4 handlers)
[GIN-debug] POST   /file/mpupload/init       --> filestore-server-study/service/upload/api.InitMultipartUpload (4 handlers)
[GIN-debug] POST   /file/mpupload/uppart     --> filestore-server-study/service/upload/api.MultipartUpload (4 handlers)
[GIN-debug] POST   /file/mpupload/complete   --> filestore-server-study/service/upload/api.CompleteMultipartUpload (4 handlers)
[GIN-debug] Listening and serving HTTP on 0.0.0.0:28080
2020-07-31 13:18:05.902620 I | Transport [http] Listening on [::]:33633
2020-07-31 13:18:05.902913 I | Broker [http] Connected to [::]:38495
2020-07-31 13:18:05.910778 I | Registry [consul] Registering node: go.micro.service.upload-5be84030-94ca-439e-a96f-f5a682167082
true
[GIN] 2020/07/31 - 13:18:45 | 200 |  130.446319ms |       127.0.0.1 | POST     "/file/upload?username=admin&token=9f847ee3023930558a94d86efc82d7bf5f23a9ae"
true
[GIN] 2020/07/31 - 13:19:10 | 200 |    41.84836ms |       127.0.0.1 | POST     "/file/upload?username=admin&token=9f847ee3023930558a94d86efc82d7bf5f23a9ae"
2020-07-31 15:00:51.684559 I | Registry [consul] Deregistering node: go.micro.service.upload-5be84030-94ca-439e-a96f-f5a682167082
[]
[GIN-debug] [WARNING] Creating an Engine instance with the Logger and Recovery middleware already attached.

[GIN-debug] [WARNING] Running in "debug" mode. Switch to "release" mode in production.
 - using env:	export GIN_MODE=release
 - using code:	gin.SetMode(gin.ReleaseMode)

[GIN-debug] GET    /static/*filepath         --> github.com/gin-gonic/gin.(*RouterGroup).createStaticHandler.func1 (3 handlers)
[GIN-debug] HEAD   /static/*filepath         --> github.com/gin-gonic/gin.(*RouterGroup).createStaticHandler.func1 (3 handlers)
[GIN-debug] POST   /file/upload              --> filestore-server-study/service/upload/api.DoUploadHandler (4 handlers)
[GIN-debug] POST   /file/fastupload          --> filestore-server-study/service/upload/api.FastUploadUserFile (4 handlers)
[GIN-debug] POST   /file/mpupload/init       --> filestore-server-study/service/upload/api.InitMultipartUpload (4 handlers)
[GIN-debug] POST   /file/mpupload/uppart     --> filestore-server-study/service/upload/api.MultipartUpload (4 handlers)
[GIN-debug] POST   /file/mpupload/complete   --> filestore-server-study/service/upload/api.CompleteMultipartUpload (4 handlers)
[GIN-debug] Listening and serving HTTP on 0.0.0.0:28080
2020-07-31 15:01:39.245385 I | Transport [http] Listening on [::]:46211
2020-07-31 15:01:39.246516 I | Broker [http] Connected to [::]:38545
2020-07-31 15:01:39.250669 I | Registry [consul] Registering node: go.micro.service.upload-2bfa4be6-78ac-47ed-b814-9e0d3623dfa2
2020-07-31 15:04:54.316584 I | Registry [consul] Deregistering node: go.micro.service.upload-2bfa4be6-78ac-47ed-b814-9e0d3623dfa2
[]
[GIN-debug] [WARNING] Creating an Engine instance with the Logger and Recovery middleware already attached.

[GIN-debug] [WARNING] Running in "debug" mode. Switch to "release" mode in production.
 - using env:	export GIN_MODE=release
 - using code:	gin.SetMode(gin.ReleaseMode)

[GIN-debug] GET    /static/*filepath         --> github.com/gin-gonic/gin.(*RouterGroup).createStaticHandler.func1 (3 handlers)
[GIN-debug] HEAD   /static/*filepath         --> github.com/gin-gonic/gin.(*RouterGroup).createStaticHandler.func1 (3 handlers)
[GIN-debug] POST   /file/upload              --> filestore-server-study/service/upload/api.DoUploadHandler (4 handlers)
[GIN-debug] POST   /file/fastupload          --> filestore-server-study/service/upload/api.FastUploadUserFile (4 handlers)
[GIN-debug] POST   /file/mpupload/init       --> filestore-server-study/service/upload/api.InitMultipartUpload (4 handlers)
[GIN-debug] POST   /file/mpupload/uppart     --> filestore-server-study/service/upload/api.MultipartUpload (4 handlers)
[GIN-debug] POST   /file/mpupload/complete   --> filestore-server-study/service/upload/api.CompleteMultipartUpload (4 handlers)
[GIN-debug] Listening and serving HTTP on 0.0.0.0:28080
2020-07-31 15:05:35.383264 I | Transport [http] Listening on [::]:34645
2020-07-31 15:05:35.392330 I | Broker [http] Connected to [::]:40357
2020-07-31 15:05:35.396335 I | Registry [consul] Registering node: go.micro.service.upload-56f6fea8-f4bd-46a0-865b-fa89ce94cbec
2020-07-31 15:12:29.388475 I | Registry [consul] Deregistering node: go.micro.service.upload-56f6fea8-f4bd-46a0-865b-fa89ce94cbec
[]
[GIN-debug] [WARNING] Creating an Engine instance with the Logger and Recovery middleware already attached.

[GIN-debug] [WARNING] Running in "debug" mode. Switch to "release" mode in production.
 - using env:	export GIN_MODE=release
 - using code:	gin.SetMode(gin.ReleaseMode)

[GIN-debug] GET    /static/*filepath         --> github.com/gin-gonic/gin.(*RouterGroup).createStaticHandler.func1 (3 handlers)
[GIN-debug] HEAD   /static/*filepath         --> github.com/gin-gonic/gin.(*RouterGroup).createStaticHandler.func1 (3 handlers)
[GIN-debug] POST   /file/upload              --> filestore-server-study/service/upload/api.DoUploadHandler (4 handlers)
[GIN-debug] POST   /file/fastupload          --> filestore-server-study/service/upload/api.FastUploadUserFile (4 handlers)
[GIN-debug] POST   /file/mpupload/init       --> filestore-server-study/service/upload/api.InitMultipartUpload (4 handlers)
[GIN-debug] POST   /file/mpupload/uppart     --> filestore-server-study/service/upload/api.MultipartUpload (4 handlers)
[GIN-debug] POST   /file/mpupload/complete   --> filestore-server-study/service/upload/api.CompleteMultipartUpload (4 handlers)
[GIN-debug] Listening and serving HTTP on 0.0.0.0:28080
2020-07-31 15:13:09.833232 I | Transport [http] Listening on [::]:43629
2020-07-31 15:13:09.834284 I | Broker [http] Connected to [::]:45251
2020-07-31 15:13:09.836606 I | Registry [consul] Registering node: go.micro.service.upload-bcb19d4c-aeb5-45fc-8a3a-7ddbbcf02aae
2020-07-31 15:14:59.937055 I | Registry [consul] Deregistering node: go.micro.service.upload-bcb19d4c-aeb5-45fc-8a3a-7ddbbcf02aae
[]
[GIN-debug] [WARNING] Creating an Engine instance with the Logger and Recovery middleware already attached.

[GIN-debug] [WARNING] Running in "debug" mode. Switch to "release" mode in production.
 - using env:	export GIN_MODE=release
 - using code:	gin.SetMode(gin.ReleaseMode)

[GIN-debug] GET    /static/*filepath         --> github.com/gin-gonic/gin.(*RouterGroup).createStaticHandler.func1 (3 handlers)
[GIN-debug] HEAD   /static/*filepath         --> github.com/gin-gonic/gin.(*RouterGroup).createStaticHandler.func1 (3 handlers)
[GIN-debug] POST   /file/upload              --> filestore-server-study/service/upload/api.DoUploadHandler (4 handlers)
[GIN-debug] POST   /file/fastupload          --> filestore-server-study/service/upload/api.FastUploadUserFile (4 handlers)
[GIN-debug] POST   /file/mpupload/init       --> filestore-server-study/service/upload/api.InitMultipartUpload (4 handlers)
[GIN-debug] POST   /file/mpupload/uppart     --> filestore-server-study/service/upload/api.MultipartUpload (4 handlers)
[GIN-debug] POST   /file/mpupload/complete   --> filestore-server-study/service/upload/api.CompleteMultipartUpload (4 handlers)
[GIN-debug] Listening and serving HTTP on 0.0.0.0:28080
2020-07-31 15:16:01.764718 I | Transport [http] Listening on [::]:35131
2020-07-31 15:16:01.770507 I | Broker [http] Connected to [::]:41701
2020-07-31 15:16:01.775403 I | Registry [consul] Registering node: go.micro.service.upload-69b1eac2-420c-4378-91c1-5c77fac097c9
2020-07-31 15:22:32.565787 I | Registry [consul] Deregistering node: go.micro.service.upload-69b1eac2-420c-4378-91c1-5c77fac097c9
[]
[GIN-debug] [WARNING] Creating an Engine instance with the Logger and Recovery middleware already attached.

[GIN-debug] [WARNING] Running in "debug" mode. Switch to "release" mode in production.
 - using env:	export GIN_MODE=release
 - using code:	gin.SetMode(gin.ReleaseMode)

[GIN-debug] GET    /static/*filepath         --> github.com/gin-gonic/gin.(*RouterGroup).createStaticHandler.func1 (3 handlers)
[GIN-debug] HEAD   /static/*filepath         --> github.com/gin-gonic/gin.(*RouterGroup).createStaticHandler.func1 (3 handlers)
[GIN-debug] POST   /file/upload              --> filestore-server-study/service/upload/api.DoUploadHandler (4 handlers)
[GIN-debug] POST   /file/fastupload          --> filestore-server-study/service/upload/api.FastUploadUserFile (4 handlers)
[GIN-debug] POST   /file/mpupload/init       --> filestore-server-study/service/upload/api.InitMultipartUpload (4 handlers)
[GIN-debug] POST   /file/mpupload/uppart     --> filestore-server-study/service/upload/api.MultipartUpload (4 handlers)
[GIN-debug] POST   /file/mpupload/complete   --> filestore-server-study/service/upload/api.CompleteMultipartUpload (4 handlers)
[GIN-debug] Listening and serving HTTP on 0.0.0.0:28080
2020-07-31 15:23:10.933470 I | Transport [http] Listening on [::]:45339
2020-07-31 15:23:10.940990 I | Broker [http] Connected to [::]:36085
2020-07-31 15:23:10.945219 I | Registry [consul] Registering node: go.micro.service.upload-3d866866-726a-41a2-8d3f-4dd9947dac14
2020-07-31 15:24:41.235744 I | Registry [consul] Deregistering node: go.micro.service.upload-3d866866-726a-41a2-8d3f-4dd9947dac14
[]
[GIN-debug] [WARNING] Creating an Engine instance with the Logger and Recovery middleware already attached.

[GIN-debug] [WARNING] Running in "debug" mode. Switch to "release" mode in production.
 - using env:	export GIN_MODE=release
 - using code:	gin.SetMode(gin.ReleaseMode)

[GIN-debug] GET    /static/*filepath         --> github.com/gin-gonic/gin.(*RouterGroup).createStaticHandler.func1 (3 handlers)
[GIN-debug] HEAD   /static/*filepath         --> github.com/gin-gonic/gin.(*RouterGroup).createStaticHandler.func1 (3 handlers)
[GIN-debug] POST   /file/upload              --> filestore-server-study/service/upload/api.DoUploadHandler (4 handlers)
[GIN-debug] POST   /file/fastupload          --> filestore-server-study/service/upload/api.FastUploadUserFile (4 handlers)
[GIN-debug] POST   /file/mpupload/init       --> filestore-server-study/service/upload/api.InitMultipartUpload (4 handlers)
[GIN-debug] POST   /file/mpupload/uppart     --> filestore-server-study/service/upload/api.MultipartUpload (4 handlers)
[GIN-debug] POST   /file/mpupload/complete   --> filestore-server-study/service/upload/api.CompleteMultipartUpload (4 handlers)
[GIN-debug] Listening and serving HTTP on 0.0.0.0:28080
2020-07-31 15:25:39.283255 I | Transport [http] Listening on [::]:35937
2020-07-31 15:25:39.284648 I | Broker [http] Connected to [::]:35361
2020-07-31 15:25:39.288024 I | Registry [consul] Registering node: go.micro.service.upload-1c89972b-da28-4dce-8ea6-3be87ec16ed9
2020-07-31 15:31:09.203513 I | Registry [consul] Deregistering node: go.micro.service.upload-1c89972b-da28-4dce-8ea6-3be87ec16ed9
[]
[GIN-debug] [WARNING] Creating an Engine instance with the Logger and Recovery middleware already attached.

[GIN-debug] [WARNING] Running in "debug" mode. Switch to "release" mode in production.
 - using env:	export GIN_MODE=release
 - using code:	gin.SetMode(gin.ReleaseMode)

[GIN-debug] GET    /static/*filepath         --> github.com/gin-gonic/gin.(*RouterGroup).createStaticHandler.func1 (3 handlers)
[GIN-debug] HEAD   /static/*filepath         --> github.com/gin-gonic/gin.(*RouterGroup).createStaticHandler.func1 (3 handlers)
[GIN-debug] POST   /file/upload              --> filestore-server-study/service/upload/api.DoUploadHandler (4 handlers)
[GIN-debug] POST   /file/fastupload          --> filestore-server-study/service/upload/api.FastUploadUserFile (4 handlers)
[GIN-debug] POST   /file/mpupload/init       --> filestore-server-study/service/upload/api.InitMultipartUpload (4 handlers)
[GIN-debug] POST   /file/mpupload/uppart     --> filestore-server-study/service/upload/api.MultipartUpload (4 handlers)
[GIN-debug] POST   /file/mpupload/complete   --> filestore-server-study/service/upload/api.CompleteMultipartUpload (4 handlers)
[GIN-debug] Listening and serving HTTP on 0.0.0.0:28080
2020-07-31 15:31:51.183603 I | Transport [http] Listening on [::]:45589
2020-07-31 15:31:51.191261 I | Broker [http] Connected to [::]:41815
2020-07-31 15:31:51.194705 I | Registry [consul] Registering node: go.micro.service.upload-4d1a8217-5587-47f3-b9cf-7271611f43ba
2020-07-31 16:35:18.975277 I | Registry [consul] Deregistering node: go.micro.service.upload-4d1a8217-5587-47f3-b9cf-7271611f43ba
[]
[GIN-debug] [WARNING] Creating an Engine instance with the Logger and Recovery middleware already attached.

[GIN-debug] [WARNING] Running in "debug" mode. Switch to "release" mode in production.
 - using env:	export GIN_MODE=release
 - using code:	gin.SetMode(gin.ReleaseMode)

[GIN-debug] GET    /static/*filepath         --> github.com/gin-gonic/gin.(*RouterGroup).createStaticHandler.func1 (3 handlers)
[GIN-debug] HEAD   /static/*filepath         --> github.com/gin-gonic/gin.(*RouterGroup).createStaticHandler.func1 (3 handlers)
[GIN-debug] POST   /file/upload              --> filestore-server-study/service/upload/api.DoUploadHandler (4 handlers)
[GIN-debug] POST   /file/fastupload          --> filestore-server-study/service/upload/api.FastUploadUserFile (4 handlers)
[GIN-debug] POST   /file/mpupload/init       --> filestore-server-study/service/upload/api.InitMultipartUpload (4 handlers)
[GIN-debug] POST   /file/mpupload/uppart     --> filestore-server-study/service/upload/api.MultipartUpload (4 handlers)
[GIN-debug] POST   /file/mpupload/complete   --> filestore-server-study/service/upload/api.CompleteMultipartUpload (4 handlers)
[GIN-debug] Listening and serving HTTP on 0.0.0.0:28080
2020-07-31 16:37:09.599122 I | Transport [http] Listening on [::]:35027
2020-07-31 16:37:09.604860 I | Broker [http] Connected to [::]:38693
2020-07-31 16:37:09.611620 I | Registry [consul] Registering node: go.micro.service.upload-9d9fec9c-de25-4025-b3f2-a2fefcd21e20
2020-07-31 16:40:20.392412 I | Registry [consul] Deregistering node: go.micro.service.upload-9d9fec9c-de25-4025-b3f2-a2fefcd21e20
[]
[GIN-debug] [WARNING] Creating an Engine instance with the Logger and Recovery middleware already attached.

[GIN-debug] [WARNING] Running in "debug" mode. Switch to "release" mode in production.
 - using env:	export GIN_MODE=release
 - using code:	gin.SetMode(gin.ReleaseMode)

[GIN-debug] GET    /static/*filepath         --> github.com/gin-gonic/gin.(*RouterGroup).createStaticHandler.func1 (3 handlers)
[GIN-debug] HEAD   /static/*filepath         --> github.com/gin-gonic/gin.(*RouterGroup).createStaticHandler.func1 (3 handlers)
[GIN-debug] POST   /file/upload              --> filestore-server-study/service/upload/api.DoUploadHandler (4 handlers)
[GIN-debug] POST   /file/fastupload          --> filestore-server-study/service/upload/api.FastUploadUserFile (4 handlers)
[GIN-debug] POST   /file/mpupload/init       --> filestore-server-study/service/upload/api.InitMultipartUpload (4 handlers)
[GIN-debug] POST   /file/mpupload/uppart     --> filestore-server-study/service/upload/api.MultipartUpload (4 handlers)
[GIN-debug] POST   /file/mpupload/complete   --> filestore-server-study/service/upload/api.CompleteMultipartUpload (4 handlers)
[GIN-debug] Listening and serving HTTP on 0.0.0.0:28080
2020-07-31 16:40:44.317836 I | Transport [http] Listening on [::]:34245
2020-07-31 16:40:44.319651 I | Broker [http] Connected to [::]:33231
2020-07-31 16:40:44.326866 I | Registry [consul] Registering node: go.micro.service.upload-0938bbee-1421-4ea3-9d82-543a40b99991
true
data already exist, c536e325231ccfb30f3333a9754fa70b84ef1365
[GIN] 2020/07/31 - 16:57:57 | 200 |   70.169233ms |       127.0.0.1 | POST     "/file/upload?username=admin2&token=0e086e31db77bb63fdbf2d290ef4d98c5f23dd0e"
2020-07-31 16:58:30.145037 I | Registry [consul] Deregistering node: go.micro.service.upload-0938bbee-1421-4ea3-9d82-543a40b99991
